{"C:\\Users\\Acer\\Desktop\\apis\\es6 joseph brand\\src\\Test\\Test.js":{"path":"C:\\Users\\Acer\\Desktop\\apis\\es6 joseph brand\\src\\Test\\Test.js","statementMap":{"0":{"start":{"line":3,"column":12},"end":{"line":3,"column":51}},"1":{"start":{"line":4,"column":16},"end":{"line":4,"column":60}},"2":{"start":{"line":5,"column":11},"end":{"line":5,"column":55}},"3":{"start":{"line":6,"column":39},"end":{"line":6,"column":95}},"4":{"start":{"line":7,"column":0},"end":{"line":7,"column":26}},"5":{"start":{"line":8,"column":0},"end":{"line":8,"column":43}},"6":{"start":{"line":9,"column":0},"end":{"line":256,"column":3}},"7":{"start":{"line":11,"column":2},"end":{"line":34,"column":5}},"8":{"start":{"line":12,"column":16},"end":{"line":21,"column":6}},"9":{"start":{"line":22,"column":4},"end":{"line":27,"column":7}},"10":{"start":{"line":23,"column":6},"end":{"line":26,"column":9}},"11":{"start":{"line":24,"column":8},"end":{"line":24,"column":41}},"12":{"start":{"line":25,"column":8},"end":{"line":25,"column":15}},"13":{"start":{"line":28,"column":4},"end":{"line":33,"column":7}},"14":{"start":{"line":29,"column":6},"end":{"line":32,"column":9}},"15":{"start":{"line":30,"column":8},"end":{"line":30,"column":41}},"16":{"start":{"line":31,"column":8},"end":{"line":31,"column":15}},"17":{"start":{"line":37,"column":2},"end":{"line":51,"column":5}},"18":{"start":{"line":38,"column":4},"end":{"line":44,"column":7}},"19":{"start":{"line":39,"column":6},"end":{"line":42,"column":9}},"20":{"start":{"line":40,"column":8},"end":{"line":40,"column":41}},"21":{"start":{"line":41,"column":8},"end":{"line":41,"column":54}},"22":{"start":{"line":43,"column":6},"end":{"line":43,"column":13}},"23":{"start":{"line":45,"column":4},"end":{"line":50,"column":7}},"24":{"start":{"line":46,"column":6},"end":{"line":48,"column":9}},"25":{"start":{"line":47,"column":8},"end":{"line":47,"column":54}},"26":{"start":{"line":49,"column":6},"end":{"line":49,"column":13}},"27":{"start":{"line":53,"column":2},"end":{"line":67,"column":5}},"28":{"start":{"line":54,"column":17},"end":{"line":54,"column":43}},"29":{"start":{"line":55,"column":4},"end":{"line":60,"column":7}},"30":{"start":{"line":56,"column":6},"end":{"line":58,"column":9}},"31":{"start":{"line":57,"column":8},"end":{"line":57,"column":41}},"32":{"start":{"line":59,"column":6},"end":{"line":59,"column":13}},"33":{"start":{"line":61,"column":4},"end":{"line":66,"column":7}},"34":{"start":{"line":62,"column":6},"end":{"line":64,"column":9}},"35":{"start":{"line":63,"column":8},"end":{"line":63,"column":49}},"36":{"start":{"line":65,"column":6},"end":{"line":65,"column":13}},"37":{"start":{"line":69,"column":2},"end":{"line":85,"column":5}},"38":{"start":{"line":70,"column":17},"end":{"line":70,"column":43}},"39":{"start":{"line":71,"column":16},"end":{"line":71,"column":189}},"40":{"start":{"line":72,"column":18},"end":{"line":72,"column":42}},"41":{"start":{"line":73,"column":4},"end":{"line":78,"column":7}},"42":{"start":{"line":74,"column":6},"end":{"line":76,"column":9}},"43":{"start":{"line":75,"column":8},"end":{"line":75,"column":41}},"44":{"start":{"line":77,"column":6},"end":{"line":77,"column":13}},"45":{"start":{"line":79,"column":4},"end":{"line":84,"column":7}},"46":{"start":{"line":80,"column":6},"end":{"line":82,"column":9}},"47":{"start":{"line":81,"column":8},"end":{"line":81,"column":49}},"48":{"start":{"line":83,"column":6},"end":{"line":83,"column":13}},"49":{"start":{"line":88,"column":2},"end":{"line":103,"column":5}},"50":{"start":{"line":89,"column":17},"end":{"line":89,"column":43}},"51":{"start":{"line":90,"column":18},"end":{"line":90,"column":42}},"52":{"start":{"line":91,"column":4},"end":{"line":96,"column":7}},"53":{"start":{"line":92,"column":6},"end":{"line":94,"column":9}},"54":{"start":{"line":93,"column":8},"end":{"line":93,"column":41}},"55":{"start":{"line":95,"column":6},"end":{"line":95,"column":13}},"56":{"start":{"line":97,"column":4},"end":{"line":102,"column":7}},"57":{"start":{"line":98,"column":6},"end":{"line":100,"column":9}},"58":{"start":{"line":99,"column":8},"end":{"line":99,"column":49}},"59":{"start":{"line":101,"column":6},"end":{"line":101,"column":13}},"60":{"start":{"line":106,"column":2},"end":{"line":123,"column":5}},"61":{"start":{"line":107,"column":16},"end":{"line":107,"column":189}},"62":{"start":{"line":108,"column":4},"end":{"line":114,"column":7}},"63":{"start":{"line":109,"column":6},"end":{"line":112,"column":9}},"64":{"start":{"line":110,"column":8},"end":{"line":110,"column":41}},"65":{"start":{"line":111,"column":8},"end":{"line":111,"column":68}},"66":{"start":{"line":113,"column":6},"end":{"line":113,"column":13}},"67":{"start":{"line":115,"column":4},"end":{"line":122,"column":7}},"68":{"start":{"line":116,"column":6},"end":{"line":119,"column":9}},"69":{"start":{"line":117,"column":8},"end":{"line":117,"column":41}},"70":{"start":{"line":121,"column":6},"end":{"line":121,"column":13}},"71":{"start":{"line":125,"column":2},"end":{"line":134,"column":5}},"72":{"start":{"line":126,"column":16},"end":{"line":126,"column":189}},"73":{"start":{"line":127,"column":4},"end":{"line":133,"column":7}},"74":{"start":{"line":128,"column":6},"end":{"line":131,"column":9}},"75":{"start":{"line":129,"column":8},"end":{"line":129,"column":41}},"76":{"start":{"line":130,"column":8},"end":{"line":130,"column":68}},"77":{"start":{"line":132,"column":6},"end":{"line":132,"column":13}},"78":{"start":{"line":136,"column":2},"end":{"line":147,"column":5}},"79":{"start":{"line":137,"column":15},"end":{"line":141,"column":5}},"80":{"start":{"line":142,"column":4},"end":{"line":146,"column":7}},"81":{"start":{"line":143,"column":6},"end":{"line":145,"column":9}},"82":{"start":{"line":144,"column":8},"end":{"line":144,"column":41}},"83":{"start":{"line":149,"column":2},"end":{"line":155,"column":5}},"84":{"start":{"line":150,"column":4},"end":{"line":154,"column":7}},"85":{"start":{"line":151,"column":6},"end":{"line":153,"column":9}},"86":{"start":{"line":152,"column":8},"end":{"line":152,"column":41}},"87":{"start":{"line":160,"column":2},"end":{"line":181,"column":5}},"88":{"start":{"line":161,"column":17},"end":{"line":161,"column":24}},"89":{"start":{"line":162,"column":19},"end":{"line":162,"column":21}},"90":{"start":{"line":163,"column":4},"end":{"line":173,"column":7}},"91":{"start":{"line":164,"column":6},"end":{"line":172,"column":9}},"92":{"start":{"line":170,"column":8},"end":{"line":170,"column":37}},"93":{"start":{"line":171,"column":8},"end":{"line":171,"column":15}},"94":{"start":{"line":174,"column":4},"end":{"line":180,"column":7}},"95":{"start":{"line":175,"column":6},"end":{"line":179,"column":9}},"96":{"start":{"line":176,"column":8},"end":{"line":176,"column":41}},"97":{"start":{"line":177,"column":8},"end":{"line":177,"column":68}},"98":{"start":{"line":178,"column":8},"end":{"line":178,"column":15}},"99":{"start":{"line":184,"column":2},"end":{"line":204,"column":5}},"100":{"start":{"line":185,"column":17},"end":{"line":185,"column":24}},"101":{"start":{"line":186,"column":19},"end":{"line":186,"column":21}},"102":{"start":{"line":187,"column":4},"end":{"line":196,"column":7}},"103":{"start":{"line":188,"column":6},"end":{"line":195,"column":9}},"104":{"start":{"line":193,"column":8},"end":{"line":193,"column":37}},"105":{"start":{"line":194,"column":8},"end":{"line":194,"column":15}},"106":{"start":{"line":197,"column":4},"end":{"line":203,"column":7}},"107":{"start":{"line":198,"column":6},"end":{"line":202,"column":9}},"108":{"start":{"line":199,"column":8},"end":{"line":199,"column":41}},"109":{"start":{"line":200,"column":8},"end":{"line":200,"column":54}},"110":{"start":{"line":201,"column":8},"end":{"line":201,"column":15}},"111":{"start":{"line":207,"column":2},"end":{"line":231,"column":5}},"112":{"start":{"line":208,"column":17},"end":{"line":208,"column":24}},"113":{"start":{"line":209,"column":19},"end":{"line":209,"column":21}},"114":{"start":{"line":210,"column":4},"end":{"line":219,"column":7}},"115":{"start":{"line":211,"column":6},"end":{"line":218,"column":9}},"116":{"start":{"line":216,"column":8},"end":{"line":216,"column":37}},"117":{"start":{"line":217,"column":8},"end":{"line":217,"column":15}},"118":{"start":{"line":220,"column":4},"end":{"line":230,"column":7}},"119":{"start":{"line":221,"column":24},"end":{"line":223,"column":7}},"120":{"start":{"line":224,"column":19},"end":{"line":224,"column":45}},"121":{"start":{"line":225,"column":6},"end":{"line":229,"column":9}},"122":{"start":{"line":226,"column":8},"end":{"line":226,"column":41}},"123":{"start":{"line":227,"column":8},"end":{"line":227,"column":64}},"124":{"start":{"line":228,"column":8},"end":{"line":228,"column":15}},"125":{"start":{"line":234,"column":2},"end":{"line":255,"column":5}},"126":{"start":{"line":235,"column":17},"end":{"line":235,"column":24}},"127":{"start":{"line":236,"column":19},"end":{"line":236,"column":21}},"128":{"start":{"line":237,"column":4},"end":{"line":246,"column":7}},"129":{"start":{"line":238,"column":6},"end":{"line":245,"column":9}},"130":{"start":{"line":243,"column":8},"end":{"line":243,"column":37}},"131":{"start":{"line":244,"column":8},"end":{"line":244,"column":15}},"132":{"start":{"line":247,"column":4},"end":{"line":254,"column":7}},"133":{"start":{"line":248,"column":19},"end":{"line":248,"column":45}},"134":{"start":{"line":249,"column":6},"end":{"line":253,"column":9}},"135":{"start":{"line":250,"column":8},"end":{"line":250,"column":41}},"136":{"start":{"line":251,"column":8},"end":{"line":251,"column":56}},"137":{"start":{"line":252,"column":8},"end":{"line":252,"column":15}}},"fnMap":{"0":{"name":"_interopRequireDefault","decl":{"start":{"line":6,"column":9},"end":{"line":6,"column":31}},"loc":{"start":{"line":6,"column":37},"end":{"line":6,"column":97}},"line":6},"1":{"name":"(anonymous_1)","decl":{"start":{"line":9,"column":22},"end":{"line":9,"column":23}},"loc":{"start":{"line":9,"column":34},"end":{"line":256,"column":1}},"line":9},"2":{"name":"(anonymous_2)","decl":{"start":{"line":11,"column":39},"end":{"line":11,"column":40}},"loc":{"start":{"line":11,"column":51},"end":{"line":34,"column":3}},"line":11},"3":{"name":"(anonymous_3)","decl":{"start":{"line":22,"column":34},"end":{"line":22,"column":35}},"loc":{"start":{"line":22,"column":50},"end":{"line":27,"column":5}},"line":22},"4":{"name":"(anonymous_4)","decl":{"start":{"line":23,"column":82},"end":{"line":23,"column":83}},"loc":{"start":{"line":23,"column":107},"end":{"line":26,"column":7}},"line":23},"5":{"name":"(anonymous_5)","decl":{"start":{"line":28,"column":52},"end":{"line":28,"column":53}},"loc":{"start":{"line":28,"column":68},"end":{"line":33,"column":5}},"line":28},"6":{"name":"(anonymous_6)","decl":{"start":{"line":29,"column":82},"end":{"line":29,"column":83}},"loc":{"start":{"line":29,"column":107},"end":{"line":32,"column":7}},"line":29},"7":{"name":"(anonymous_7)","decl":{"start":{"line":37,"column":25},"end":{"line":37,"column":26}},"loc":{"start":{"line":37,"column":37},"end":{"line":51,"column":3}},"line":37},"8":{"name":"(anonymous_8)","decl":{"start":{"line":38,"column":35},"end":{"line":38,"column":36}},"loc":{"start":{"line":38,"column":51},"end":{"line":44,"column":5}},"line":38},"9":{"name":"(anonymous_9)","decl":{"start":{"line":39,"column":66},"end":{"line":39,"column":67}},"loc":{"start":{"line":39,"column":91},"end":{"line":42,"column":7}},"line":39},"10":{"name":"(anonymous_10)","decl":{"start":{"line":45,"column":53},"end":{"line":45,"column":54}},"loc":{"start":{"line":45,"column":69},"end":{"line":50,"column":5}},"line":45},"11":{"name":"(anonymous_11)","decl":{"start":{"line":46,"column":66},"end":{"line":46,"column":67}},"loc":{"start":{"line":46,"column":91},"end":{"line":48,"column":7}},"line":46},"12":{"name":"(anonymous_12)","decl":{"start":{"line":53,"column":29},"end":{"line":53,"column":30}},"loc":{"start":{"line":53,"column":41},"end":{"line":67,"column":3}},"line":53},"13":{"name":"(anonymous_13)","decl":{"start":{"line":55,"column":43},"end":{"line":55,"column":44}},"loc":{"start":{"line":55,"column":59},"end":{"line":60,"column":5}},"line":55},"14":{"name":"(anonymous_14)","decl":{"start":{"line":56,"column":76},"end":{"line":56,"column":77}},"loc":{"start":{"line":56,"column":101},"end":{"line":58,"column":7}},"line":56},"15":{"name":"(anonymous_15)","decl":{"start":{"line":61,"column":49},"end":{"line":61,"column":50}},"loc":{"start":{"line":61,"column":65},"end":{"line":66,"column":5}},"line":61},"16":{"name":"(anonymous_16)","decl":{"start":{"line":62,"column":76},"end":{"line":62,"column":77}},"loc":{"start":{"line":62,"column":101},"end":{"line":64,"column":7}},"line":62},"17":{"name":"(anonymous_17)","decl":{"start":{"line":69,"column":38},"end":{"line":69,"column":39}},"loc":{"start":{"line":69,"column":50},"end":{"line":85,"column":3}},"line":69},"18":{"name":"(anonymous_18)","decl":{"start":{"line":73,"column":50},"end":{"line":73,"column":51}},"loc":{"start":{"line":73,"column":66},"end":{"line":78,"column":5}},"line":73},"19":{"name":"(anonymous_19)","decl":{"start":{"line":74,"column":104},"end":{"line":74,"column":105}},"loc":{"start":{"line":74,"column":129},"end":{"line":76,"column":7}},"line":74},"20":{"name":"(anonymous_20)","decl":{"start":{"line":79,"column":37},"end":{"line":79,"column":38}},"loc":{"start":{"line":79,"column":53},"end":{"line":84,"column":5}},"line":79},"21":{"name":"(anonymous_21)","decl":{"start":{"line":80,"column":76},"end":{"line":80,"column":77}},"loc":{"start":{"line":80,"column":101},"end":{"line":82,"column":7}},"line":80},"22":{"name":"(anonymous_22)","decl":{"start":{"line":88,"column":35},"end":{"line":88,"column":36}},"loc":{"start":{"line":88,"column":47},"end":{"line":103,"column":3}},"line":88},"23":{"name":"(anonymous_23)","decl":{"start":{"line":91,"column":43},"end":{"line":91,"column":44}},"loc":{"start":{"line":91,"column":59},"end":{"line":96,"column":5}},"line":91},"24":{"name":"(anonymous_24)","decl":{"start":{"line":92,"column":101},"end":{"line":92,"column":102}},"loc":{"start":{"line":92,"column":126},"end":{"line":94,"column":7}},"line":92},"25":{"name":"(anonymous_25)","decl":{"start":{"line":97,"column":49},"end":{"line":97,"column":50}},"loc":{"start":{"line":97,"column":65},"end":{"line":102,"column":5}},"line":97},"26":{"name":"(anonymous_26)","decl":{"start":{"line":98,"column":76},"end":{"line":98,"column":77}},"loc":{"start":{"line":98,"column":101},"end":{"line":100,"column":7}},"line":98},"27":{"name":"(anonymous_27)","decl":{"start":{"line":106,"column":34},"end":{"line":106,"column":35}},"loc":{"start":{"line":106,"column":46},"end":{"line":123,"column":3}},"line":106},"28":{"name":"(anonymous_28)","decl":{"start":{"line":108,"column":64},"end":{"line":108,"column":65}},"loc":{"start":{"line":108,"column":80},"end":{"line":114,"column":5}},"line":108},"29":{"name":"(anonymous_29)","decl":{"start":{"line":109,"column":75},"end":{"line":109,"column":76}},"loc":{"start":{"line":109,"column":100},"end":{"line":112,"column":7}},"line":109},"30":{"name":"(anonymous_30)","decl":{"start":{"line":115,"column":64},"end":{"line":115,"column":65}},"loc":{"start":{"line":115,"column":80},"end":{"line":122,"column":5}},"line":115},"31":{"name":"(anonymous_31)","decl":{"start":{"line":116,"column":95},"end":{"line":116,"column":96}},"loc":{"start":{"line":116,"column":120},"end":{"line":119,"column":7}},"line":116},"32":{"name":"(anonymous_32)","decl":{"start":{"line":125,"column":31},"end":{"line":125,"column":32}},"loc":{"start":{"line":125,"column":43},"end":{"line":134,"column":3}},"line":125},"33":{"name":"(anonymous_33)","decl":{"start":{"line":127,"column":46},"end":{"line":127,"column":47}},"loc":{"start":{"line":127,"column":62},"end":{"line":133,"column":5}},"line":127},"34":{"name":"(anonymous_34)","decl":{"start":{"line":128,"column":72},"end":{"line":128,"column":73}},"loc":{"start":{"line":128,"column":97},"end":{"line":131,"column":7}},"line":128},"35":{"name":"(anonymous_35)","decl":{"start":{"line":136,"column":31},"end":{"line":136,"column":32}},"loc":{"start":{"line":136,"column":43},"end":{"line":147,"column":3}},"line":136},"36":{"name":"(anonymous_36)","decl":{"start":{"line":142,"column":47},"end":{"line":142,"column":48}},"loc":{"start":{"line":142,"column":59},"end":{"line":146,"column":5}},"line":142},"37":{"name":"(anonymous_37)","decl":{"start":{"line":143,"column":84},"end":{"line":143,"column":85}},"loc":{"start":{"line":143,"column":109},"end":{"line":145,"column":7}},"line":143},"38":{"name":"(anonymous_38)","decl":{"start":{"line":149,"column":37},"end":{"line":149,"column":38}},"loc":{"start":{"line":149,"column":49},"end":{"line":155,"column":3}},"line":149},"39":{"name":"(anonymous_39)","decl":{"start":{"line":150,"column":47},"end":{"line":150,"column":48}},"loc":{"start":{"line":150,"column":59},"end":{"line":154,"column":5}},"line":150},"40":{"name":"(anonymous_40)","decl":{"start":{"line":151,"column":78},"end":{"line":151,"column":79}},"loc":{"start":{"line":151,"column":103},"end":{"line":153,"column":7}},"line":151},"41":{"name":"(anonymous_41)","decl":{"start":{"line":160,"column":33},"end":{"line":160,"column":34}},"loc":{"start":{"line":160,"column":45},"end":{"line":181,"column":3}},"line":160},"42":{"name":"(anonymous_42)","decl":{"start":{"line":163,"column":11},"end":{"line":163,"column":12}},"loc":{"start":{"line":163,"column":27},"end":{"line":173,"column":5}},"line":163},"43":{"name":"(anonymous_43)","decl":{"start":{"line":167,"column":13},"end":{"line":167,"column":14}},"loc":{"start":{"line":167,"column":40},"end":{"line":172,"column":7}},"line":167},"44":{"name":"(anonymous_44)","decl":{"start":{"line":174,"column":38},"end":{"line":174,"column":39}},"loc":{"start":{"line":174,"column":54},"end":{"line":180,"column":5}},"line":174},"45":{"name":"(anonymous_45)","decl":{"start":{"line":175,"column":104},"end":{"line":175,"column":105}},"loc":{"start":{"line":175,"column":129},"end":{"line":179,"column":7}},"line":175},"46":{"name":"(anonymous_46)","decl":{"start":{"line":184,"column":30},"end":{"line":184,"column":31}},"loc":{"start":{"line":184,"column":42},"end":{"line":204,"column":3}},"line":184},"47":{"name":"(anonymous_47)","decl":{"start":{"line":187,"column":11},"end":{"line":187,"column":12}},"loc":{"start":{"line":187,"column":27},"end":{"line":196,"column":5}},"line":187},"48":{"name":"(anonymous_48)","decl":{"start":{"line":191,"column":13},"end":{"line":191,"column":14}},"loc":{"start":{"line":191,"column":40},"end":{"line":195,"column":7}},"line":191},"49":{"name":"(anonymous_49)","decl":{"start":{"line":197,"column":35},"end":{"line":197,"column":36}},"loc":{"start":{"line":197,"column":51},"end":{"line":203,"column":5}},"line":197},"50":{"name":"(anonymous_50)","decl":{"start":{"line":198,"column":101},"end":{"line":198,"column":102}},"loc":{"start":{"line":198,"column":126},"end":{"line":202,"column":7}},"line":198},"51":{"name":"(anonymous_51)","decl":{"start":{"line":207,"column":37},"end":{"line":207,"column":38}},"loc":{"start":{"line":207,"column":49},"end":{"line":231,"column":3}},"line":207},"52":{"name":"(anonymous_52)","decl":{"start":{"line":210,"column":11},"end":{"line":210,"column":12}},"loc":{"start":{"line":210,"column":27},"end":{"line":219,"column":5}},"line":210},"53":{"name":"(anonymous_53)","decl":{"start":{"line":214,"column":13},"end":{"line":214,"column":14}},"loc":{"start":{"line":214,"column":40},"end":{"line":218,"column":7}},"line":214},"54":{"name":"(anonymous_54)","decl":{"start":{"line":220,"column":26},"end":{"line":220,"column":27}},"loc":{"start":{"line":220,"column":42},"end":{"line":230,"column":5}},"line":220},"55":{"name":"(anonymous_55)","decl":{"start":{"line":225,"column":142},"end":{"line":225,"column":143}},"loc":{"start":{"line":225,"column":167},"end":{"line":229,"column":7}},"line":225},"56":{"name":"(anonymous_56)","decl":{"start":{"line":234,"column":34},"end":{"line":234,"column":35}},"loc":{"start":{"line":234,"column":46},"end":{"line":255,"column":3}},"line":234},"57":{"name":"(anonymous_57)","decl":{"start":{"line":237,"column":11},"end":{"line":237,"column":12}},"loc":{"start":{"line":237,"column":27},"end":{"line":246,"column":5}},"line":237},"58":{"name":"(anonymous_58)","decl":{"start":{"line":241,"column":13},"end":{"line":241,"column":14}},"loc":{"start":{"line":241,"column":40},"end":{"line":245,"column":7}},"line":241},"59":{"name":"(anonymous_59)","decl":{"start":{"line":247,"column":23},"end":{"line":247,"column":24}},"loc":{"start":{"line":247,"column":39},"end":{"line":254,"column":5}},"line":247},"60":{"name":"(anonymous_60)","decl":{"start":{"line":249,"column":134},"end":{"line":249,"column":135}},"loc":{"start":{"line":249,"column":159},"end":{"line":253,"column":7}},"line":249}},"branchMap":{"0":{"loc":{"start":{"line":6,"column":46},"end":{"line":6,"column":94}},"type":"cond-expr","locations":[{"start":{"line":6,"column":70},"end":{"line":6,"column":73}},{"start":{"line":6,"column":76},"end":{"line":6,"column":94}}],"line":6},"1":{"loc":{"start":{"line":6,"column":46},"end":{"line":6,"column":67}},"type":"binary-expr","locations":[{"start":{"line":6,"column":46},"end":{"line":6,"column":49}},{"start":{"line":6,"column":53},"end":{"line":6,"column":67}}],"line":6}},"s":{"0":1,"1":1,"2":1,"3":3,"4":1,"5":1,"6":1,"7":1,"8":1,"9":1,"10":1,"11":1,"12":1,"13":1,"14":1,"15":1,"16":1,"17":1,"18":1,"19":1,"20":1,"21":1,"22":1,"23":1,"24":1,"25":1,"26":1,"27":1,"28":1,"29":1,"30":1,"31":1,"32":1,"33":1,"34":1,"35":1,"36":1,"37":1,"38":1,"39":1,"40":1,"41":1,"42":1,"43":1,"44":1,"45":1,"46":1,"47":1,"48":1,"49":1,"50":1,"51":1,"52":1,"53":1,"54":1,"55":1,"56":1,"57":1,"58":1,"59":1,"60":1,"61":1,"62":1,"63":1,"64":1,"65":1,"66":1,"67":1,"68":1,"69":1,"70":1,"71":1,"72":1,"73":1,"74":1,"75":1,"76":1,"77":1,"78":1,"79":1,"80":1,"81":1,"82":1,"83":1,"84":1,"85":1,"86":1,"87":1,"88":1,"89":1,"90":1,"91":1,"92":1,"93":1,"94":1,"95":1,"96":1,"97":1,"98":1,"99":1,"100":1,"101":1,"102":1,"103":1,"104":1,"105":1,"106":1,"107":1,"108":1,"109":1,"110":1,"111":1,"112":1,"113":1,"114":1,"115":1,"116":1,"117":1,"118":1,"119":1,"120":1,"121":1,"122":1,"123":1,"124":1,"125":1,"126":1,"127":1,"128":1,"129":1,"130":1,"131":1,"132":1,"133":1,"134":1,"135":1,"136":1,"137":1},"f":{"0":3,"1":1,"2":1,"3":1,"4":1,"5":1,"6":1,"7":1,"8":1,"9":1,"10":1,"11":1,"12":1,"13":1,"14":1,"15":1,"16":1,"17":1,"18":1,"19":1,"20":1,"21":1,"22":1,"23":1,"24":1,"25":1,"26":1,"27":1,"28":1,"29":1,"30":1,"31":1,"32":1,"33":1,"34":1,"35":1,"36":1,"37":1,"38":1,"39":1,"40":1,"41":1,"42":1,"43":1,"44":1,"45":1,"46":1,"47":1,"48":1,"49":1,"50":1,"51":1,"52":1,"53":1,"54":1,"55":1,"56":1,"57":1,"58":1,"59":1,"60":1},"b":{"0":[1,2],"1":[3,3]},"inputSourceMap":{"version":3,"names":["chai","should","use","chaiHttp","describe","users","email","password","it","done","request","app","post","send","end","err","response","have","status","get","body","message","be","eq","blogid","data","a","token","comment","set","blog","title","image","Ntoken","tokenarr","before","error","testcomment","text","result"],"sourceRoot":"C:\\Users\\Acer\\Desktop\\apis\\es6 joseph brand\\src\\Test\\","sources":["Test.js"],"sourcesContent":["import chai from \"chai\"\r\nimport chaiHttp from \"chai-http\"\r\nimport app from \"../app.js\"\r\n\r\nchai.should()\r\n\r\nchai.use(chaiHttp)\r\n\r\ndescribe(\"blogs api\" ,()=>{\r\n    //login \r\n    describe(\"GET /login functionality\", ()=>{        \r\n        const users=[{\r\n            email: \"joseph@gmail.com\",\r\n            password : \"pass123\"\r\n        },\r\n       {\r\n            email: \"joseph@gmail.com\",\r\n            password : \"pass1mm23\"\r\n        },\r\n        {\r\n            email: \"josephgmail.com\",\r\n            password : \"pass123\"\r\n        }]\r\n        it(\"should log the user in \",(done)=>{\r\n            chai.request(app)\r\n            .post('/login')\r\n            .send(users[0]) \r\n            .end((err,response) =>{\r\n                response.should.have.status(200)    \r\n                done();\r\n            })         \r\n          })   \r\n        it(\"it should say incorrect email or password\",(done)=>{\r\n            chai.request(app)\r\n            .post('/login')\r\n            .send(users[1]) \r\n            .end((err,response) =>{\r\n                response.should.have.status(400)    \r\n                  \r\n                 done();\r\n            })             \r\n            \r\n        })   \r\n    })\r\n    //signup \r\n    //get blogs\r\n    describe(\"GET /blogs\", ()=>{\r\n        it(\"it should get all blogs \",(done)=>{\r\n            chai.request(app)\r\n            .get('/blogs') \r\n            .end((err,response) =>{\r\n                response.should.have.status(200)\r\n                response.body.message.should.be.eq('success')                \r\n            }) \r\n            done();\r\n        })\r\n        it(\"it should get response message of success \",(done)=>{\r\n            chai.request(app)\r\n            .get('/blogs') \r\n            .end((err,response) =>{                \r\n                response.body.message.should.be.eq('success')                          \r\n            }) \r\n            done();\r\n        })   \r\n    })      \r\n    //get by id \r\n    describe(\"GET /blogs/:id\", ()=>{\r\n        const blogid = \"639b45418b6be33a98643589\"\r\n        it(\"it should get single blog by id \",(done)=>{            \r\n            chai.request(app)\r\n            .get('/blogs/'+ blogid) \r\n            .end((err,response) =>{\r\n                response.should.have.status(200)                \r\n            }) \r\n            done();\r\n        })\r\n        it(\"it should get one object for one blog \",(done)=>{\r\n            chai.request(app)\r\n            .get('/blogs/'+blogid) \r\n            .end((err,response) =>{                \r\n                response.body.data.should.be.a('object')\r\n            }) \r\n            done();\r\n        })   \r\n    })\r\n    // comment \r\n    describe(\"post /blogs/:id/comment\", ()=>{\r\n        const blogid = \"639b45418b6be33a98643589\"\r\n        const token = \"eyJhbGciOiJIUzI1NiIsInR5cCI6IkpXVCJ9.eyJpZCI6IjYzOWI3MTI2ZjJkZWE4MjkwNDAxYWE2MCIsImlhdCI6MTY3MjA0NTE1NCwiZXhwIjoxNjcyMzA0MzU0fQ.QnLy1bNzGnC6EfU4OhE10QBrakRoO3q7NgKZQ9BLSYo\"\r\n        const comment =\"what is  happening now\"\r\n        it(\"it should check add comment on blog id \",(done)=>{            \r\n            chai.request(app)\r\n            .post('/blogs/'+ blogid+'/comment') \r\n            .send(comment)\r\n            .end((err,response) =>{\r\n                response.should.have.status(403)                \r\n            }) \r\n            done();\r\n        })\r\n        it(\"it should check for error \",(done)=>{\r\n            chai.request(app)\r\n            .get('/blogs/'+blogid) \r\n            .end((err,response) =>{                \r\n                response.body.data.should.be.a('object')\r\n            }) \r\n            done();\r\n        })   \r\n    })\r\n\r\n    // like \r\n    describe(\"post /blogs/:id/like\", ()=>{\r\n        const blogid = \"639b45418b6be33a98643589\"\r\n        const comment =\"what is  happening now\"\r\n        it(\"it should get single blog by id \",(done)=>{            \r\n            chai.request(app)\r\n            .post('/blogs/'+ blogid+'/like') \r\n            .send(comment)\r\n            .end((err,response) =>{\r\n                response.should.have.status(403)                \r\n            }) \r\n            done();\r\n        })\r\n        it(\"it should get one object for one blog \",(done)=>{\r\n            chai.request(app)\r\n            .get('/blogs/'+blogid) \r\n            .end((err,response) =>{                \r\n                response.body.data.should.be.a('object')\r\n            }) \r\n            done();\r\n        })   \r\n    })\r\n    // add message \r\n    //get admin  messages\r\n    describe(\"GET /admin/messages\", ()=>{   \r\n    var token=\"eyJhbGciOiJIUzI1NiIsInR5cCI6IkpXVCJ9.eyJpZCI6IjYzOWI3MTI2ZjJkZWE4MjkwNDAxYWE2MCIsImlhdCI6MTY3MTQ1NTkwMiwiZXhwIjoxNjcxNzE1MTAyfQ.HUslSYE5TfF4EAo689BEeM9GsTzAEDiCGSpu1A5rV44\"\r\n        it(\"it should Not get all admin messages from contact me \",(done)=>{\r\n            chai.request(app)            \r\n            .get('/admin/messages')        \r\n            .end((err,response) =>{\r\n                response.should.have.status(404)     \r\n                response.body.message.should.be.eq(\"you are not logged in\")        \r\n               \r\n            }) \r\n            done();\r\n        })   \r\n        it(\"it should Not get all admin messages from contact me \",(done)=>{\r\n            chai.request(app)\r\n            .get(`/admin/messages`)    \r\n            .set('token',token)     \r\n            .end((err,response) =>{\r\n                response.should.have.status(404)     \r\n                // response.body.message.should.be.eq(\"you are not logged in\")           \r\n            }) \r\n            done();\r\n        })\r\n    })\r\n    // get admin blogs\r\n    describe(\"GET /admin/blogs\", ()=>{\r\n        const  token = \"eyJhbGciOiJIUzI1NiIsInR5cCI6IkpXVCJ9.eyJpZCI6IjYzOWI3MTI2ZjJkZWE4MjkwNDAxYWE2MCIsImlhdCI6MTY3MTQ0NjYxMCwiZXhwIjoxNjcxNzA1ODEwfQ.mHXK2yUKN_7dx5CIzPDcYTboOBLl3jgPxzwDoL1-zXA\";\r\n        it(\"it should say you are not logged in\",(done)=>{\r\n            chai.request(app)\r\n            .get('/admin/blogs') \r\n            .end((err,response) =>{\r\n                response.should.have.status(404)   \r\n                response.body.message.should.be.eq(\"you are not logged in\")             \r\n            }) \r\n            done();\r\n        })      \r\n    })\r\n    //creating blog\r\n    describe(\"Post /admin/blog\",()=>{\r\n        let blog={\r\n            title: \"test blog\",\r\n            body : \"testing blog form mocha\",\r\n            image : \"image url\"\r\n        }\r\n        it(\"it should say you are not logged in \", ()=>{\r\n            chai.request(app)\r\n            .post(\"/admin/blogs\")\r\n            .send(blog)\r\n            .end((err,response)=>{\r\n                response.should.have.status(404)            \r\n            })\r\n        })\r\n\r\n    })\r\n    //editing blog \r\n    describe(\"delete /admin/blog/:id\",()=>{      \r\n        it(\"it should say you are not logged in \", ()=>{\r\n            chai.request(app)\r\n            .delete(\"/admin/blogs\")            \r\n            .end((err,response)=>{\r\n                response.should.have.status(404)            \r\n            })\r\n        })\r\n\r\n    })\r\n\r\n\r\n\r\n/// requre authentication tests ................................................ , \r\n    //get all admin messages\r\n\r\n    describe(\"GET/admin/messages\", ()=>{\r\n      var Ntoken=\"empty\";\r\n      let tokenarr =[];\r\n        before(\r\n            function(done) {               \r\n            chai.request(app)\r\n              .post('/login')\r\n              .send({ email: 'joseph@gmail.com', password: 'pass123' })\r\n              .end((error,response)=>{\r\n                // Save the token from the login response\r\n               \r\n             Ntoken = response.body.token;                                      \r\n            done()\r\n              });          \r\n              \r\n          });             \r\n          \r\n        it(\"get all messages from admin\",(done)=>{                      \r\n            chai.request(app)\r\n            .get('/admin/messages')            \r\n            .set('Authorization', Ntoken)            \r\n            .end((err,response) =>{\r\n                response.should.have.status(200)   \r\n                response.body.message.should.be.eq(\"succesfully withdrawn\")       \r\n                done()              \r\n                 })\r\n           })      \r\n    })\r\n\r\n\r\n    //geting all blogs \r\n    describe(\"GET/admin/blogs\", ()=>{\r\n        var Ntoken=\"empty\";\r\n        let tokenarr =[];\r\n          before(\r\n              function(done) {               \r\n              chai.request(app)\r\n                .post('/login')\r\n                .send({ email: 'joseph@gmail.com', password: 'pass123' })\r\n                .end((error,response)=>{\r\n                  // Save the token from the login response                  \r\n               Ntoken = response.body.token;                                      \r\n              done()\r\n                });          \r\n                \r\n            });             \r\n            \r\n          it(\"get all blogs from admin\",(done)=>{                      \r\n              chai.request(app)\r\n              .get('/admin/blogs')            \r\n              .set('Authorization', Ntoken)            \r\n              .end((err,response) =>{\r\n                  response.should.have.status(200)   \r\n                  response.body.message.should.be.eq(\"success\")       \r\n                  done()              \r\n                   })\r\n             })      \r\n      })\r\n      \r\n    //adding comment   \r\n    describe(\"post/blogs/:id/comment\", ()=>{\r\n        var Ntoken=\"empty\";\r\n        let tokenarr =[];\r\n          before(\r\n              function(done) {               \r\n              chai.request(app)\r\n                .post('/login')\r\n                .send({ email: 'josephrk@gmail.com', password: 'pass123' })\r\n                .end((error,response)=>{\r\n                  // Save the token from the login response                  \r\n               Ntoken = response.body.token;                                      \r\n              done()\r\n                });          \r\n                \r\n            });             \r\n            \r\n          it(\"get add comment\",(done)=>{      \r\n            let testcomment={\r\n                text:\"testcomment\"\r\n            }\r\n            const blogid = \"639b45418b6be33a98643589\"                \r\n              chai.request(app)\r\n              .post(`/blogs/${blogid}/comment`)            \r\n              .set('Authorization', Ntoken)    \r\n              .send(testcomment)\r\n              .end((err,response) =>{\r\n                  response.should.have.status(200)   \r\n                  response.body.result.should.be.eq(\"added comment blog\")       \r\n                  done()              \r\n                   })\r\n             })      \r\n      }) \r\n\r\n      //adding like\r\n      describe(\"post/blogs/:id/like\", ()=>{\r\n        var Ntoken=\"empty\";\r\n        let tokenarr =[];\r\n          before(\r\n              function(done) {               \r\n              chai.request(app)\r\n                .post('/login')\r\n                .send({ email: 'josephrk@gmail.com', password: 'pass123' })\r\n                .end((error,response)=>{\r\n                  // Save the token from the login response                  \r\n               Ntoken = response.body.token;                                      \r\n              done()\r\n                });          \r\n                \r\n            });             \r\n            \r\n          it(\"get add like\",(done)=>{            \r\n            const blogid = \"639b45418b6be33a98643589\"                \r\n              chai.request(app)\r\n              .post(`/blogs/${blogid}/like`)            \r\n              .set('Authorization', Ntoken)    \r\n              .send(\"like\")            \r\n              .end((err,response) =>{\r\n                  response.should.have.status(200)   \r\n                  response.body.result.should.be.eq(\"liked blog\")        \r\n                  done()             \r\n                   })\r\n             })      \r\n      }) \r\n})\r\n"],"mappings":";;AAAA;AACA;AACA;AAA2B;AAE3BA,gBAAI,CAACC,MAAM,EAAE;AAEbD,gBAAI,CAACE,GAAG,CAACC,oBAAQ,CAAC;AAElBC,QAAQ,CAAC,WAAW,EAAE,YAAI;EACtB;EACAA,QAAQ,CAAC,0BAA0B,EAAE,YAAI;IACrC,IAAMC,KAAK,GAAC,CAAC;MACTC,KAAK,EAAE,kBAAkB;MACzBC,QAAQ,EAAG;IACf,CAAC,EACF;MACKD,KAAK,EAAE,kBAAkB;MACzBC,QAAQ,EAAG;IACf,CAAC,EACD;MACID,KAAK,EAAE,iBAAiB;MACxBC,QAAQ,EAAG;IACf,CAAC,CAAC;IACFC,EAAE,CAAC,yBAAyB,EAAC,UAACC,IAAI,EAAG;MACjCT,gBAAI,CAACU,OAAO,CAACC,eAAG,CAAC,CAChBC,IAAI,CAAC,QAAQ,CAAC,CACdC,IAAI,CAACR,KAAK,CAAC,CAAC,CAAC,CAAC,CACdS,GAAG,CAAC,UAACC,GAAG,EAACC,QAAQ,EAAI;QAClBA,QAAQ,CAACf,MAAM,CAACgB,IAAI,CAACC,MAAM,CAAC,GAAG,CAAC;QAChCT,IAAI,EAAE;MACV,CAAC,CAAC;IACJ,CAAC,CAAC;IACJD,EAAE,CAAC,2CAA2C,EAAC,UAACC,IAAI,EAAG;MACnDT,gBAAI,CAACU,OAAO,CAACC,eAAG,CAAC,CAChBC,IAAI,CAAC,QAAQ,CAAC,CACdC,IAAI,CAACR,KAAK,CAAC,CAAC,CAAC,CAAC,CACdS,GAAG,CAAC,UAACC,GAAG,EAACC,QAAQ,EAAI;QAClBA,QAAQ,CAACf,MAAM,CAACgB,IAAI,CAACC,MAAM,CAAC,GAAG,CAAC;QAE/BT,IAAI,EAAE;MACX,CAAC,CAAC;IAEN,CAAC,CAAC;EACN,CAAC,CAAC;EACF;EACA;EACAL,QAAQ,CAAC,YAAY,EAAE,YAAI;IACvBI,EAAE,CAAC,0BAA0B,EAAC,UAACC,IAAI,EAAG;MAClCT,gBAAI,CAACU,OAAO,CAACC,eAAG,CAAC,CAChBQ,GAAG,CAAC,QAAQ,CAAC,CACbL,GAAG,CAAC,UAACC,GAAG,EAACC,QAAQ,EAAI;QAClBA,QAAQ,CAACf,MAAM,CAACgB,IAAI,CAACC,MAAM,CAAC,GAAG,CAAC;QAChCF,QAAQ,CAACI,IAAI,CAACC,OAAO,CAACpB,MAAM,CAACqB,EAAE,CAACC,EAAE,CAAC,SAAS,CAAC;MACjD,CAAC,CAAC;MACFd,IAAI,EAAE;IACV,CAAC,CAAC;IACFD,EAAE,CAAC,4CAA4C,EAAC,UAACC,IAAI,EAAG;MACpDT,gBAAI,CAACU,OAAO,CAACC,eAAG,CAAC,CAChBQ,GAAG,CAAC,QAAQ,CAAC,CACbL,GAAG,CAAC,UAACC,GAAG,EAACC,QAAQ,EAAI;QAClBA,QAAQ,CAACI,IAAI,CAACC,OAAO,CAACpB,MAAM,CAACqB,EAAE,CAACC,EAAE,CAAC,SAAS,CAAC;MACjD,CAAC,CAAC;MACFd,IAAI,EAAE;IACV,CAAC,CAAC;EACN,CAAC,CAAC;EACF;EACAL,QAAQ,CAAC,gBAAgB,EAAE,YAAI;IAC3B,IAAMoB,MAAM,GAAG,0BAA0B;IACzChB,EAAE,CAAC,kCAAkC,EAAC,UAACC,IAAI,EAAG;MAC1CT,gBAAI,CAACU,OAAO,CAACC,eAAG,CAAC,CAChBQ,GAAG,CAAC,SAAS,GAAEK,MAAM,CAAC,CACtBV,GAAG,CAAC,UAACC,GAAG,EAACC,QAAQ,EAAI;QAClBA,QAAQ,CAACf,MAAM,CAACgB,IAAI,CAACC,MAAM,CAAC,GAAG,CAAC;MACpC,CAAC,CAAC;MACFT,IAAI,EAAE;IACV,CAAC,CAAC;IACFD,EAAE,CAAC,wCAAwC,EAAC,UAACC,IAAI,EAAG;MAChDT,gBAAI,CAACU,OAAO,CAACC,eAAG,CAAC,CAChBQ,GAAG,CAAC,SAAS,GAACK,MAAM,CAAC,CACrBV,GAAG,CAAC,UAACC,GAAG,EAACC,QAAQ,EAAI;QAClBA,QAAQ,CAACI,IAAI,CAACK,IAAI,CAACxB,MAAM,CAACqB,EAAE,CAACI,CAAC,CAAC,QAAQ,CAAC;MAC5C,CAAC,CAAC;MACFjB,IAAI,EAAE;IACV,CAAC,CAAC;EACN,CAAC,CAAC;EACF;EACAL,QAAQ,CAAC,yBAAyB,EAAE,YAAI;IACpC,IAAMoB,MAAM,GAAG,0BAA0B;IACzC,IAAMG,KAAK,GAAG,6KAA6K;IAC3L,IAAMC,OAAO,GAAE,wBAAwB;IACvCpB,EAAE,CAAC,yCAAyC,EAAC,UAACC,IAAI,EAAG;MACjDT,gBAAI,CAACU,OAAO,CAACC,eAAG,CAAC,CAChBC,IAAI,CAAC,SAAS,GAAEY,MAAM,GAAC,UAAU,CAAC,CAClCX,IAAI,CAACe,OAAO,CAAC,CACbd,GAAG,CAAC,UAACC,GAAG,EAACC,QAAQ,EAAI;QAClBA,QAAQ,CAACf,MAAM,CAACgB,IAAI,CAACC,MAAM,CAAC,GAAG,CAAC;MACpC,CAAC,CAAC;MACFT,IAAI,EAAE;IACV,CAAC,CAAC;IACFD,EAAE,CAAC,4BAA4B,EAAC,UAACC,IAAI,EAAG;MACpCT,gBAAI,CAACU,OAAO,CAACC,eAAG,CAAC,CAChBQ,GAAG,CAAC,SAAS,GAACK,MAAM,CAAC,CACrBV,GAAG,CAAC,UAACC,GAAG,EAACC,QAAQ,EAAI;QAClBA,QAAQ,CAACI,IAAI,CAACK,IAAI,CAACxB,MAAM,CAACqB,EAAE,CAACI,CAAC,CAAC,QAAQ,CAAC;MAC5C,CAAC,CAAC;MACFjB,IAAI,EAAE;IACV,CAAC,CAAC;EACN,CAAC,CAAC;;EAEF;EACAL,QAAQ,CAAC,sBAAsB,EAAE,YAAI;IACjC,IAAMoB,MAAM,GAAG,0BAA0B;IACzC,IAAMI,OAAO,GAAE,wBAAwB;IACvCpB,EAAE,CAAC,kCAAkC,EAAC,UAACC,IAAI,EAAG;MAC1CT,gBAAI,CAACU,OAAO,CAACC,eAAG,CAAC,CAChBC,IAAI,CAAC,SAAS,GAAEY,MAAM,GAAC,OAAO,CAAC,CAC/BX,IAAI,CAACe,OAAO,CAAC,CACbd,GAAG,CAAC,UAACC,GAAG,EAACC,QAAQ,EAAI;QAClBA,QAAQ,CAACf,MAAM,CAACgB,IAAI,CAACC,MAAM,CAAC,GAAG,CAAC;MACpC,CAAC,CAAC;MACFT,IAAI,EAAE;IACV,CAAC,CAAC;IACFD,EAAE,CAAC,wCAAwC,EAAC,UAACC,IAAI,EAAG;MAChDT,gBAAI,CAACU,OAAO,CAACC,eAAG,CAAC,CAChBQ,GAAG,CAAC,SAAS,GAACK,MAAM,CAAC,CACrBV,GAAG,CAAC,UAACC,GAAG,EAACC,QAAQ,EAAI;QAClBA,QAAQ,CAACI,IAAI,CAACK,IAAI,CAACxB,MAAM,CAACqB,EAAE,CAACI,CAAC,CAAC,QAAQ,CAAC;MAC5C,CAAC,CAAC;MACFjB,IAAI,EAAE;IACV,CAAC,CAAC;EACN,CAAC,CAAC;EACF;EACA;EACAL,QAAQ,CAAC,qBAAqB,EAAE,YAAI;IACpC,IAAIuB,KAAK,GAAC,6KAA6K;IACnLnB,EAAE,CAAC,uDAAuD,EAAC,UAACC,IAAI,EAAG;MAC/DT,gBAAI,CAACU,OAAO,CAACC,eAAG,CAAC,CAChBQ,GAAG,CAAC,iBAAiB,CAAC,CACtBL,GAAG,CAAC,UAACC,GAAG,EAACC,QAAQ,EAAI;QAClBA,QAAQ,CAACf,MAAM,CAACgB,IAAI,CAACC,MAAM,CAAC,GAAG,CAAC;QAChCF,QAAQ,CAACI,IAAI,CAACC,OAAO,CAACpB,MAAM,CAACqB,EAAE,CAACC,EAAE,CAAC,uBAAuB,CAAC;MAE/D,CAAC,CAAC;MACFd,IAAI,EAAE;IACV,CAAC,CAAC;IACFD,EAAE,CAAC,uDAAuD,EAAC,UAACC,IAAI,EAAG;MAC/DT,gBAAI,CAACU,OAAO,CAACC,eAAG,CAAC,CAChBQ,GAAG,mBAAmB,CACtBU,GAAG,CAAC,OAAO,EAACF,KAAK,CAAC,CAClBb,GAAG,CAAC,UAACC,GAAG,EAACC,QAAQ,EAAI;QAClBA,QAAQ,CAACf,MAAM,CAACgB,IAAI,CAACC,MAAM,CAAC,GAAG,CAAC;QAChC;MACJ,CAAC,CAAC;;MACFT,IAAI,EAAE;IACV,CAAC,CAAC;EACN,CAAC,CAAC;EACF;EACAL,QAAQ,CAAC,kBAAkB,EAAE,YAAI;IAC7B,IAAOuB,KAAK,GAAG,6KAA6K;IAC5LnB,EAAE,CAAC,qCAAqC,EAAC,UAACC,IAAI,EAAG;MAC7CT,gBAAI,CAACU,OAAO,CAACC,eAAG,CAAC,CAChBQ,GAAG,CAAC,cAAc,CAAC,CACnBL,GAAG,CAAC,UAACC,GAAG,EAACC,QAAQ,EAAI;QAClBA,QAAQ,CAACf,MAAM,CAACgB,IAAI,CAACC,MAAM,CAAC,GAAG,CAAC;QAChCF,QAAQ,CAACI,IAAI,CAACC,OAAO,CAACpB,MAAM,CAACqB,EAAE,CAACC,EAAE,CAAC,uBAAuB,CAAC;MAC/D,CAAC,CAAC;MACFd,IAAI,EAAE;IACV,CAAC,CAAC;EACN,CAAC,CAAC;EACF;EACAL,QAAQ,CAAC,kBAAkB,EAAC,YAAI;IAC5B,IAAI0B,IAAI,GAAC;MACLC,KAAK,EAAE,WAAW;MAClBX,IAAI,EAAG,yBAAyB;MAChCY,KAAK,EAAG;IACZ,CAAC;IACDxB,EAAE,CAAC,sCAAsC,EAAE,YAAI;MAC3CR,gBAAI,CAACU,OAAO,CAACC,eAAG,CAAC,CAChBC,IAAI,CAAC,cAAc,CAAC,CACpBC,IAAI,CAACiB,IAAI,CAAC,CACVhB,GAAG,CAAC,UAACC,GAAG,EAACC,QAAQ,EAAG;QACjBA,QAAQ,CAACf,MAAM,CAACgB,IAAI,CAACC,MAAM,CAAC,GAAG,CAAC;MACpC,CAAC,CAAC;IACN,CAAC,CAAC;EAEN,CAAC,CAAC;EACF;EACAd,QAAQ,CAAC,wBAAwB,EAAC,YAAI;IAClCI,EAAE,CAAC,sCAAsC,EAAE,YAAI;MAC3CR,gBAAI,CAACU,OAAO,CAACC,eAAG,CAAC,UACV,CAAC,cAAc,CAAC,CACtBG,GAAG,CAAC,UAACC,GAAG,EAACC,QAAQ,EAAG;QACjBA,QAAQ,CAACf,MAAM,CAACgB,IAAI,CAACC,MAAM,CAAC,GAAG,CAAC;MACpC,CAAC,CAAC;IACN,CAAC,CAAC;EAEN,CAAC,CAAC;;EAIN;EACI;;EAEAd,QAAQ,CAAC,oBAAoB,EAAE,YAAI;IACjC,IAAI6B,MAAM,GAAC,OAAO;IAClB,IAAIC,QAAQ,GAAE,EAAE;IACdC,MAAM,CACF,UAAS1B,IAAI,EAAE;MACfT,gBAAI,CAACU,OAAO,CAACC,eAAG,CAAC,CACdC,IAAI,CAAC,QAAQ,CAAC,CACdC,IAAI,CAAC;QAAEP,KAAK,EAAE,kBAAkB;QAAEC,QAAQ,EAAE;MAAU,CAAC,CAAC,CACxDO,GAAG,CAAC,UAACsB,KAAK,EAACpB,QAAQ,EAAG;QACrB;;QAEHiB,MAAM,GAAGjB,QAAQ,CAACI,IAAI,CAACO,KAAK;QAC7BlB,IAAI,EAAE;MACJ,CAAC,CAAC;IAEN,CAAC,CAAC;IAEJD,EAAE,CAAC,6BAA6B,EAAC,UAACC,IAAI,EAAG;MACrCT,gBAAI,CAACU,OAAO,CAACC,eAAG,CAAC,CAChBQ,GAAG,CAAC,iBAAiB,CAAC,CACtBU,GAAG,CAAC,eAAe,EAAEI,MAAM,CAAC,CAC5BnB,GAAG,CAAC,UAACC,GAAG,EAACC,QAAQ,EAAI;QAClBA,QAAQ,CAACf,MAAM,CAACgB,IAAI,CAACC,MAAM,CAAC,GAAG,CAAC;QAChCF,QAAQ,CAACI,IAAI,CAACC,OAAO,CAACpB,MAAM,CAACqB,EAAE,CAACC,EAAE,CAAC,uBAAuB,CAAC;QAC3Dd,IAAI,EAAE;MACL,CAAC,CAAC;IACR,CAAC,CAAC;EACT,CAAC,CAAC;;EAGF;EACAL,QAAQ,CAAC,iBAAiB,EAAE,YAAI;IAC5B,IAAI6B,MAAM,GAAC,OAAO;IAClB,IAAIC,QAAQ,GAAE,EAAE;IACdC,MAAM,CACF,UAAS1B,IAAI,EAAE;MACfT,gBAAI,CAACU,OAAO,CAACC,eAAG,CAAC,CACdC,IAAI,CAAC,QAAQ,CAAC,CACdC,IAAI,CAAC;QAAEP,KAAK,EAAE,kBAAkB;QAAEC,QAAQ,EAAE;MAAU,CAAC,CAAC,CACxDO,GAAG,CAAC,UAACsB,KAAK,EAACpB,QAAQ,EAAG;QACrB;QACHiB,MAAM,GAAGjB,QAAQ,CAACI,IAAI,CAACO,KAAK;QAC7BlB,IAAI,EAAE;MACJ,CAAC,CAAC;IAEN,CAAC,CAAC;IAEJD,EAAE,CAAC,0BAA0B,EAAC,UAACC,IAAI,EAAG;MAClCT,gBAAI,CAACU,OAAO,CAACC,eAAG,CAAC,CAChBQ,GAAG,CAAC,cAAc,CAAC,CACnBU,GAAG,CAAC,eAAe,EAAEI,MAAM,CAAC,CAC5BnB,GAAG,CAAC,UAACC,GAAG,EAACC,QAAQ,EAAI;QAClBA,QAAQ,CAACf,MAAM,CAACgB,IAAI,CAACC,MAAM,CAAC,GAAG,CAAC;QAChCF,QAAQ,CAACI,IAAI,CAACC,OAAO,CAACpB,MAAM,CAACqB,EAAE,CAACC,EAAE,CAAC,SAAS,CAAC;QAC7Cd,IAAI,EAAE;MACL,CAAC,CAAC;IACR,CAAC,CAAC;EACT,CAAC,CAAC;;EAEJ;EACAL,QAAQ,CAAC,wBAAwB,EAAE,YAAI;IACnC,IAAI6B,MAAM,GAAC,OAAO;IAClB,IAAIC,QAAQ,GAAE,EAAE;IACdC,MAAM,CACF,UAAS1B,IAAI,EAAE;MACfT,gBAAI,CAACU,OAAO,CAACC,eAAG,CAAC,CACdC,IAAI,CAAC,QAAQ,CAAC,CACdC,IAAI,CAAC;QAAEP,KAAK,EAAE,oBAAoB;QAAEC,QAAQ,EAAE;MAAU,CAAC,CAAC,CAC1DO,GAAG,CAAC,UAACsB,KAAK,EAACpB,QAAQ,EAAG;QACrB;QACHiB,MAAM,GAAGjB,QAAQ,CAACI,IAAI,CAACO,KAAK;QAC7BlB,IAAI,EAAE;MACJ,CAAC,CAAC;IAEN,CAAC,CAAC;IAEJD,EAAE,CAAC,iBAAiB,EAAC,UAACC,IAAI,EAAG;MAC3B,IAAI4B,WAAW,GAAC;QACZC,IAAI,EAAC;MACT,CAAC;MACD,IAAMd,MAAM,GAAG,0BAA0B;MACvCxB,gBAAI,CAACU,OAAO,CAACC,eAAG,CAAC,CAChBC,IAAI,kBAAWY,MAAM,cAAW,CAChCK,GAAG,CAAC,eAAe,EAAEI,MAAM,CAAC,CAC5BpB,IAAI,CAACwB,WAAW,CAAC,CACjBvB,GAAG,CAAC,UAACC,GAAG,EAACC,QAAQ,EAAI;QAClBA,QAAQ,CAACf,MAAM,CAACgB,IAAI,CAACC,MAAM,CAAC,GAAG,CAAC;QAChCF,QAAQ,CAACI,IAAI,CAACmB,MAAM,CAACtC,MAAM,CAACqB,EAAE,CAACC,EAAE,CAAC,oBAAoB,CAAC;QACvDd,IAAI,EAAE;MACL,CAAC,CAAC;IACR,CAAC,CAAC;EACT,CAAC,CAAC;;EAEF;EACAL,QAAQ,CAAC,qBAAqB,EAAE,YAAI;IAClC,IAAI6B,MAAM,GAAC,OAAO;IAClB,IAAIC,QAAQ,GAAE,EAAE;IACdC,MAAM,CACF,UAAS1B,IAAI,EAAE;MACfT,gBAAI,CAACU,OAAO,CAACC,eAAG,CAAC,CACdC,IAAI,CAAC,QAAQ,CAAC,CACdC,IAAI,CAAC;QAAEP,KAAK,EAAE,oBAAoB;QAAEC,QAAQ,EAAE;MAAU,CAAC,CAAC,CAC1DO,GAAG,CAAC,UAACsB,KAAK,EAACpB,QAAQ,EAAG;QACrB;QACHiB,MAAM,GAAGjB,QAAQ,CAACI,IAAI,CAACO,KAAK;QAC7BlB,IAAI,EAAE;MACJ,CAAC,CAAC;IAEN,CAAC,CAAC;IAEJD,EAAE,CAAC,cAAc,EAAC,UAACC,IAAI,EAAG;MACxB,IAAMe,MAAM,GAAG,0BAA0B;MACvCxB,gBAAI,CAACU,OAAO,CAACC,eAAG,CAAC,CAChBC,IAAI,kBAAWY,MAAM,WAAQ,CAC7BK,GAAG,CAAC,eAAe,EAAEI,MAAM,CAAC,CAC5BpB,IAAI,CAAC,MAAM,CAAC,CACZC,GAAG,CAAC,UAACC,GAAG,EAACC,QAAQ,EAAI;QAClBA,QAAQ,CAACf,MAAM,CAACgB,IAAI,CAACC,MAAM,CAAC,GAAG,CAAC;QAChCF,QAAQ,CAACI,IAAI,CAACmB,MAAM,CAACtC,MAAM,CAACqB,EAAE,CAACC,EAAE,CAAC,YAAY,CAAC;QAC/Cd,IAAI,EAAE;MACL,CAAC,CAAC;IACR,CAAC,CAAC;EACT,CAAC,CAAC;AACR,CAAC,CAAC"},"_coverageSchema":"1a1c01bbd47fc00a2c39e90264f33305004495a9","hash":"5c5b14ba72ce51606e02814c90179a216eb23320","contentHash":"4e60bb6be31259495d5e46306f9f3892fa5255ca5db0395d8dad4f7d8a830c54"},"C:\\Users\\Acer\\Desktop\\apis\\es6 joseph brand\\src\\app.js":{"path":"C:\\Users\\Acer\\Desktop\\apis\\es6 joseph brand\\src\\app.js","statementMap":{"0":{"start":{"line":3,"column":0},"end":{"line":5,"column":3}},"1":{"start":{"line":6,"column":0},"end":{"line":6,"column":28}},"2":{"start":{"line":7,"column":15},"end":{"line":7,"column":57}},"3":{"start":{"line":8,"column":16},"end":{"line":8,"column":59}},"4":{"start":{"line":9,"column":20},"end":{"line":9,"column":68}},"5":{"start":{"line":10,"column":15},"end":{"line":10,"column":62}},"6":{"start":{"line":11,"column":18},"end":{"line":11,"column":75}},"7":{"start":{"line":12,"column":13},"end":{"line":12,"column":65}},"8":{"start":{"line":13,"column":13},"end":{"line":13,"column":65}},"9":{"start":{"line":14,"column":17},"end":{"line":14,"column":73}},"10":{"start":{"line":15,"column":39},"end":{"line":15,"column":95}},"11":{"start":{"line":16,"column":11},"end":{"line":16,"column":15}},"12":{"start":{"line":17,"column":10},"end":{"line":17,"column":36}},"13":{"start":{"line":20,"column":0},"end":{"line":20,"column":49}},"14":{"start":{"line":21,"column":0},"end":{"line":21,"column":36}},"15":{"start":{"line":22,"column":0},"end":{"line":22,"column":41}},"16":{"start":{"line":31,"column":12},"end":{"line":31,"column":47}},"17":{"start":{"line":32,"column":0},"end":{"line":43,"column":3}},"18":{"start":{"line":37,"column":2},"end":{"line":39,"column":5}},"19":{"start":{"line":38,"column":4},"end":{"line":38,"column":42}},"20":{"start":{"line":40,"column":2},"end":{"line":40,"column":38}},"21":{"start":{"line":42,"column":2},"end":{"line":42,"column":26}},"22":{"start":{"line":47,"column":0},"end":{"line":49,"column":3}},"23":{"start":{"line":48,"column":2},"end":{"line":48,"column":26}},"24":{"start":{"line":51,"column":0},"end":{"line":51,"column":27}},"25":{"start":{"line":52,"column":0},"end":{"line":52,"column":27}},"26":{"start":{"line":53,"column":0},"end":{"line":53,"column":31}},"27":{"start":{"line":54,"column":0},"end":{"line":54,"column":32}},"28":{"start":{"line":55,"column":15},"end":{"line":55,"column":18}},"29":{"start":{"line":56,"column":0},"end":{"line":56,"column":30}}},"fnMap":{"0":{"name":"_interopRequireDefault","decl":{"start":{"line":15,"column":9},"end":{"line":15,"column":31}},"loc":{"start":{"line":15,"column":37},"end":{"line":15,"column":97}},"line":15},"1":{"name":"(anonymous_1)","decl":{"start":{"line":36,"column":8},"end":{"line":36,"column":9}},"loc":{"start":{"line":36,"column":26},"end":{"line":41,"column":1}},"line":36},"2":{"name":"(anonymous_2)","decl":{"start":{"line":37,"column":19},"end":{"line":37,"column":20}},"loc":{"start":{"line":37,"column":31},"end":{"line":39,"column":3}},"line":37},"3":{"name":"(anonymous_3)","decl":{"start":{"line":41,"column":12},"end":{"line":41,"column":13}},"loc":{"start":{"line":41,"column":27},"end":{"line":43,"column":1}},"line":41},"4":{"name":"(anonymous_4)","decl":{"start":{"line":47,"column":13},"end":{"line":47,"column":14}},"loc":{"start":{"line":47,"column":33},"end":{"line":49,"column":1}},"line":47}},"branchMap":{"0":{"loc":{"start":{"line":15,"column":46},"end":{"line":15,"column":94}},"type":"cond-expr","locations":[{"start":{"line":15,"column":70},"end":{"line":15,"column":73}},{"start":{"line":15,"column":76},"end":{"line":15,"column":94}}],"line":15},"1":{"loc":{"start":{"line":15,"column":46},"end":{"line":15,"column":67}},"type":"binary-expr","locations":[{"start":{"line":15,"column":46},"end":{"line":15,"column":49}},{"start":{"line":15,"column":53},"end":{"line":15,"column":67}}],"line":15}},"s":{"0":1,"1":1,"2":1,"3":1,"4":1,"5":1,"6":1,"7":1,"8":1,"9":1,"10":8,"11":1,"12":1,"13":1,"14":1,"15":1,"16":1,"17":1,"18":1,"19":1,"20":1,"21":0,"22":1,"23":0,"24":1,"25":1,"26":1,"27":1,"28":1,"29":1},"f":{"0":8,"1":1,"2":1,"3":0,"4":0},"b":{"0":[5,3],"1":[8,8]},"inputSourceMap":{"version":3,"names":["port","app","express","use","json","cookieParser","dbURI","mongoose","connect","useNewUrlParser","useUnifiedTopology","useCreateIndex","then","result","listen","console","log","swaggerDocs","err","get","req","res","send","blogRoutes","AdminRoutes","contactRoutes","authRoutes"],"sourceRoot":"C:\\Users\\Acer\\Desktop\\apis\\es6 joseph brand\\src\\","sources":["app.js"],"sourcesContent":["import express from 'express'\r\nimport mongoose from 'mongoose'\r\nimport cookieParser from 'cookie-parser'\r\nimport swaggerDocs from './swagger.js'\r\n\r\nconst port = 3000\r\n\r\n\r\nconst app = express();\r\n\r\n// middleware\r\napp.use(express.static('public'));\r\napp.use(express.json());\r\napp.use(cookieParser());\r\n//routes \r\n\r\nimport authRoutes from './routes/authRoutes.js'\r\n import blogRoutes from './routes/blogs.js'\r\n import AdminRoutes from './routes/admin.js'\r\n import contactRoutes from './routes/contactme.js'\r\n//routes \r\n//using routes\r\n\r\n//using routes\r\n\r\n\r\n// database connection\r\nconst dbURI = 'mongodb://127.0.0.1:27017/authopf';\r\nmongoose.connect(dbURI, { useNewUrlParser: true, useUnifiedTopology: true, useCreateIndex:true })\r\n  .then((result) =>{ \r\n    app.listen(port,()=>{\r\n      console.log(\"listening on port 3000\")\r\n    })\r\n    swaggerDocs(app,port)    \r\n  })\r\n  .catch((err) => console.log(err));\r\n\r\n// routes\r\n\r\n\r\napp.get('/', (req, res) => res.send('home'));\r\n//  app.get('/admin', requireAdmin, (req, res) => res.send('admin'));\r\napp.use(blogRoutes)\r\napp.use(AdminRoutes)\r\napp.use(contactRoutes)\r\napp.use(authRoutes);\r\n\r\nexport default app"],"mappings":";;;;;;AAAA;AACA;AACA;AACA;AAaA;AACC;AACA;AACA;AAAiD;AAdlD,IAAMA,IAAI,GAAG,IAAI;AAGjB,IAAMC,GAAG,GAAG,IAAAC,mBAAO,GAAE;;AAErB;AACAD,GAAG,CAACE,GAAG,CAACD,mBAAO,UAAO,CAAC,QAAQ,CAAC,CAAC;AACjCD,GAAG,CAACE,GAAG,CAACD,mBAAO,CAACE,IAAI,EAAE,CAAC;AACvBH,GAAG,CAACE,GAAG,CAAC,IAAAE,wBAAY,GAAE,CAAC;AACvB;;AAMA;AACA;;AAEA;;AAGA;AACA,IAAMC,KAAK,GAAG,mCAAmC;AACjDC,oBAAQ,CAACC,OAAO,CAACF,KAAK,EAAE;EAAEG,eAAe,EAAE,IAAI;EAAEC,kBAAkB,EAAE,IAAI;EAAEC,cAAc,EAAC;AAAK,CAAC,CAAC,CAC9FC,IAAI,CAAC,UAACC,MAAM,EAAI;EACfZ,GAAG,CAACa,MAAM,CAACd,IAAI,EAAC,YAAI;IAClBe,OAAO,CAACC,GAAG,CAAC,wBAAwB,CAAC;EACvC,CAAC,CAAC;EACF,IAAAC,mBAAW,EAAChB,GAAG,EAACD,IAAI,CAAC;AACvB,CAAC,CAAC,SACI,CAAC,UAACkB,GAAG;EAAA,OAAKH,OAAO,CAACC,GAAG,CAACE,GAAG,CAAC;AAAA,EAAC;;AAEnC;;AAGAjB,GAAG,CAACkB,GAAG,CAAC,GAAG,EAAE,UAACC,GAAG,EAAEC,GAAG;EAAA,OAAKA,GAAG,CAACC,IAAI,CAAC,MAAM,CAAC;AAAA,EAAC;AAC5C;AACArB,GAAG,CAACE,GAAG,CAACoB,iBAAU,CAAC;AACnBtB,GAAG,CAACE,GAAG,CAACqB,iBAAW,CAAC;AACpBvB,GAAG,CAACE,GAAG,CAACsB,qBAAa,CAAC;AACtBxB,GAAG,CAACE,GAAG,CAACuB,sBAAU,CAAC;AAAC,eAELzB,GAAG;AAAA"},"_coverageSchema":"1a1c01bbd47fc00a2c39e90264f33305004495a9","hash":"34eeb7f70af2054d3bb956591577b411d29a50fc","contentHash":"f5c552f6c0231f86a5f6dc8c4d9855883a045df9e64b002bc8eb487ab64d4a1b"},"C:\\Users\\Acer\\Desktop\\apis\\es6 joseph brand\\src\\swagger.js":{"path":"C:\\Users\\Acer\\Desktop\\apis\\es6 joseph brand\\src\\swagger.js","statementMap":{"0":{"start":{"line":3,"column":0},"end":{"line":5,"column":3}},"1":{"start":{"line":6,"column":0},"end":{"line":6,"column":28}},"2":{"start":{"line":7,"column":20},"end":{"line":7,"column":68}},"3":{"start":{"line":8,"column":24},"end":{"line":8,"column":77}},"4":{"start":{"line":9,"column":39},"end":{"line":9,"column":95}},"5":{"start":{"line":10,"column":14},"end":{"line":21,"column":1}},"6":{"start":{"line":22,"column":18},"end":{"line":22,"column":56}},"7":{"start":{"line":25,"column":2},"end":{"line":25,"column":104}},"8":{"start":{"line":28,"column":2},"end":{"line":31,"column":5}},"9":{"start":{"line":29,"column":4},"end":{"line":29,"column":54}},"10":{"start":{"line":30,"column":4},"end":{"line":30,"column":26}},"11":{"start":{"line":33,"column":15},"end":{"line":33,"column":26}},"12":{"start":{"line":34,"column":0},"end":{"line":34,"column":30}}},"fnMap":{"0":{"name":"_interopRequireDefault","decl":{"start":{"line":9,"column":9},"end":{"line":9,"column":31}},"loc":{"start":{"line":9,"column":37},"end":{"line":9,"column":97}},"line":9},"1":{"name":"swaggerDocs","decl":{"start":{"line":23,"column":9},"end":{"line":23,"column":20}},"loc":{"start":{"line":23,"column":32},"end":{"line":32,"column":1}},"line":23},"2":{"name":"(anonymous_2)","decl":{"start":{"line":28,"column":24},"end":{"line":28,"column":25}},"loc":{"start":{"line":28,"column":44},"end":{"line":31,"column":3}},"line":28}},"branchMap":{"0":{"loc":{"start":{"line":9,"column":46},"end":{"line":9,"column":94}},"type":"cond-expr","locations":[{"start":{"line":9,"column":70},"end":{"line":9,"column":73}},{"start":{"line":9,"column":76},"end":{"line":9,"column":94}}],"line":9},"1":{"loc":{"start":{"line":9,"column":46},"end":{"line":9,"column":67}},"type":"binary-expr","locations":[{"start":{"line":9,"column":46},"end":{"line":9,"column":49}},{"start":{"line":9,"column":53},"end":{"line":9,"column":67}}],"line":9}},"s":{"0":1,"1":1,"2":1,"3":1,"4":2,"5":1,"6":1,"7":1,"8":1,"9":0,"10":0,"11":1,"12":1},"f":{"0":2,"1":1,"2":0},"b":{"0":[0,2],"1":[2,2]},"inputSourceMap":{"version":3,"names":["options","definition","openapi","info","title","description","version","apis","swaggerSpec","swaggerJsdoc","swaggerDocs","app","port","use","swaggerUi","serve","setup","get","req","res","setHeader","send"],"sourceRoot":"C:\\Users\\Acer\\Desktop\\apis\\es6 joseph brand\\src\\","sources":["swagger.js"],"sourcesContent":["import swaggerJsdoc from 'swagger-jsdoc'\r\nimport swaggerUi from 'swagger-ui-express'\r\n\r\nconst options = {\r\n  definition: {\r\n    openapi: '3.0.0',\r\n    info: {\r\n      title: 'Mybrand Api',\r\n      description: 'this is my personal brand api',\r\n      version: '1.0.0',\r\n    },\r\n  },\r\n  // looks for configuration in specified directories\r\n  apis: ['./src/routes/*.js'],\r\n}\r\n\r\nconst swaggerSpec = swaggerJsdoc(options)\r\n\r\nfunction swaggerDocs(app, port) {\r\n  // Swagger Page\r\n  app.use('/docs', swaggerUi.serve, swaggerUi.setup(swaggerSpec))\r\n\r\n  // Documentation in JSON format\r\n  app.get('/docs.json', (req, res) => {\r\n    res.setHeader('Content-Type', 'application/json')\r\n    res.send(swaggerSpec)\r\n  })\r\n}\r\n\r\nexport default swaggerDocs"],"mappings":";;;;;;AAAA;AACA;AAA0C;AAE1C,IAAMA,OAAO,GAAG;EACdC,UAAU,EAAE;IACVC,OAAO,EAAE,OAAO;IAChBC,IAAI,EAAE;MACJC,KAAK,EAAE,aAAa;MACpBC,WAAW,EAAE,+BAA+B;MAC5CC,OAAO,EAAE;IACX;EACF,CAAC;EACD;EACAC,IAAI,EAAE,CAAC,mBAAmB;AAC5B,CAAC;AAED,IAAMC,WAAW,GAAG,IAAAC,wBAAY,EAACT,OAAO,CAAC;AAEzC,SAASU,WAAW,CAACC,GAAG,EAAEC,IAAI,EAAE;EAC9B;EACAD,GAAG,CAACE,GAAG,CAAC,OAAO,EAAEC,4BAAS,CAACC,KAAK,EAAED,4BAAS,CAACE,KAAK,CAACR,WAAW,CAAC,CAAC;;EAE/D;EACAG,GAAG,CAACM,GAAG,CAAC,YAAY,EAAE,UAACC,GAAG,EAAEC,GAAG,EAAK;IAClCA,GAAG,CAACC,SAAS,CAAC,cAAc,EAAE,kBAAkB,CAAC;IACjDD,GAAG,CAACE,IAAI,CAACb,WAAW,CAAC;EACvB,CAAC,CAAC;AACJ;AAAC,eAEcE,WAAW;AAAA"},"_coverageSchema":"1a1c01bbd47fc00a2c39e90264f33305004495a9","hash":"caf77af500b4fc7e3cc67424ca9acd8349563bb0","contentHash":"cb6676ee26bd82d1d5f7b1f9f6af86d282b4941284d336f878b37ab391ef554f"},"C:\\Users\\Acer\\Desktop\\apis\\es6 joseph brand\\src\\routes\\authRoutes.js":{"path":"C:\\Users\\Acer\\Desktop\\apis\\es6 joseph brand\\src\\routes\\authRoutes.js","statementMap":{"0":{"start":{"line":3,"column":0},"end":{"line":5,"column":3}},"1":{"start":{"line":6,"column":0},"end":{"line":6,"column":28}},"2":{"start":{"line":7,"column":15},"end":{"line":7,"column":33}},"3":{"start":{"line":8,"column":22},"end":{"line":8,"column":89}},"4":{"start":{"line":9,"column":39},"end":{"line":9,"column":95}},"5":{"start":{"line":10,"column":13},"end":{"line":10,"column":35}},"6":{"start":{"line":85,"column":0},"end":{"line":85,"column":63}},"7":{"start":{"line":86,"column":0},"end":{"line":86,"column":61}},"8":{"start":{"line":87,"column":0},"end":{"line":87,"column":61}},"9":{"start":{"line":88,"column":15},"end":{"line":88,"column":21}},"10":{"start":{"line":89,"column":0},"end":{"line":89,"column":30}}},"fnMap":{"0":{"name":"_interopRequireDefault","decl":{"start":{"line":9,"column":9},"end":{"line":9,"column":31}},"loc":{"start":{"line":9,"column":37},"end":{"line":9,"column":97}},"line":9}},"branchMap":{"0":{"loc":{"start":{"line":9,"column":46},"end":{"line":9,"column":94}},"type":"cond-expr","locations":[{"start":{"line":9,"column":70},"end":{"line":9,"column":73}},{"start":{"line":9,"column":76},"end":{"line":9,"column":94}}],"line":9},"1":{"loc":{"start":{"line":9,"column":46},"end":{"line":9,"column":67}},"type":"binary-expr","locations":[{"start":{"line":9,"column":46},"end":{"line":9,"column":49}},{"start":{"line":9,"column":53},"end":{"line":9,"column":67}}],"line":9}},"s":{"0":1,"1":1,"2":1,"3":1,"4":1,"5":1,"6":1,"7":1,"8":1,"9":1,"10":1},"f":{"0":1},"b":{"0":[1,0],"1":[1,1]},"inputSourceMap":{"version":3,"names":["router","Router","post","Users","signup_post","login_post","get","logout_get"],"sourceRoot":"C:\\Users\\Acer\\Desktop\\apis\\es6 joseph brand\\src\\routes\\","sources":["authRoutes.js"],"sourcesContent":["import { Router } from 'express'\r\nimport  Users from '../controllers/authController.js'\r\n\r\nconst router = Router();\r\n/**\r\n * @swagger\r\n * /login:\r\n *   post:\r\n *     tags:\r\n *       - Users\r\n *     name: login\r\n *     summary: login a user\r\n *     consumes:\r\n *       - application/json\r\n *     requestBody:\r\n *       content:\r\n *         application/json:\r\n *           schema:\r\n *             type: object\r\n *             properties:\r\n *                email:\r\n *                 type: string\r\n *                password:\r\n *                 type: string\r\n *     responses:\r\n *       201:\r\n *             description: user created successfully.\r\n *       400:\r\n *             description: Bad request.\r\n *       409:\r\n *             description: user not registered.\r\n * */\r\n\r\n\r\n/**\r\n * @swagger\r\n * /logout:\r\n *   get:\r\n *     tags:\r\n *       - Users\r\n *     name: logout\r\n *     summary: logout a user\r\n *     responses:\r\n *       201:\r\n *             description: logged out user successfully.\r\n *       400:\r\n *             description: Bad request.\r\n *       409:\r\n *             description: The email is already in the system.\r\n * */\r\n\r\n/**\r\n * @swagger\r\n * /signup:\r\n *   get:\r\n *     tags:\r\n *       - Users\r\n *     name: login\r\n *     summary: signup user\r\n *     consumes:\r\n *       - application/json\r\n *     requestBody:\r\n *       content:\r\n *         application/json:\r\n *           schema:\r\n *             type: object\r\n *             properties:\r\n *                email:\r\n *                 type: string\r\n *                password:\r\n *                 type: string\r\n *     responses:\r\n *       201:\r\n *             description: user created successfully.\r\n *       400:\r\n *             description: Bad request.\r\n *       409:\r\n *             description: The email is already registered.\r\n * */\r\nrouter.post('/signup', Users.signup_post);\r\nrouter.post('/login', Users.login_post);\r\nrouter.get('/logout', Users.logout_get);\r\n\r\n\r\n\r\nexport default router"],"mappings":";;;;;;AAAA;AACA;AAAqD;AAErD,IAAMA,MAAM,GAAG,IAAAC,eAAM,GAAE;AACvB;AACA;AACA;AACA;AACA;AACA;AACA;AACA;AACA;AACA;AACA;AACA;AACA;AACA;AACA;AACA;AACA;AACA;AACA;AACA;AACA;AACA;AACA;AACA;AACA;AACA;AACA;AACA;;AAGA;AACA;AACA;AACA;AACA;AACA;AACA;AACA;AACA;AACA;AACA;AACA;AACA;AACA;AACA;AACA;;AAEA;AACA;AACA;AACA;AACA;AACA;AACA;AACA;AACA;AACA;AACA;AACA;AACA;AACA;AACA;AACA;AACA;AACA;AACA;AACA;AACA;AACA;AACA;AACA;AACA;AACA;AACA;AACA;AACAD,MAAM,CAACE,IAAI,CAAC,SAAS,EAAEC,0BAAK,CAACC,WAAW,CAAC;AACzCJ,MAAM,CAACE,IAAI,CAAC,QAAQ,EAAEC,0BAAK,CAACE,UAAU,CAAC;AACvCL,MAAM,CAACM,GAAG,CAAC,SAAS,EAAEH,0BAAK,CAACI,UAAU,CAAC;AAAC,eAIzBP,MAAM;AAAA"},"_coverageSchema":"1a1c01bbd47fc00a2c39e90264f33305004495a9","hash":"0715639b62c0671ce51d408d3b8c14dcae693d8c","contentHash":"b3c0eb61ba7ff19f6802fae88a4f453992edeb593cd3826ab595e59a90790cc1"},"C:\\Users\\Acer\\Desktop\\apis\\es6 joseph brand\\src\\controllers\\authController.js":{"path":"C:\\Users\\Acer\\Desktop\\apis\\es6 joseph brand\\src\\controllers\\authController.js","statementMap":{"0":{"start":{"line":3,"column":0},"end":{"line":5,"column":3}},"1":{"start":{"line":6,"column":0},"end":{"line":6,"column":28}},"2":{"start":{"line":7,"column":12},"end":{"line":7,"column":64}},"3":{"start":{"line":8,"column":20},"end":{"line":8,"column":67}},"4":{"start":{"line":9,"column":19},"end":{"line":9,"column":70}},"5":{"start":{"line":10,"column":39},"end":{"line":10,"column":95}},"6":{"start":{"line":11,"column":51},"end":{"line":11,"column":334}},"7":{"start":{"line":11,"column":153},"end":{"line":11,"column":171}},"8":{"start":{"line":11,"column":193},"end":{"line":11,"column":317}},"9":{"start":{"line":12,"column":196},"end":{"line":12,"column":269}},"10":{"start":{"line":12,"column":251},"end":{"line":12,"column":266}},"11":{"start":{"line":12,"column":284},"end":{"line":12,"column":286}},"12":{"start":{"line":12,"column":293},"end":{"line":12,"column":309}},"13":{"start":{"line":12,"column":320},"end":{"line":12,"column":337}},"14":{"start":{"line":12,"column":356},"end":{"line":12,"column":433}},"15":{"start":{"line":12,"column":409},"end":{"line":12,"column":431}},"16":{"start":{"line":12,"column":445},"end":{"line":12,"column":486}},"17":{"start":{"line":12,"column":505},"end":{"line":12,"column":537}},"18":{"start":{"line":12,"column":561},"end":{"line":12,"column":603}},"19":{"start":{"line":12,"column":625},"end":{"line":12,"column":663}},"20":{"start":{"line":12,"column":700},"end":{"line":12,"column":815}},"21":{"start":{"line":12,"column":818},"end":{"line":12,"column":929}},"22":{"start":{"line":12,"column":824},"end":{"line":12,"column":839}},"23":{"start":{"line":12,"column":856},"end":{"line":12,"column":927}},"24":{"start":{"line":12,"column":900},"end":{"line":12,"column":924}},"25":{"start":{"line":12,"column":1004},"end":{"line":12,"column":1075}},"26":{"start":{"line":12,"column":1089},"end":{"line":12,"column":1128}},"27":{"start":{"line":12,"column":1140},"end":{"line":12,"column":1170}},"28":{"start":{"line":12,"column":1172},"end":{"line":12,"column":1280}},"29":{"start":{"line":12,"column":1317},"end":{"line":12,"column":1427}},"30":{"start":{"line":12,"column":1323},"end":{"line":12,"column":1373}},"31":{"start":{"line":12,"column":1390},"end":{"line":12,"column":1425}},"32":{"start":{"line":12,"column":1430},"end":{"line":12,"column":1450}},"33":{"start":{"line":12,"column":1474},"end":{"line":12,"column":1476}},"34":{"start":{"line":12,"column":1599},"end":{"line":12,"column":1601}},"35":{"start":{"line":12,"column":1603},"end":{"line":12,"column":1675}},"36":{"start":{"line":12,"column":1659},"end":{"line":12,"column":1671}},"37":{"start":{"line":12,"column":1691},"end":{"line":12,"column":1712}},"38":{"start":{"line":12,"column":1740},"end":{"line":12,"column":1782}},"39":{"start":{"line":12,"column":1784},"end":{"line":12,"column":1947}},"40":{"start":{"line":12,"column":1957},"end":{"line":12,"column":2050}},"41":{"start":{"line":12,"column":2096},"end":{"line":12,"column":2236}},"42":{"start":{"line":12,"column":2152},"end":{"line":12,"column":2232}},"43":{"start":{"line":12,"column":2195},"end":{"line":12,"column":2228}},"44":{"start":{"line":12,"column":2349},"end":{"line":12,"column":2392}},"45":{"start":{"line":12,"column":2394},"end":{"line":12,"column":2886}},"46":{"start":{"line":12,"column":2438},"end":{"line":12,"column":2448}},"47":{"start":{"line":12,"column":2458},"end":{"line":12,"column":2470}},"48":{"start":{"line":12,"column":2472},"end":{"line":12,"column":2884}},"49":{"start":{"line":12,"column":2609},"end":{"line":12,"column":2648}},"50":{"start":{"line":12,"column":2669},"end":{"line":12,"column":2707}},"51":{"start":{"line":12,"column":2768},"end":{"line":12,"column":2810}},"52":{"start":{"line":12,"column":2833},"end":{"line":12,"column":2880}},"53":{"start":{"line":12,"column":2887},"end":{"line":12,"column":2906}},"54":{"start":{"line":12,"column":2930},"end":{"line":12,"column":3294}},"55":{"start":{"line":12,"column":3041},"end":{"line":12,"column":3134}},"56":{"start":{"line":12,"column":3093},"end":{"line":12,"column":3130}},"57":{"start":{"line":12,"column":3137},"end":{"line":12,"column":3288}},"58":{"start":{"line":12,"column":3361},"end":{"line":12,"column":3377}},"59":{"start":{"line":12,"column":3379},"end":{"line":12,"column":4499}},"60":{"start":{"line":12,"column":3411},"end":{"line":12,"column":3486}},"61":{"start":{"line":12,"column":3438},"end":{"line":12,"column":3486}},"62":{"start":{"line":12,"column":3487},"end":{"line":12,"column":3573}},"63":{"start":{"line":12,"column":3516},"end":{"line":12,"column":3550}},"64":{"start":{"line":12,"column":3540},"end":{"line":12,"column":3550}},"65":{"start":{"line":12,"column":3551},"end":{"line":12,"column":3571}},"66":{"start":{"line":12,"column":3574},"end":{"line":12,"column":4496}},"67":{"start":{"line":12,"column":3642},"end":{"line":12,"column":3658}},"68":{"start":{"line":12,"column":3660},"end":{"line":12,"column":3836}},"69":{"start":{"line":12,"column":3697},"end":{"line":12,"column":3735}},"70":{"start":{"line":12,"column":3737},"end":{"line":12,"column":3834}},"71":{"start":{"line":12,"column":3759},"end":{"line":12,"column":3809}},"72":{"start":{"line":12,"column":3800},"end":{"line":12,"column":3809}},"73":{"start":{"line":12,"column":3810},"end":{"line":12,"column":3832}},"74":{"start":{"line":12,"column":3837},"end":{"line":12,"column":4138}},"75":{"start":{"line":12,"column":3868},"end":{"line":12,"column":3911}},"76":{"start":{"line":12,"column":3916},"end":{"line":12,"column":4138}},"77":{"start":{"line":12,"column":3950},"end":{"line":12,"column":4021}},"78":{"start":{"line":12,"column":3982},"end":{"line":12,"column":4021}},"79":{"start":{"line":12,"column":4022},"end":{"line":12,"column":4061}},"80":{"start":{"line":12,"column":4069},"end":{"line":12,"column":4138}},"81":{"start":{"line":12,"column":4139},"end":{"line":12,"column":4159}},"82":{"start":{"line":12,"column":4173},"end":{"line":12,"column":4205}},"83":{"start":{"line":12,"column":4207},"end":{"line":12,"column":4392}},"84":{"start":{"line":12,"column":4239},"end":{"line":12,"column":4340}},"85":{"start":{"line":12,"column":4331},"end":{"line":12,"column":4340}},"86":{"start":{"line":12,"column":4341},"end":{"line":12,"column":4390}},"87":{"start":{"line":12,"column":4393},"end":{"line":12,"column":4494}},"88":{"start":{"line":12,"column":4569},"end":{"line":12,"column":4583}},"89":{"start":{"line":12,"column":4594},"end":{"line":12,"column":4623}},"90":{"start":{"line":12,"column":4625},"end":{"line":12,"column":5028}},"91":{"start":{"line":12,"column":4651},"end":{"line":12,"column":5028}},"92":{"start":{"line":12,"column":5042},"end":{"line":12,"column":5090}},"93":{"start":{"line":12,"column":5092},"end":{"line":12,"column":5222}},"94":{"start":{"line":12,"column":5121},"end":{"line":12,"column":5222}},"95":{"start":{"line":12,"column":5234},"end":{"line":12,"column":5244}},"96":{"start":{"line":12,"column":5246},"end":{"line":12,"column":5619}},"97":{"start":{"line":12,"column":5664},"end":{"line":12,"column":5683}},"98":{"start":{"line":12,"column":5685},"end":{"line":12,"column":5823}},"99":{"start":{"line":12,"column":5871},"end":{"line":12,"column":5893}},"100":{"start":{"line":12,"column":5895},"end":{"line":12,"column":5964}},"101":{"start":{"line":12,"column":5999},"end":{"line":12,"column":6095}},"102":{"start":{"line":12,"column":6126},"end":{"line":12,"column":6572}},"103":{"start":{"line":12,"column":6163},"end":{"line":12,"column":6187}},"104":{"start":{"line":12,"column":6189},"end":{"line":12,"column":6246}},"105":{"start":{"line":12,"column":6209},"end":{"line":12,"column":6246}},"106":{"start":{"line":12,"column":6247},"end":{"line":12,"column":6303}},"107":{"start":{"line":12,"column":6287},"end":{"line":12,"column":6303}},"108":{"start":{"line":12,"column":6304},"end":{"line":12,"column":6570}},"109":{"start":{"line":12,"column":6343},"end":{"line":12,"column":6345}},"110":{"start":{"line":12,"column":6354},"end":{"line":12,"column":6542}},"111":{"start":{"line":12,"column":6372},"end":{"line":12,"column":6487}},"112":{"start":{"line":12,"column":6403},"end":{"line":12,"column":6487}},"113":{"start":{"line":12,"column":6433},"end":{"line":12,"column":6487}},"114":{"start":{"line":12,"column":6488},"end":{"line":12,"column":6540}},"115":{"start":{"line":12,"column":6544},"end":{"line":12,"column":6568}},"116":{"start":{"line":12,"column":6573},"end":{"line":12,"column":6601}},"117":{"start":{"line":12,"column":6628},"end":{"line":12,"column":6666}},"118":{"start":{"line":12,"column":6669},"end":{"line":12,"column":12094}},"119":{"start":{"line":12,"column":7102},"end":{"line":12,"column":7151}},"120":{"start":{"line":12,"column":7153},"end":{"line":12,"column":7258}},"121":{"start":{"line":12,"column":7297},"end":{"line":12,"column":7538}},"122":{"start":{"line":12,"column":7575},"end":{"line":12,"column":7599}},"123":{"start":{"line":12,"column":7718},"end":{"line":12,"column":7730}},"124":{"start":{"line":12,"column":7852},"end":{"line":12,"column":7902}},"125":{"start":{"line":12,"column":7914},"end":{"line":12,"column":7987}},"126":{"start":{"line":12,"column":7989},"end":{"line":12,"column":8131}},"127":{"start":{"line":12,"column":8079},"end":{"line":12,"column":8127}},"128":{"start":{"line":12,"column":8247},"end":{"line":12,"column":8259}},"129":{"start":{"line":12,"column":8301},"end":{"line":12,"column":8329}},"130":{"start":{"line":12,"column":8379},"end":{"line":12,"column":8390}},"131":{"start":{"line":12,"column":8399},"end":{"line":12,"column":8401}},"132":{"start":{"line":12,"column":8403},"end":{"line":12,"column":8442}},"133":{"start":{"line":12,"column":8427},"end":{"line":12,"column":8442}},"134":{"start":{"line":12,"column":8443},"end":{"line":12,"column":8628}},"135":{"start":{"line":12,"column":8484},"end":{"line":12,"column":8596}},"136":{"start":{"line":12,"column":8517},"end":{"line":12,"column":8527}},"137":{"start":{"line":12,"column":8529},"end":{"line":12,"column":8594}},"138":{"start":{"line":12,"column":8548},"end":{"line":12,"column":8594}},"139":{"start":{"line":12,"column":8597},"end":{"line":12,"column":8625}},"140":{"start":{"line":12,"column":8740},"end":{"line":12,"column":9075}},"141":{"start":{"line":12,"column":8948},"end":{"line":12,"column":9075}},"142":{"start":{"line":12,"column":8971},"end":{"line":12,"column":9075}},"143":{"start":{"line":12,"column":9103},"end":{"line":12,"column":9118}},"144":{"start":{"line":12,"column":9136},"end":{"line":12,"column":9165}},"145":{"start":{"line":12,"column":9167},"end":{"line":12,"column":9221}},"146":{"start":{"line":12,"column":9200},"end":{"line":12,"column":9221}},"147":{"start":{"line":12,"column":9222},"end":{"line":12,"column":9239}},"148":{"start":{"line":12,"column":9302},"end":{"line":12,"column":9333}},"149":{"start":{"line":12,"column":9317},"end":{"line":12,"column":9333}},"150":{"start":{"line":12,"column":9348},"end":{"line":12,"column":9352}},"151":{"start":{"line":12,"column":9385},"end":{"line":12,"column":9530}},"152":{"start":{"line":12,"column":9533},"end":{"line":12,"column":10237}},"153":{"start":{"line":12,"column":9546},"end":{"line":12,"column":9572}},"154":{"start":{"line":12,"column":9601},"end":{"line":12,"column":9619}},"155":{"start":{"line":12,"column":9630},"end":{"line":12,"column":9646}},"156":{"start":{"line":12,"column":9648},"end":{"line":12,"column":9698}},"157":{"start":{"line":12,"column":9677},"end":{"line":12,"column":9698}},"158":{"start":{"line":12,"column":9699},"end":{"line":12,"column":10235}},"159":{"start":{"line":12,"column":9747},"end":{"line":12,"column":9777}},"160":{"start":{"line":12,"column":9792},"end":{"line":12,"column":9824}},"161":{"start":{"line":12,"column":9826},"end":{"line":12,"column":10233}},"162":{"start":{"line":12,"column":9856},"end":{"line":12,"column":9922}},"163":{"start":{"line":12,"column":9888},"end":{"line":12,"column":9922}},"164":{"start":{"line":12,"column":9923},"end":{"line":12,"column":9989}},"165":{"start":{"line":12,"column":9957},"end":{"line":12,"column":9989}},"166":{"start":{"line":12,"column":9997},"end":{"line":12,"column":10233}},"167":{"start":{"line":12,"column":10013},"end":{"line":12,"column":10079}},"168":{"start":{"line":12,"column":10045},"end":{"line":12,"column":10079}},"169":{"start":{"line":12,"column":10089},"end":{"line":12,"column":10164}},"170":{"start":{"line":12,"column":10106},"end":{"line":12,"column":10164}},"171":{"start":{"line":12,"column":10165},"end":{"line":12,"column":10231}},"172":{"start":{"line":12,"column":10199},"end":{"line":12,"column":10231}},"173":{"start":{"line":12,"column":10278},"end":{"line":12,"column":10503}},"174":{"start":{"line":12,"column":10291},"end":{"line":12,"column":10317}},"175":{"start":{"line":12,"column":10346},"end":{"line":12,"column":10364}},"176":{"start":{"line":12,"column":10366},"end":{"line":12,"column":10501}},"177":{"start":{"line":12,"column":10486},"end":{"line":12,"column":10491}},"178":{"start":{"line":12,"column":10493},"end":{"line":12,"column":10499}},"179":{"start":{"line":12,"column":10504},"end":{"line":12,"column":10651}},"180":{"start":{"line":12,"column":10665},"end":{"line":12,"column":10708}},"181":{"start":{"line":12,"column":10710},"end":{"line":12,"column":10872}},"182":{"start":{"line":12,"column":10924},"end":{"line":12,"column":10970}},"183":{"start":{"line":12,"column":10953},"end":{"line":12,"column":10970}},"184":{"start":{"line":12,"column":10971},"end":{"line":12,"column":11248}},"185":{"start":{"line":12,"column":11290},"end":{"line":12,"column":11512}},"186":{"start":{"line":12,"column":11303},"end":{"line":12,"column":11329}},"187":{"start":{"line":12,"column":11358},"end":{"line":12,"column":11376}},"188":{"start":{"line":12,"column":11378},"end":{"line":12,"column":11510}},"189":{"start":{"line":12,"column":11415},"end":{"line":12,"column":11510}},"190":{"start":{"line":12,"column":11551},"end":{"line":12,"column":11799}},"191":{"start":{"line":12,"column":11564},"end":{"line":12,"column":11590}},"192":{"start":{"line":12,"column":11619},"end":{"line":12,"column":11637}},"193":{"start":{"line":12,"column":11639},"end":{"line":12,"column":11797}},"194":{"start":{"line":12,"column":11683},"end":{"line":12,"column":11699}},"195":{"start":{"line":12,"column":11701},"end":{"line":12,"column":11780}},"196":{"start":{"line":12,"column":11745},"end":{"line":12,"column":11755}},"197":{"start":{"line":12,"column":11757},"end":{"line":12,"column":11778}},"198":{"start":{"line":12,"column":11781},"end":{"line":12,"column":11795}},"199":{"start":{"line":12,"column":11800},"end":{"line":12,"column":11841}},"200":{"start":{"line":12,"column":11916},"end":{"line":12,"column":12080}},"201":{"start":{"line":13,"column":77},"end":{"line":13,"column":175}},"202":{"start":{"line":13,"column":94},"end":{"line":13,"column":107}},"203":{"start":{"line":13,"column":121},"end":{"line":13,"column":131}},"204":{"start":{"line":13,"column":151},"end":{"line":13,"column":165}},"205":{"start":{"line":13,"column":166},"end":{"line":13,"column":173}},"206":{"start":{"line":13,"column":176},"end":{"line":13,"column":263}},"207":{"start":{"line":13,"column":193},"end":{"line":13,"column":208}},"208":{"start":{"line":13,"column":218},"end":{"line":13,"column":261}},"209":{"start":{"line":14,"column":33},"end":{"line":14,"column":387}},"210":{"start":{"line":14,"column":65},"end":{"line":14,"column":69}},"211":{"start":{"line":14,"column":78},"end":{"line":14,"column":87}},"212":{"start":{"line":14,"column":89},"end":{"line":14,"column":384}},"213":{"start":{"line":14,"column":147},"end":{"line":14,"column":167}},"214":{"start":{"line":14,"column":193},"end":{"line":14,"column":264}},"215":{"start":{"line":14,"column":290},"end":{"line":14,"column":360}},"216":{"start":{"line":14,"column":363},"end":{"line":14,"column":380}},"217":{"start":{"line":15,"column":50},"end":{"line":15,"column":151}},"218":{"start":{"line":15,"column":92},"end":{"line":15,"column":149}},"219":{"start":{"line":16,"column":44},"end":{"line":16,"column":331}},"220":{"start":{"line":16,"column":57},"end":{"line":16,"column":58}},"221":{"start":{"line":16,"column":102},"end":{"line":16,"column":110}},"222":{"start":{"line":16,"column":112},"end":{"line":16,"column":167}},"223":{"start":{"line":16,"column":168},"end":{"line":16,"column":199}},"224":{"start":{"line":16,"column":200},"end":{"line":16,"column":254}},"225":{"start":{"line":16,"column":227},"end":{"line":16,"column":254}},"226":{"start":{"line":16,"column":255},"end":{"line":16,"column":329}},"227":{"start":{"line":17,"column":62},"end":{"line":17,"column":131}},"228":{"start":{"line":17,"column":78},"end":{"line":17,"column":131}},"229":{"start":{"line":17,"column":132},"end":{"line":17,"column":193}},"230":{"start":{"line":17,"column":149},"end":{"line":17,"column":193}},"231":{"start":{"line":17,"column":194},"end":{"line":17,"column":263}},"232":{"start":{"line":17,"column":264},"end":{"line":17,"column":283}},"233":{"start":{"line":18,"column":41},"end":{"line":18,"column":68}},"234":{"start":{"line":18,"column":70},"end":{"line":18,"column":123}},"235":{"start":{"line":19,"column":37},"end":{"line":19,"column":101}},"236":{"start":{"line":19,"column":88},"end":{"line":19,"column":101}},"237":{"start":{"line":19,"column":113},"end":{"line":19,"column":138}},"238":{"start":{"line":19,"column":140},"end":{"line":19,"column":326}},"239":{"start":{"line":19,"column":176},"end":{"line":19,"column":211}},"240":{"start":{"line":19,"column":213},"end":{"line":19,"column":255}},"241":{"start":{"line":19,"column":244},"end":{"line":19,"column":255}},"242":{"start":{"line":19,"column":256},"end":{"line":19,"column":324}},"243":{"start":{"line":19,"column":327},"end":{"line":19,"column":379}},"244":{"start":{"line":21,"column":13},"end":{"line":21,"column":29}},"245":{"start":{"line":22,"column":18},"end":{"line":28,"column":1}},"246":{"start":{"line":23,"column":2},"end":{"line":27,"column":5}},"247":{"start":{"line":29,"column":25},"end":{"line":149,"column":3}},"248":{"start":{"line":31,"column":4},"end":{"line":31,"column":33}},"249":{"start":{"line":33,"column":2},"end":{"line":147,"column":6}},"250":{"start":{"line":36,"column":25},"end":{"line":73,"column":9}},"251":{"start":{"line":38,"column":8},"end":{"line":72,"column":37}},"252":{"start":{"line":39,"column":10},"end":{"line":71,"column":11}},"253":{"start":{"line":39,"column":20},"end":{"line":71,"column":11}},"254":{"start":{"line":41,"column":14
[...]
":{"line":167,"column":24},"end":{"line":170,"column":25}},{"start":{"line":167,"column":24},"end":{"line":170,"column":25}}],"line":167},"105":{"loc":{"start":{"line":213,"column":20},"end":{"line":234,"column":11}},"type":"switch","locations":[{"start":{"line":214,"column":12},"end":{"line":219,"column":17}},{"start":{"line":220,"column":12},"end":{"line":223,"column":20}},{"start":{"line":224,"column":12},"end":{"line":230,"column":17}},{"start":{"line":231,"column":12},"end":{"line":231,"column":20}},{"start":{"line":232,"column":12},"end":{"line":233,"column":38}}],"line":213},"106":{"loc":{"start":{"line":248,"column":20},"end":{"line":269,"column":11}},"type":"switch","locations":[{"start":{"line":249,"column":12},"end":{"line":252,"column":50}},{"start":{"line":253,"column":12},"end":{"line":261,"column":20}},{"start":{"line":262,"column":12},"end":{"line":265,"column":40}},{"start":{"line":266,"column":12},"end":{"line":266,"column":20}},{"start":{"line":267,"column":12},"end":{"line":268,"column":38}}],"line":248},"107":{"loc":{"start":{"line":282,"column":20},"end":{"line":306,"column":11}},"type":"switch","locations":[{"start":{"line":283,"column":12},"end":{"line":288,"column":17}},{"start":{"line":289,"column":12},"end":{"line":295,"column":20}},{"start":{"line":296,"column":12},"end":{"line":302,"column":17}},{"start":{"line":303,"column":12},"end":{"line":303,"column":20}},{"start":{"line":304,"column":12},"end":{"line":305,"column":38}}],"line":282},"108":{"loc":{"start":{"line":320,"column":20},"end":{"line":342,"column":11}},"type":"switch","locations":[{"start":{"line":321,"column":12},"end":{"line":324,"column":63}},{"start":{"line":325,"column":12},"end":{"line":332,"column":20}},{"start":{"line":333,"column":12},"end":{"line":338,"column":40}},{"start":{"line":339,"column":12},"end":{"line":339,"column":20}},{"start":{"line":340,"column":12},"end":{"line":341,"column":38}}],"line":320},"109":{"loc":{"start":{"line":356,"column":20},"end":{"line":377,"column":11}},"type":"switch","locations":[{"start":{"line":357,"column":12},"end":{"line":362,"column":30}},{"start":{"line":363,"column":12},"end":{"line":373,"column":17}},{"start":{"line":374,"column":12},"end":{"line":374,"column":19}},{"start":{"line":375,"column":12},"end":{"line":376,"column":39}}],"line":356},"110":{"loc":{"start":{"line":365,"column":14},"end":{"line":369,"column":15}},"type":"if","locations":[{"start":{"line":365,"column":14},"end":{"line":369,"column":15}},{"start":{"line":365,"column":14},"end":{"line":369,"column":15}}],"line":365}},"s":{"0":1,"1":1,"2":1,"3":1,"4":1,"5":1,"6":1,"7":5,"8":1,"9":18,"10":0,"11":1,"12":10,"13":1,"14":1,"15":1,"16":1,"17":0,"18":1,"19":1,"20":1,"21":1,"22":13,"23":1,"24":1,"25":0,"26":0,"27":2,"28":2,"29":2,"30":2,"31":4,"32":4,"33":0,"34":1,"35":1,"36":1,"37":1,"38":0,"39":1,"40":1,"41":1,"42":1,"43":2,"44":6,"45":4,"46":0,"47":0,"48":0,"49":0,"50":0,"51":0,"52":0,"53":0,"54":0,"55":0,"56":0,"57":0,"58":0,"59":0,"60":2,"61":2,"62":4,"63":0,"64":4,"65":0,"66":0,"67":0,"68":4,"69":4,"70":4,"71":0,"72":0,"73":0,"74":0,"75":0,"76":4,"77":4,"78":0,"79":0,"80":0,"81":0,"82":0,"83":4,"84":4,"85":4,"86":4,"87":0,"88":4,"89":0,"90":0,"91":0,"92":0,"93":0,"94":0,"95":0,"96":0,"97":0,"98":0,"99":2,"100":2,"101":4,"102":4,"103":2,"104":1,"105":1,"106":1,"107":1,"108":0,"109":0,"110":0,"111":0,"112":0,"113":0,"114":0,"115":0,"116":0,"117":0,"118":0,"119":0,"120":1,"121":0,"122":0,"123":9,"124":0,"125":0,"126":0,"127":0,"128":0,"129":0,"130":0,"131":0,"132":0,"133":0,"134":0,"135":0,"136":0,"137":0,"138":0,"139":0,"140":0,"141":0,"142":2,"143":0,"144":0,"145":2,"146":2,"147":2,"148":0,"149":2,"150":0,"151":0,"152":0,"153":0,"154":0,"155":0,"156":0,"157":0,"158":0,"159":0,"160":0,"161":0,"162":0,"163":0,"164":0,"165":0,"166":0,"167":0,"168":0,"169":0,"170":0,"171":0,"172":0,"173":0,"174":0,"175":0,"176":0,"177":0,"178":0,"179":0,"180":0,"181":0,"182":0,"183":0,"184":0,"185":0,"186":0,"187":0,"188":0,"189":0,"190":0,"191":0,"192":0,"193":0,"194":0,"195":0,"196":0,"197":0,"198":0,"199":0,"200":0,"201":0,"202":0,"203":4,"204":4,"205":4,"206":0,"207":0,"208":4,"209":2,"210":2,"211":9,"212":2,"213":2,"214":2,"215":2,"216":4,"217":0,"218":2,"219":0,"220":0,"221":1,"222":1,"223":9,"224":9,"225":9,"226":9,"227":9,"228":9,"229":1,"230":0,"231":1,"232":1,"233":1,"234":1,"235":9,"236":9,"237":9,"238":9,"239":0,"240":0,"241":0,"242":0,"243":0,"244":0,"245":0,"246":1,"247":0,"248":1,"249":1,"250":1,"251":2,"252":3,"253":1,"254":1,"255":1,"256":1,"257":1,"258":1,"259":1,"260":0,"261":0,"262":0,"263":1,"264":1,"265":1,"266":1,"267":0,"268":0,"269":0,"270":0,"271":0,"272":0,"273":0,"274":0,"275":0,"276":0,"277":0,"278":0,"279":0,"280":0,"281":0,"282":0,"283":0,"284":0,"285":0,"286":1,"287":1,"288":0,"289":0,"290":0,"291":0,"292":0,"293":0,"294":0,"295":0,"296":0,"297":0,"298":0,"299":0,"300":0,"301":0,"302":0,"303":0,"304":1,"305":1,"306":0,"307":0,"308":0,"309":0,"310":0,"311":0,"312":0,"313":0,"314":0,"315":0,"316":0,"317":0,"318":0,"319":0,"320":0,"321":0,"322":0,"323":0,"324":0,"325":0,"326":0,"327":0,"328":0,"329":0,"330":0,"331":0,"332":0,"333":1,"334":1,"335":0,"336":0,"337":0,"338":0,"339":0,"340":0,"341":0,"342":0,"343":0,"344":0,"345":0,"346":0,"347":0,"348":0,"349":0,"350":1,"351":1,"352":1,"353":2,"354":3,"355":1,"356":1,"357":1,"358":1,"359":1,"360":1,"361":1,"362":0,"363":0,"364":0,"365":1,"366":1,"367":1,"368":1,"369":0,"370":0,"371":0,"372":0,"373":0,"374":0,"375":0,"376":0,"377":0,"378":0,"379":0,"380":0,"381":0,"382":0,"383":0,"384":1,"385":1,"386":0,"387":0,"388":0,"389":0,"390":0,"391":0,"392":0,"393":0,"394":0,"395":0,"396":0,"397":0,"398":0,"399":0,"400":0,"401":0,"402":0,"403":1,"404":1,"405":0,"406":0,"407":0,"408":0,"409":0,"410":0,"411":0,"412":0,"413":0,"414":0,"415":0,"416":0,"417":1,"418":1,"419":1,"420":1},"f":{"0":5,"1":1,"2":18,"3":0,"4":1,"5":10,"6":0,"7":13,"8":0,"9":2,"10":4,"11":0,"12":0,"13":0,"14":0,"15":2,"16":6,"17":4,"18":0,"19":0,"20":0,"21":0,"22":0,"23":0,"24":0,"25":0,"26":0,"27":2,"28":4,"29":0,"30":2,"31":4,"32":2,"33":1,"34":0,"35":0,"36":0,"37":9,"38":0,"39":0,"40":0,"41":0,"42":0,"43":0,"44":0,"45":0,"46":2,"47":2,"48":0,"49":0,"50":0,"51":0,"52":0,"53":0,"54":0,"55":4,"56":9,"57":2,"58":2,"59":4,"60":0,"61":0,"62":1,"63":1,"64":9,"65":9,"66":1,"67":0,"68":1,"69":1,"70":2,"71":1,"72":1,"73":0,"74":0,"75":0,"76":1,"77":0,"78":0,"79":0,"80":1,"81":0,"82":0,"83":0,"84":0,"85":0,"86":0,"87":0,"88":1,"89":0,"90":0,"91":0,"92":1,"93":1,"94":2,"95":1,"96":1,"97":0,"98":0,"99":0,"100":1,"101":0,"102":0,"103":0,"104":1,"105":0,"106":0,"107":0},"b":{"0":[5,0],"1":[5,5],"2":[1,0],"3":[1,1],"4":[0,0],"5":[0,0,0,0],"6":[1,0],"7":[1,0],"8":[1,0],"9":[1,0],"10":[1,0],"11":[2,0],"12":[2,2],"13":[2,0],"14":[1,1],"15":[1,1,1,1],"16":[0,0],"17":[0,0],"18":[0,0,0],"19":[0,0],"20":[0,4],"21":[0,4],"22":[0,0],"23":[0,4],"24":[0,0],"25":[0,0],"26":[4,0],"27":[0,0],"28":[0,0],"29":[0,0],"30":[4,0],"31":[0,4],"32":[2,2],"33":[0,0],"34":[0,0],"35":[0,0,0,0,0],"36":[0,0],"37":[0,0],"38":[0,0],"39":[0,0],"40":[2,2],"41":[2,0],"42":[4,4],"43":[1,0],"44":[1,0],"45":[0,0],"46":[0,0],"47":[0,0],"48":[0,0],"49":[0,0,0],"50":[0,0],"51":[9,0],"52":[0,0],"53":[0,0],"54":[0,0],"55":[0,0],"56":[0,2],"57":[0,0,0,0],"58":[0,2],"59":[0,0],"60":[0,0],"61":[0,0],"62":[0,0],"63":[0,0],"64":[0,0],"65":[0,0],"66":[0,0],"67":[0,0],"68":[0,0],"69":[0,0],"70":[0,0],"71":[0,0],"72":[0,0,0],"73":[0,0,0,0,0,0],"74":[0,0],"75":[0,0],"76":[0,0],"77":[0,0],"78":[0,0],"79":[0,0],"80":[0,0,0],"81":[0,0],"82":[0,0],"83":[0,0],"84":[0,0],"85":[2,2],"86":[0,0],"87":[9,9],"88":[9,0],"89":[0,1],"90":[1,0],"91":[0,9],"92":[9,0],"93":[9,0],"94":[0,0],"95":[0,0],"96":[0,0],"97":[0,0],"98":[1,1,0,1,1],"99":[0,0,0,0,0],"100":[0,0],"101":[0,0,0,0,0],"102":[0,0,0,0,0],"103":[0,0,0],"104":[0,0],"105":[0,0,0,0,0],"106":[1,1,0,1,1],"107":[0,0,0,0,0],"108":[0,0,0,0,0],"109":[0,0,0,0],"110":[0,0]},"inputSourceMap":{"version":3,"names":["Admin","req","res","Blog","find","blogs","json","statusCode","message","data","total","length","console","log","blogID","params","findOne","_id","blog","status","errors","handleErrors","create","body","findOneAndUpdate","id","upsert","runValidators","setDefaultsOnInsert","err","deleteOne","send","error","CONTACT","conts","User","select","users","population","LIKE","sort","likers"],"sourceRoot":"C:\\Users\\Acer\\Desktop\\apis\\es6 joseph brand\\src\\controllers\\","sources":["admincontroller.js"],"sourcesContent":["import  Blog  from '../models/blog.js'\r\nimport  LIKE  from '../models/comment.js'\r\nimport  User  from '../models/User.js'\r\nimport  handleErrors from './errohandler.js' \r\nimport CONTACT from '../models/contact.js'\r\n\r\n// const Commentslikes = (id){\r\n \r\n// }\r\n\r\nclass Admin{\r\nstatic async getAllBlogs(req,res){   \r\n    try{ \r\n    const blogs = await Blog.find({}) \r\n    res.json({\r\n        statusCode: 200,\r\n        message: \"success\",\r\n        data: {\r\n        blogs, total: blogs.length\r\n    }\r\n    })\r\n    }\r\n    catch (error){\r\nconsole.log(error)\r\n    }\r\n}\r\nstatic async getSingleBlogs(req,res){\r\n    try{\r\n    const blogID= req.params.blogID\r\n    const blog = await Blog.findOne({ _id: blogID}) \r\n    if (blog){\r\n    res.json({blog})\r\n    }else{\r\n        res.status(200).json({\r\n            message: \"there is no blog with that id \"\r\n         })\r\n    }\r\n    }\r\n    catch(error){\r\n        errors = handleErrors(error)\r\n        res.status(400).json(errors)\r\n    }\r\n\r\n}\r\nstatic async CreateBlog(req,res){\r\n    try{\r\n   const blog = await  Blog.create(req.body)\r\n   res.status(201).json({\r\n    statusCode: 201,\r\n    message: 'succesfully created',\r\n    blog: blog._id\r\n   })\r\n    }\r\n    catch(err){\r\n        const errors = handleErrors(err)\r\n        res.status(400).json(err)\r\n    }\r\n   \r\n\r\n\r\n}\r\nstatic async EditBlogs(req,res){\r\n    try{\r\n        const blog = await Blog.findOneAndUpdate({_id: req.params.id},req.body,{upsert: true, \r\n            new: true, \r\n            runValidators: true, \r\n            setDefaultsOnInsert: true},\r\n          async  function (err , blog ){\r\n                if(blog){ \r\n                    res.status(200).json({\r\n                        status: 200,\r\n                        message : ` updated blog of id ${req.params.id}`\r\n                    })\r\n                 return\r\n                }\r\n                // else{                 \r\n\r\n                //     console.log(err)\r\n                    \r\n                //     return res.status(400).json({ \r\n                //         status: 400,\r\n                //         message : err.message\r\n                //      });\r\n                     \r\n                // }\r\n            }\r\n            )\r\n    }\r\ncatch(error){\r\n    const errors = handleErrors(error)   \r\n    res.status(400).json({errors})\r\n}\r\n}\r\n\r\nstatic async DeleteBlog(req,res){\r\n\ttry {\r\n\t\tawait Blog.deleteOne({ _id: req.params.id })\r\n\t\tres.status(204).send()\r\n\t} catch {\r\n\t\tres.status(404)\r\n\t\tres.send({ error: \"Post doesn't exist!\" })\r\n\t}\r\n}\r\n\r\nstatic async getContacts(req,res){\r\n    try{ \r\n        const conts = await CONTACT.find({}) \r\n        res.json({\r\n            statusCode: 200,\r\n            message: \"succesfully withdrawn\",\r\n            data:  conts\r\n\r\n        }\r\n            )\r\n        }\r\n        catch (error){\r\n    console.log(error)\r\n        }\r\n}\r\nstatic async Deletemessage(req,res){   \r\n    try {\r\n\t\tawait CONTACT.deleteOne({ _id: req.params.id })\r\n\t\tres.status(204).send({\r\n            statusCode: 200,\r\n            message: \"delete message successfully\"\r\n\r\n        })\r\n\t} catch {\r\n\t\tres.status(404)\r\n\t\tres.send({ error: \"Post doesn't exist!\" })\r\n\t}\r\n}\r\nstatic async getUsers(req,res){\r\n    try{ \r\n        const users = await User.find({}).select('email') \r\n        res.json({users:users, population: users.length })\r\n        }\r\n        catch (error){\r\n            const errors = handleErrors(error)\r\n            res.status(400).json(errors)\r\n    console.log(error)\r\n\r\n        }\r\n}\r\nstatic async getlikes(req,res){\r\n    const blogID= req.params.id\r\n    const likers = await LIKE.find({ _id : blogID }).sort('date')\r\n    if(!likers){\r\n        res.status(200).json({\r\n            message: \"there is no likes yet\"\r\n        })        \r\n    }\r\n res.status(200).json({\r\n    users: likers,\r\n    population: likers.length\r\n\r\n })\r\n}\r\n}\r\n\r\nexport default Admin"],"mappings":";;;;;;AAAA;AACA;AACA;AACA;AACA;AAA0C;AAAA;AAAA,+CAH1C;AAAA;AAAA;AAAA;AAAA;AAAA;AAAA;AAAA;AAKA;AAEA;AAAA,IAEMA,KAAK;EAAA;IAAA;EAAA;EAAA;IAAA;IAAA;MAAA,8EACX,iBAAyBC,GAAG,EAACC,GAAG;QAAA;QAAA;UAAA;YAAA;cAAA;cAAA;cAAA,OAERC,gBAAI,CAACC,IAAI,CAAC,CAAC,CAAC,CAAC;YAAA;cAA3BC,KAAK;cACXH,GAAG,CAACI,IAAI,CAAC;gBACLC,UAAU,EAAE,GAAG;gBACfC,OAAO,EAAE,SAAS;gBAClBC,IAAI,EAAE;kBACNJ,KAAK,EAALA,KAAK;kBAAEK,KAAK,EAAEL,KAAK,CAACM;gBACxB;cACA,CAAC,CAAC;cAAA;cAAA;YAAA;cAAA;cAAA;cAGNC,OAAO,CAACC,GAAG,aAAO;YAAA;YAAA;cAAA;UAAA;QAAA;MAAA,CAEjB;MAAA;QAAA;MAAA;MAAA;IAAA;EAAA;IAAA;IAAA;MAAA,iFACD,kBAA4BZ,GAAG,EAACC,GAAG;QAAA;QAAA;UAAA;YAAA;cAAA;cAEzBY,MAAM,GAAEb,GAAG,CAACc,MAAM,CAACD,MAAM;cAAA;cAAA,OACZX,gBAAI,CAACa,OAAO,CAAC;gBAAEC,GAAG,EAAEH;cAAM,CAAC,CAAC;YAAA;cAAzCI,IAAI;cACV,IAAIA,IAAI,EAAC;gBACThB,GAAG,CAACI,IAAI,CAAC;kBAACY,IAAI,EAAJA;gBAAI,CAAC,CAAC;cAChB,CAAC,MAAI;gBACDhB,GAAG,CAACiB,MAAM,CAAC,GAAG,CAAC,CAACb,IAAI,CAAC;kBACjBE,OAAO,EAAE;gBACZ,CAAC,CAAC;cACP;cAAC;cAAA;YAAA;cAAA;cAAA;cAGGY,MAAM,GAAG,IAAAC,uBAAY,eAAO;cAC5BnB,GAAG,CAACiB,MAAM,CAAC,GAAG,CAAC,CAACb,IAAI,CAACc,MAAM,CAAC;YAAA;YAAA;cAAA;UAAA;QAAA;MAAA,CAGnC;MAAA;QAAA;MAAA;MAAA;IAAA;EAAA;IAAA;IAAA;MAAA,6EACD,kBAAwBnB,GAAG,EAACC,GAAG;QAAA;QAAA;UAAA;YAAA;cAAA;cAAA;cAAA,OAERC,gBAAI,CAACmB,MAAM,CAACrB,GAAG,CAACsB,IAAI,CAAC;YAAA;cAAnCL,IAAI;cACVhB,GAAG,CAACiB,MAAM,CAAC,GAAG,CAAC,CAACb,IAAI,CAAC;gBACpBC,UAAU,EAAE,GAAG;gBACfC,OAAO,EAAE,qBAAqB;gBAC9BU,IAAI,EAAEA,IAAI,CAACD;cACZ,CAAC,CAAC;cAAA;cAAA;YAAA;cAAA;cAAA;cAGSG,OAAM,GAAG,IAAAC,uBAAY,eAAK;cAChCnB,GAAG,CAACiB,MAAM,CAAC,GAAG,CAAC,CAACb,IAAI,cAAK;YAAA;YAAA;cAAA;UAAA;QAAA;MAAA,CAKhC;MAAA;QAAA;MAAA;MAAA;IAAA;EAAA;IAAA;IAAA;MAAA,4EACD,kBAAuBL,GAAG,EAACC,GAAG;QAAA;QAAA;UAAA;YAAA;cAAA;cAAA;cAAA,OAEHC,gBAAI,CAACqB,gBAAgB,CAAC;gBAACP,GAAG,EAAEhB,GAAG,CAACc,MAAM,CAACU;cAAE,CAAC,EAACxB,GAAG,CAACsB,IAAI,EAAC;gBAACG,MAAM,EAAE,IAAI;gBAChF,OAAK,IAAI;gBACTC,aAAa,EAAE,IAAI;gBACnBC,mBAAmB,EAAE;cAAI,CAAC;gBAAA,sEAC5B,kBAAiBC,GAAG,EAAGX,IAAI;kBAAA;oBAAA;sBAAA;wBAAA,KAClBA,IAAI;0BAAA;0BAAA;wBAAA;wBACHhB,GAAG,CAACiB,MAAM,CAAC,GAAG,CAAC,CAACb,IAAI,CAAC;0BACjBa,MAAM,EAAE,GAAG;0BACXX,OAAO,gCAA0BP,GAAG,CAACc,MAAM,CAACU,EAAE;wBAClD,CAAC,CAAC;wBAAA;sBAAA;sBAAA;wBAAA;oBAAA;kBAAA;gBAAA,CAaT;gBAAA;kBAAA;gBAAA;cAAA,IACA;YAAA;cAvBCP,IAAI;cAAA;cAAA;YAAA;cAAA;cAAA;cA0BRE,QAAM,GAAG,IAAAC,uBAAY,eAAO;cAClCnB,GAAG,CAACiB,MAAM,CAAC,GAAG,CAAC,CAACb,IAAI,CAAC;gBAACc,MAAM,EAANA;cAAM,CAAC,CAAC;YAAA;YAAA;cAAA;UAAA;QAAA;MAAA,CAEjC;MAAA;QAAA;MAAA;MAAA;IAAA;EAAA;IAAA;IAAA;MAAA,6EAED,kBAAwBnB,GAAG,EAACC,GAAG;QAAA;UAAA;YAAA;cAAA;cAAA;cAAA,OAEvBC,gBAAI,CAAC2B,SAAS,CAAC;gBAAEb,GAAG,EAAEhB,GAAG,CAACc,MAAM,CAACU;cAAG,CAAC,CAAC;YAAA;cAC5CvB,GAAG,CAACiB,MAAM,CAAC,GAAG,CAAC,CAACY,IAAI,EAAE;cAAA;cAAA;YAAA;cAAA;cAAA;cAEtB7B,GAAG,CAACiB,MAAM,CAAC,GAAG,CAAC;cACfjB,GAAG,CAAC6B,IAAI,CAAC;gBAAEC,KAAK,EAAE;cAAsB,CAAC,CAAC;YAAA;YAAA;cAAA;UAAA;QAAA;MAAA,CAE3C;MAAA;QAAA;MAAA;MAAA;IAAA;EAAA;IAAA;IAAA;MAAA,8EAED,kBAAyB/B,GAAG,EAACC,GAAG;QAAA;QAAA;UAAA;YAAA;cAAA;cAAA;cAAA,OAEJ+B,mBAAO,CAAC7B,IAAI,CAAC,CAAC,CAAC,CAAC;YAAA;cAA9B8B,KAAK;cACXhC,GAAG,CAACI,IAAI,CAAC;gBACLC,UAAU,EAAE,GAAG;gBACfC,OAAO,EAAE,uBAAuB;gBAChCC,IAAI,EAAGyB;cAEX,CAAC,CACI;cAAA;cAAA;YAAA;cAAA;cAAA;cAGTtB,OAAO,CAACC,GAAG,cAAO;YAAA;YAAA;cAAA;UAAA;QAAA;MAAA,CAErB;MAAA;QAAA;MAAA;MAAA;IAAA;EAAA;IAAA;IAAA;MAAA,gFACD,kBAA2BZ,GAAG,EAACC,GAAG;QAAA;UAAA;YAAA;cAAA;cAAA;cAAA,OAE1B+B,mBAAO,CAACH,SAAS,CAAC;gBAAEb,GAAG,EAAEhB,GAAG,CAACc,MAAM,CAACU;cAAG,CAAC,CAAC;YAAA;cAC/CvB,GAAG,CAACiB,MAAM,CAAC,GAAG,CAAC,CAACY,IAAI,CAAC;gBACXxB,UAAU,EAAE,GAAG;gBACfC,OAAO,EAAE;cAEb,CAAC,CAAC;cAAA;cAAA;YAAA;cAAA;cAAA;cAERN,GAAG,CAACiB,MAAM,CAAC,GAAG,CAAC;cACfjB,GAAG,CAAC6B,IAAI,CAAC;gBAAEC,KAAK,EAAE;cAAsB,CAAC,CAAC;YAAA;YAAA;cAAA;UAAA;QAAA;MAAA,CAE3C;MAAA;QAAA;MAAA;MAAA;IAAA;EAAA;IAAA;IAAA;MAAA,2EACD,kBAAsB/B,GAAG,EAACC,GAAG;QAAA;QAAA;UAAA;YAAA;cAAA;cAAA;cAAA,OAEDiC,gBAAI,CAAC/B,IAAI,CAAC,CAAC,CAAC,CAAC,CAACgC,MAAM,CAAC,OAAO,CAAC;YAAA;cAA3CC,KAAK;cACXnC,GAAG,CAACI,IAAI,CAAC;gBAAC+B,KAAK,EAACA,KAAK;gBAAEC,UAAU,EAAED,KAAK,CAAC1B;cAAO,CAAC,CAAC;cAAA;cAAA;YAAA;cAAA;cAAA;cAGxCS,QAAM,GAAG,IAAAC,uBAAY,eAAO;cAClCnB,GAAG,CAACiB,MAAM,CAAC,GAAG,CAAC,CAACb,IAAI,CAACc,QAAM,CAAC;cACpCR,OAAO,CAACC,GAAG,cAAO;YAAA;YAAA;cAAA;UAAA;QAAA;MAAA,CAGrB;MAAA;QAAA;MAAA;MAAA;IAAA;EAAA;IAAA;IAAA;MAAA,2EACD,mBAAsBZ,GAAG,EAACC,GAAG;QAAA;QAAA;UAAA;YAAA;cACnBY,MAAM,GAAEb,GAAG,CAACc,MAAM,CAACU,EAAE;cAAA;cAAA,OACNc,mBAAI,CAACnC,IAAI,CAAC;gBAAEa,GAAG,EAAGH;cAAO,CAAC,CAAC,CAAC0B,IAAI,CAAC,MAAM,CAAC;YAAA;cAAvDC,MAAM;cACZ,IAAG,CAACA,MAAM,EAAC;gBACPvC,GAAG,CAACiB,MAAM,CAAC,GAAG,CAAC,CAACb,IAAI,CAAC;kBACjBE,OAAO,EAAE;gBACb,CAAC,CAAC;cACN;cACHN,GAAG,CAACiB,MAAM,CAAC,GAAG,CAAC,CAACb,IAAI,CAAC;gBAClB+B,KAAK,EAAEI,MAAM;gBACbH,UAAU,EAAEG,MAAM,CAAC9B;cAEtB,CAAC,CAAC;YAAA;YAAA;cAAA;UAAA;QAAA;MAAA,CACF;MAAA;QAAA;MAAA;MAAA;IAAA;EAAA;EAAA;AAAA;AAAA,eAGcX,KAAK;AAAA"},"_coverageSchema":"1a1c01bbd47fc00a2c39e90264f33305004495a9","hash":"408fa2ef5696f83d44f12bf85958d1e22b357a4a","contentHash":"e2d7cb9d04673a365d2406e319e481a52818a4a4181768ae897699c3ed5b52be"},"C:\\Users\\Acer\\Desktop\\apis\\es6 joseph brand\\src\\routes\\contactme.js":{"path":"C:\\Users\\Acer\\Desktop\\apis\\es6 joseph brand\\src\\routes\\contactme.js","statementMap":{"0":{"start":{"line":3,"column":0},"end":{"line":5,"column":3}},"1":{"start":{"line":6,"column":0},"end":{"line":6,"column":28}},"2":{"start":{"line":7,"column":15},"end":{"line":7,"column":57}},"3":{"start":{"line":8,"column":22},"end":{"line":8,"column":89}},"4":{"start":{"line":9,"column":39},"end":{"line":9,"column":95}},"5":{"start":{"line":10,"column":13},"end":{"line":10,"column":41}},"6":{"start":{"line":11,"column":0},"end":{"line":11,"column":63}},"7":{"start":{"line":12,"column":15},"end":{"line":12,"column":21}},"8":{"start":{"line":13,"column":0},"end":{"line":13,"column":30}}},"fnMap":{"0":{"name":"_interopRequireDefault","decl":{"start":{"line":9,"column":9},"end":{"line":9,"column":31}},"loc":{"start":{"line":9,"column":37},"end":{"line":9,"column":97}},"line":9}},"branchMap":{"0":{"loc":{"start":{"line":9,"column":46},"end":{"line":9,"column":94}},"type":"cond-expr","locations":[{"start":{"line":9,"column":70},"end":{"line":9,"column":73}},{"start":{"line":9,"column":76},"end":{"line":9,"column":94}}],"line":9},"1":{"loc":{"start":{"line":9,"column":46},"end":{"line":9,"column":67}},"type":"binary-expr","locations":[{"start":{"line":9,"column":46},"end":{"line":9,"column":49}},{"start":{"line":9,"column":53},"end":{"line":9,"column":67}}],"line":9}},"s":{"0":1,"1":1,"2":1,"3":1,"4":2,"5":1,"6":1,"7":1,"8":1},"f":{"0":2},"b":{"0":[1,1],"1":[2,2]},"inputSourceMap":{"version":3,"names":["router","express","Router","post","Blogcontroller","addMessage"],"sourceRoot":"C:\\Users\\Acer\\Desktop\\apis\\es6 joseph brand\\src\\routes\\","sources":["contactme.js"],"sourcesContent":["import express from \"express\"\r\nimport Blogcontroller from \"../controllers/blogcontroller.js\"\r\nconst router = express.Router()\r\n\r\nrouter.post('/contact',Blogcontroller.addMessage)\r\n\r\nexport default router"],"mappings":";;;;;;AAAA;AACA;AAA6D;AAC7D,IAAMA,MAAM,GAAGC,mBAAO,CAACC,MAAM,EAAE;AAE/BF,MAAM,CAACG,IAAI,CAAC,UAAU,EAACC,0BAAc,CAACC,UAAU,CAAC;AAAA,eAElCL,MAAM;AAAA"},"_coverageSchema":"1a1c01bbd47fc00a2c39e90264f33305004495a9","hash":"d0f4b13d8d1cfed9030f6a93388648c754935864","contentHash":"cb72856f28ab93705e62b60960539137476b719429a1e79657317879737e10d6"}}