{"C:\\Users\\Acer\\Desktop\\apis\\es6 joseph brand\\src\\Test\\Test.js":{"path":"C:\\Users\\Acer\\Desktop\\apis\\es6 joseph brand\\src\\Test\\Test.js","statementMap":{"0":{"start":{"line":3,"column":12},"end":{"line":3,"column":51}},"1":{"start":{"line":4,"column":16},"end":{"line":4,"column":60}},"2":{"start":{"line":5,"column":11},"end":{"line":5,"column":55}},"3":{"start":{"line":6,"column":39},"end":{"line":6,"column":95}},"4":{"start":{"line":7,"column":0},"end":{"line":7,"column":26}},"5":{"start":{"line":8,"column":0},"end":{"line":8,"column":43}},"6":{"start":{"line":9,"column":0},"end":{"line":179,"column":3}},"7":{"start":{"line":48,"column":2},"end":{"line":62,"column":5}},"8":{"start":{"line":49,"column":4},"end":{"line":55,"column":7}},"9":{"start":{"line":50,"column":6},"end":{"line":53,"column":9}},"10":{"start":{"line":51,"column":8},"end":{"line":51,"column":41}},"11":{"start":{"line":52,"column":8},"end":{"line":52,"column":54}},"12":{"start":{"line":54,"column":6},"end":{"line":54,"column":13}},"13":{"start":{"line":56,"column":4},"end":{"line":61,"column":7}},"14":{"start":{"line":57,"column":6},"end":{"line":59,"column":9}},"15":{"start":{"line":58,"column":8},"end":{"line":58,"column":54}},"16":{"start":{"line":60,"column":6},"end":{"line":60,"column":13}},"17":{"start":{"line":64,"column":2},"end":{"line":78,"column":5}},"18":{"start":{"line":65,"column":17},"end":{"line":65,"column":43}},"19":{"start":{"line":66,"column":4},"end":{"line":71,"column":7}},"20":{"start":{"line":67,"column":6},"end":{"line":69,"column":9}},"21":{"start":{"line":68,"column":8},"end":{"line":68,"column":41}},"22":{"start":{"line":70,"column":6},"end":{"line":70,"column":13}},"23":{"start":{"line":72,"column":4},"end":{"line":77,"column":7}},"24":{"start":{"line":73,"column":6},"end":{"line":75,"column":9}},"25":{"start":{"line":74,"column":8},"end":{"line":74,"column":49}},"26":{"start":{"line":76,"column":6},"end":{"line":76,"column":13}},"27":{"start":{"line":80,"column":2},"end":{"line":95,"column":5}},"28":{"start":{"line":81,"column":17},"end":{"line":81,"column":43}},"29":{"start":{"line":82,"column":18},"end":{"line":82,"column":42}},"30":{"start":{"line":83,"column":4},"end":{"line":88,"column":7}},"31":{"start":{"line":84,"column":6},"end":{"line":86,"column":9}},"32":{"start":{"line":85,"column":8},"end":{"line":85,"column":41}},"33":{"start":{"line":87,"column":6},"end":{"line":87,"column":13}},"34":{"start":{"line":89,"column":4},"end":{"line":94,"column":7}},"35":{"start":{"line":90,"column":6},"end":{"line":92,"column":9}},"36":{"start":{"line":91,"column":8},"end":{"line":91,"column":49}},"37":{"start":{"line":93,"column":6},"end":{"line":93,"column":13}},"38":{"start":{"line":98,"column":2},"end":{"line":113,"column":5}},"39":{"start":{"line":99,"column":17},"end":{"line":99,"column":43}},"40":{"start":{"line":100,"column":18},"end":{"line":100,"column":42}},"41":{"start":{"line":101,"column":4},"end":{"line":106,"column":7}},"42":{"start":{"line":102,"column":6},"end":{"line":104,"column":9}},"43":{"start":{"line":103,"column":8},"end":{"line":103,"column":41}},"44":{"start":{"line":105,"column":6},"end":{"line":105,"column":13}},"45":{"start":{"line":107,"column":4},"end":{"line":112,"column":7}},"46":{"start":{"line":108,"column":6},"end":{"line":110,"column":9}},"47":{"start":{"line":109,"column":8},"end":{"line":109,"column":49}},"48":{"start":{"line":111,"column":6},"end":{"line":111,"column":13}},"49":{"start":{"line":116,"column":2},"end":{"line":133,"column":5}},"50":{"start":{"line":117,"column":16},"end":{"line":117,"column":189}},"51":{"start":{"line":118,"column":4},"end":{"line":124,"column":7}},"52":{"start":{"line":119,"column":6},"end":{"line":122,"column":9}},"53":{"start":{"line":120,"column":8},"end":{"line":120,"column":41}},"54":{"start":{"line":121,"column":8},"end":{"line":121,"column":68}},"55":{"start":{"line":123,"column":6},"end":{"line":123,"column":13}},"56":{"start":{"line":125,"column":4},"end":{"line":132,"column":7}},"57":{"start":{"line":126,"column":6},"end":{"line":129,"column":9}},"58":{"start":{"line":127,"column":8},"end":{"line":127,"column":41}},"59":{"start":{"line":131,"column":6},"end":{"line":131,"column":13}},"60":{"start":{"line":135,"column":2},"end":{"line":144,"column":5}},"61":{"start":{"line":136,"column":16},"end":{"line":136,"column":189}},"62":{"start":{"line":137,"column":4},"end":{"line":143,"column":7}},"63":{"start":{"line":138,"column":6},"end":{"line":141,"column":9}},"64":{"start":{"line":139,"column":8},"end":{"line":139,"column":41}},"65":{"start":{"line":140,"column":8},"end":{"line":140,"column":68}},"66":{"start":{"line":142,"column":6},"end":{"line":142,"column":13}},"67":{"start":{"line":146,"column":2},"end":{"line":157,"column":5}},"68":{"start":{"line":147,"column":15},"end":{"line":151,"column":5}},"69":{"start":{"line":152,"column":4},"end":{"line":156,"column":7}},"70":{"start":{"line":153,"column":6},"end":{"line":155,"column":9}},"71":{"start":{"line":154,"column":8},"end":{"line":154,"column":41}},"72":{"start":{"line":159,"column":2},"end":{"line":165,"column":5}},"73":{"start":{"line":160,"column":4},"end":{"line":164,"column":7}},"74":{"start":{"line":161,"column":6},"end":{"line":163,"column":9}},"75":{"start":{"line":162,"column":8},"end":{"line":162,"column":41}},"76":{"start":{"line":167,"column":2},"end":{"line":176,"column":5}},"77":{"start":{"line":168,"column":16},"end":{"line":168,"column":189}},"78":{"start":{"line":169,"column":4},"end":{"line":175,"column":7}},"79":{"start":{"line":170,"column":6},"end":{"line":173,"column":9}},"80":{"start":{"line":171,"column":8},"end":{"line":171,"column":41}},"81":{"start":{"line":172,"column":8},"end":{"line":172,"column":68}},"82":{"start":{"line":174,"column":6},"end":{"line":174,"column":13}}},"fnMap":{"0":{"name":"_interopRequireDefault","decl":{"start":{"line":6,"column":9},"end":{"line":6,"column":31}},"loc":{"start":{"line":6,"column":37},"end":{"line":6,"column":97}},"line":6},"1":{"name":"(anonymous_1)","decl":{"start":{"line":9,"column":22},"end":{"line":9,"column":23}},"loc":{"start":{"line":9,"column":34},"end":{"line":179,"column":1}},"line":9},"2":{"name":"(anonymous_2)","decl":{"start":{"line":48,"column":25},"end":{"line":48,"column":26}},"loc":{"start":{"line":48,"column":37},"end":{"line":62,"column":3}},"line":48},"3":{"name":"(anonymous_3)","decl":{"start":{"line":49,"column":35},"end":{"line":49,"column":36}},"loc":{"start":{"line":49,"column":51},"end":{"line":55,"column":5}},"line":49},"4":{"name":"(anonymous_4)","decl":{"start":{"line":50,"column":66},"end":{"line":50,"column":67}},"loc":{"start":{"line":50,"column":91},"end":{"line":53,"column":7}},"line":50},"5":{"name":"(anonymous_5)","decl":{"start":{"line":56,"column":53},"end":{"line":56,"column":54}},"loc":{"start":{"line":56,"column":69},"end":{"line":61,"column":5}},"line":56},"6":{"name":"(anonymous_6)","decl":{"start":{"line":57,"column":66},"end":{"line":57,"column":67}},"loc":{"start":{"line":57,"column":91},"end":{"line":59,"column":7}},"line":57},"7":{"name":"(anonymous_7)","decl":{"start":{"line":64,"column":29},"end":{"line":64,"column":30}},"loc":{"start":{"line":64,"column":41},"end":{"line":78,"column":3}},"line":64},"8":{"name":"(anonymous_8)","decl":{"start":{"line":66,"column":43},"end":{"line":66,"column":44}},"loc":{"start":{"line":66,"column":59},"end":{"line":71,"column":5}},"line":66},"9":{"name":"(anonymous_9)","decl":{"start":{"line":67,"column":76},"end":{"line":67,"column":77}},"loc":{"start":{"line":67,"column":101},"end":{"line":69,"column":7}},"line":67},"10":{"name":"(anonymous_10)","decl":{"start":{"line":72,"column":49},"end":{"line":72,"column":50}},"loc":{"start":{"line":72,"column":65},"end":{"line":77,"column":5}},"line":72},"11":{"name":"(anonymous_11)","decl":{"start":{"line":73,"column":76},"end":{"line":73,"column":77}},"loc":{"start":{"line":73,"column":101},"end":{"line":75,"column":7}},"line":73},"12":{"name":"(anonymous_12)","decl":{"start":{"line":80,"column":38},"end":{"line":80,"column":39}},"loc":{"start":{"line":80,"column":50},"end":{"line":95,"column":3}},"line":80},"13":{"name":"(anonymous_13)","decl":{"start":{"line":83,"column":50},"end":{"line":83,"column":51}},"loc":{"start":{"line":83,"column":66},"end":{"line":88,"column":5}},"line":83},"14":{"name":"(anonymous_14)","decl":{"start":{"line":84,"column":104},"end":{"line":84,"column":105}},"loc":{"start":{"line":84,"column":129},"end":{"line":86,"column":7}},"line":84},"15":{"name":"(anonymous_15)","decl":{"start":{"line":89,"column":37},"end":{"line":89,"column":38}},"loc":{"start":{"line":89,"column":53},"end":{"line":94,"column":5}},"line":89},"16":{"name":"(anonymous_16)","decl":{"start":{"line":90,"column":76},"end":{"line":90,"column":77}},"loc":{"start":{"line":90,"column":101},"end":{"line":92,"column":7}},"line":90},"17":{"name":"(anonymous_17)","decl":{"start":{"line":98,"column":35},"end":{"line":98,"column":36}},"loc":{"start":{"line":98,"column":47},"end":{"line":113,"column":3}},"line":98},"18":{"name":"(anonymous_18)","decl":{"start":{"line":101,"column":43},"end":{"line":101,"column":44}},"loc":{"start":{"line":101,"column":59},"end":{"line":106,"column":5}},"line":101},"19":{"name":"(anonymous_19)","decl":{"start":{"line":102,"column":101},"end":{"line":102,"column":102}},"loc":{"start":{"line":102,"column":126},"end":{"line":104,"column":7}},"line":102},"20":{"name":"(anonymous_20)","decl":{"start":{"line":107,"column":49},"end":{"line":107,"column":50}},"loc":{"start":{"line":107,"column":65},"end":{"line":112,"column":5}},"line":107},"21":{"name":"(anonymous_21)","decl":{"start":{"line":108,"column":76},"end":{"line":108,"column":77}},"loc":{"start":{"line":108,"column":101},"end":{"line":110,"column":7}},"line":108},"22":{"name":"(anonymous_22)","decl":{"start":{"line":116,"column":34},"end":{"line":116,"column":35}},"loc":{"start":{"line":116,"column":46},"end":{"line":133,"column":3}},"line":116},"23":{"name":"(anonymous_23)","decl":{"start":{"line":118,"column":64},"end":{"line":118,"column":65}},"loc":{"start":{"line":118,"column":80},"end":{"line":124,"column":5}},"line":118},"24":{"name":"(anonymous_24)","decl":{"start":{"line":119,"column":75},"end":{"line":119,"column":76}},"loc":{"start":{"line":119,"column":100},"end":{"line":122,"column":7}},"line":119},"25":{"name":"(anonymous_25)","decl":{"start":{"line":125,"column":64},"end":{"line":125,"column":65}},"loc":{"start":{"line":125,"column":80},"end":{"line":132,"column":5}},"line":125},"26":{"name":"(anonymous_26)","decl":{"start":{"line":126,"column":95},"end":{"line":126,"column":96}},"loc":{"start":{"line":126,"column":120},"end":{"line":129,"column":7}},"line":126},"27":{"name":"(anonymous_27)","decl":{"start":{"line":135,"column":31},"end":{"line":135,"column":32}},"loc":{"start":{"line":135,"column":43},"end":{"line":144,"column":3}},"line":135},"28":{"name":"(anonymous_28)","decl":{"start":{"line":137,"column":46},"end":{"line":137,"column":47}},"loc":{"start":{"line":137,"column":62},"end":{"line":143,"column":5}},"line":137},"29":{"name":"(anonymous_29)","decl":{"start":{"line":138,"column":72},"end":{"line":138,"column":73}},"loc":{"start":{"line":138,"column":97},"end":{"line":141,"column":7}},"line":138},"30":{"name":"(anonymous_30)","decl":{"start":{"line":146,"column":31},"end":{"line":146,"column":32}},"loc":{"start":{"line":146,"column":43},"end":{"line":157,"column":3}},"line":146},"31":{"name":"(anonymous_31)","decl":{"start":{"line":152,"column":47},"end":{"line":152,"column":48}},"loc":{"start":{"line":152,"column":59},"end":{"line":156,"column":5}},"line":152},"32":{"name":"(anonymous_32)","decl":{"start":{"line":153,"column":84},"end":{"line":153,"column":85}},"loc":{"start":{"line":153,"column":109},"end":{"line":155,"column":7}},"line":153},"33":{"name":"(anonymous_33)","decl":{"start":{"line":159,"column":37},"end":{"line":159,"column":38}},"loc":{"start":{"line":159,"column":49},"end":{"line":165,"column":3}},"line":159},"34":{"name":"(anonymous_34)","decl":{"start":{"line":160,"column":47},"end":{"line":160,"column":48}},"loc":{"start":{"line":160,"column":59},"end":{"line":164,"column":5}},"line":160},"35":{"name":"(anonymous_35)","decl":{"start":{"line":161,"column":78},"end":{"line":161,"column":79}},"loc":{"start":{"line":161,"column":103},"end":{"line":163,"column":7}},"line":161},"36":{"name":"(anonymous_36)","decl":{"start":{"line":167,"column":34},"end":{"line":167,"column":35}},"loc":{"start":{"line":167,"column":46},"end":{"line":176,"column":3}},"line":167},"37":{"name":"(anonymous_37)","decl":{"start":{"line":169,"column":46},"end":{"line":169,"column":47}},"loc":{"start":{"line":169,"column":62},"end":{"line":175,"column":5}},"line":169},"38":{"name":"(anonymous_38)","decl":{"start":{"line":170,"column":75},"end":{"line":170,"column":76}},"loc":{"start":{"line":170,"column":100},"end":{"line":173,"column":7}},"line":170}},"branchMap":{"0":{"loc":{"start":{"line":6,"column":46},"end":{"line":6,"column":94}},"type":"cond-expr","locations":[{"start":{"line":6,"column":70},"end":{"line":6,"column":73}},{"start":{"line":6,"column":76},"end":{"line":6,"column":94}}],"line":6},"1":{"loc":{"start":{"line":6,"column":46},"end":{"line":6,"column":67}},"type":"binary-expr","locations":[{"start":{"line":6,"column":46},"end":{"line":6,"column":49}},{"start":{"line":6,"column":53},"end":{"line":6,"column":67}}],"line":6}},"s":{"0":1,"1":1,"2":1,"3":3,"4":1,"5":1,"6":1,"7":1,"8":1,"9":1,"10":1,"11":1,"12":1,"13":1,"14":1,"15":1,"16":1,"17":1,"18":1,"19":1,"20":1,"21":1,"22":1,"23":1,"24":1,"25":1,"26":1,"27":1,"28":1,"29":1,"30":1,"31":1,"32":1,"33":1,"34":1,"35":1,"36":1,"37":1,"38":1,"39":1,"40":1,"41":1,"42":1,"43":1,"44":1,"45":1,"46":1,"47":1,"48":1,"49":1,"50":1,"51":1,"52":1,"53":1,"54":1,"55":1,"56":1,"57":1,"58":1,"59":1,"60":1,"61":1,"62":1,"63":1,"64":1,"65":1,"66":1,"67":1,"68":1,"69":1,"70":1,"71":1,"72":1,"73":1,"74":1,"75":1,"76":1,"77":1,"78":1,"79":1,"80":1,"81":1,"82":1},"f":{"0":3,"1":1,"2":1,"3":1,"4":1,"5":1,"6":1,"7":1,"8":1,"9":1,"10":1,"11":1,"12":1,"13":1,"14":1,"15":1,"16":1,"17":1,"18":1,"19":1,"20":1,"21":1,"22":1,"23":1,"24":1,"25":1,"26":1,"27":1,"28":1,"29":1,"30":1,"31":1,"32":1,"33":1,"34":1,"35":1,"36":1,"37":1,"38":1},"b":{"0":[1,2],"1":[3,3]},"inputSourceMap":{"version":3,"names":["chai","should","use","chaiHttp","describe","it","done","request","app","get","end","err","response","have","status","body","message","be","eq","blogid","data","a","comment","post","send","token","set","blog","title","image"],"sourceRoot":"C:\\Users\\Acer\\Desktop\\apis\\es6 joseph brand\\src\\Test\\","sources":["Test.js"],"sourcesContent":["import chai from \"chai\"\r\nimport chaiHttp from \"chai-http\"\r\nimport app from \"../app.js\"\r\n\r\nchai.should()\r\n\r\nchai.use(chaiHttp)\r\n\r\ndescribe(\"blogs api\" ,()=>{\r\n    //login \r\n    // describe(\"GET /login\", ()=>{        \r\n    //     const users=[{\r\n    //         email: \"joseph@gmail.com\",\r\n    //         password : \"pass123\"\r\n    //     },\r\n    //    {\r\n    //         email: \"joseph@gmail.com\",\r\n    //         password : \"pass1mm23\"\r\n    //     },\r\n    //     {\r\n    //         email: \"josephgmail.com\",\r\n    //         password : \"pass123\"\r\n    //     }]\r\n    //     it(\"should log the user in \",(done)=>{\r\n    //         chai.request(server)\r\n    //         .post('/login')\r\n    //         .send(users[0]) \r\n    //         .end((err,response) =>{\r\n    //             response.should.have.status(200)     \r\n    //             response.body.message.should.be.eq(\"you are not logged in\")           \r\n    //         })             \r\n    //         done();\r\n    //     })   \r\n    //     it(\"it should say incorect email or password\",(done)=>{\r\n    //         chai.request(app)\r\n    //         .post('/login')\r\n    //         .send(users[1]) \r\n    //         .end((err,response) =>{\r\n    //             response.should.have.status(400)     \r\n    //              response.body.msg.should.be.eq(\"incorrect password\")        \r\n                  \r\n    //         })             \r\n    //         done();\r\n    //     })   \r\n    // })\r\n    //signup \r\n    //get blogs\r\n    describe(\"GET /blogs\", ()=>{\r\n        it(\"it should get all blogs \",(done)=>{\r\n            chai.request(app)\r\n            .get('/blogs') \r\n            .end((err,response) =>{\r\n                response.should.have.status(200)\r\n                response.body.message.should.be.eq('success')                \r\n            }) \r\n            done();\r\n        })\r\n        it(\"it should get response message of success \",(done)=>{\r\n            chai.request(app)\r\n            .get('/blogs') \r\n            .end((err,response) =>{                \r\n                response.body.message.should.be.eq('success')                          \r\n            }) \r\n            done();\r\n        })   \r\n    })      \r\n    //get by id \r\n    describe(\"GET /blogs/:id\", ()=>{\r\n        const blogid = \"639b45418b6be33a98643589\"\r\n        it(\"it should get single blog by id \",(done)=>{            \r\n            chai.request(app)\r\n            .get('/blogs/'+ blogid) \r\n            .end((err,response) =>{\r\n                response.should.have.status(200)                \r\n            }) \r\n            done();\r\n        })\r\n        it(\"it should get one object for one blog \",(done)=>{\r\n            chai.request(app)\r\n            .get('/blogs/'+blogid) \r\n            .end((err,response) =>{                \r\n                response.body.data.should.be.a('object')\r\n            }) \r\n            done();\r\n        })   \r\n    })\r\n    // comment \r\n    describe(\"post /blogs/:id/comment\", ()=>{\r\n        const blogid = \"639b45418b6be33a98643589\"\r\n        const comment =\"what is  happening now\"\r\n        it(\"it should check add comment on blog id \",(done)=>{            \r\n            chai.request(app)\r\n            .post('/blogs/'+ blogid+'/comment') \r\n            .send(comment)\r\n            .end((err,response) =>{\r\n                response.should.have.status(403)                \r\n            }) \r\n            done();\r\n        })\r\n        it(\"it should check for error \",(done)=>{\r\n            chai.request(app)\r\n            .get('/blogs/'+blogid) \r\n            .end((err,response) =>{                \r\n                response.body.data.should.be.a('object')\r\n            }) \r\n            done();\r\n        })   \r\n    })\r\n\r\n    // like \r\n    describe(\"post /blogs/:id/like\", ()=>{\r\n        const blogid = \"639b45418b6be33a98643589\"\r\n        const comment =\"what is  happening now\"\r\n        it(\"it should get single blog by id \",(done)=>{            \r\n            chai.request(app)\r\n            .post('/blogs/'+ blogid+'/like') \r\n            .send(comment)\r\n            .end((err,response) =>{\r\n                response.should.have.status(403)                \r\n            }) \r\n            done();\r\n        })\r\n        it(\"it should get one object for one blog \",(done)=>{\r\n            chai.request(app)\r\n            .get('/blogs/'+blogid) \r\n            .end((err,response) =>{                \r\n                response.body.data.should.be.a('object')\r\n            }) \r\n            done();\r\n        })   \r\n    })\r\n    // add message \r\n    //get admin  messages\r\n    describe(\"GET /admin/messages\", ()=>{   \r\n    var token=\"eyJhbGciOiJIUzI1NiIsInR5cCI6IkpXVCJ9.eyJpZCI6IjYzOWI3MTI2ZjJkZWE4MjkwNDAxYWE2MCIsImlhdCI6MTY3MTQ1NTkwMiwiZXhwIjoxNjcxNzE1MTAyfQ.HUslSYE5TfF4EAo689BEeM9GsTzAEDiCGSpu1A5rV44\"\r\n        it(\"it should Not get all admin messages from contact me \",(done)=>{\r\n            chai.request(app)            \r\n            .get('/admin/messages')        \r\n            .end((err,response) =>{\r\n                response.should.have.status(404)     \r\n                response.body.message.should.be.eq(\"you are not logged in\")        \r\n               \r\n            }) \r\n            done();\r\n        })   \r\n        it(\"it should Not get all admin messages from contact me \",(done)=>{\r\n            chai.request(app)\r\n            .get(`/admin/messages`)    \r\n            .set('token',token)     \r\n            .end((err,response) =>{\r\n                response.should.have.status(404)     \r\n                // response.body.message.should.be.eq(\"you are not logged in\")           \r\n            }) \r\n            done();\r\n        })\r\n    })\r\n    // get admin blogs\r\n    describe(\"GET /admin/blogs\", ()=>{\r\n        const  token = \"eyJhbGciOiJIUzI1NiIsInR5cCI6IkpXVCJ9.eyJpZCI6IjYzOWI3MTI2ZjJkZWE4MjkwNDAxYWE2MCIsImlhdCI6MTY3MTQ0NjYxMCwiZXhwIjoxNjcxNzA1ODEwfQ.mHXK2yUKN_7dx5CIzPDcYTboOBLl3jgPxzwDoL1-zXA\";\r\n        it(\"it should say you are not logged in\",(done)=>{\r\n            chai.request(app)\r\n            .get('/admin/blogs') \r\n            .end((err,response) =>{\r\n                response.should.have.status(404)   \r\n                response.body.message.should.be.eq(\"you are not logged in\")             \r\n            }) \r\n            done();\r\n        })      \r\n    })\r\n    //creating blog\r\n    describe(\"Post /admin/blog\",()=>{\r\n        let blog={\r\n            title: \"test blog\",\r\n            body : \"testing blog form mocha\",\r\n            image : \"image url\"\r\n        }\r\n        it(\"it should say you are not logged in \", ()=>{\r\n            chai.request(app)\r\n            .post(\"/admin/blogs\")\r\n            .send(blog)\r\n            .end((err,response)=>{\r\n                response.should.have.status(404)            \r\n            })\r\n        })\r\n\r\n    })\r\n    //editing blog \r\n    describe(\"delete /admin/blog/:id\",()=>{      \r\n        it(\"it should say you are not logged in \", ()=>{\r\n            chai.request(app)\r\n            .delete(\"/admin/blogs\")            \r\n            .end((err,response)=>{\r\n                response.should.have.status(404)            \r\n            })\r\n        })\r\n\r\n    })\r\n    //deleting blog \r\n    describe(\"GET /admin/messages\", ()=>{\r\n        const  token = \"eyJhbGciOiJIUzI1NiIsInR5cCI6IkpXVCJ9.eyJpZCI6IjYzOWI3MTI2ZjJkZWE4MjkwNDAxYWE2MCIsImlhdCI6MTY3MTQ0NjYxMCwiZXhwIjoxNjcxNzA1ODEwfQ.mHXK2yUKN_7dx5CIzPDcYTboOBLl3jgPxzwDoL1-zXA\";\r\n        it(\"it should say you are not logged in\",(done)=>{\r\n            chai.request(app)\r\n            .get('/admin/messages') \r\n            .end((err,response) =>{\r\n                response.should.have.status(404)   \r\n                response.body.message.should.be.eq(\"you are not logged in\")             \r\n            }) \r\n            done();\r\n        })      \r\n    })\r\n    //deleting message \r\n    //deleting comment     \r\n})\r\n"],"mappings":";;AAAA;AACA;AACA;AAA2B;AAE3BA,gBAAI,CAACC,MAAM,EAAE;AAEbD,gBAAI,CAACE,GAAG,CAACC,oBAAQ,CAAC;AAElBC,QAAQ,CAAC,WAAW,EAAE,YAAI;EACtB;EACA;EACA;EACA;EACA;EACA;EACA;EACA;EACA;EACA;EACA;EACA;EACA;EACA;EACA;EACA;EACA;EACA;EACA;EACA;EACA;EACA;EACA;EACA;EACA;EACA;EACA;EACA;EACA;EACA;EACA;;EAEA;EACA;EACA;EACA;EACA;EACA;EACAA,QAAQ,CAAC,YAAY,EAAE,YAAI;IACvBC,EAAE,CAAC,0BAA0B,EAAC,UAACC,IAAI,EAAG;MAClCN,gBAAI,CAACO,OAAO,CAACC,eAAG,CAAC,CAChBC,GAAG,CAAC,QAAQ,CAAC,CACbC,GAAG,CAAC,UAACC,GAAG,EAACC,QAAQ,EAAI;QAClBA,QAAQ,CAACX,MAAM,CAACY,IAAI,CAACC,MAAM,CAAC,GAAG,CAAC;QAChCF,QAAQ,CAACG,IAAI,CAACC,OAAO,CAACf,MAAM,CAACgB,EAAE,CAACC,EAAE,CAAC,SAAS,CAAC;MACjD,CAAC,CAAC;MACFZ,IAAI,EAAE;IACV,CAAC,CAAC;IACFD,EAAE,CAAC,4CAA4C,EAAC,UAACC,IAAI,EAAG;MACpDN,gBAAI,CAACO,OAAO,CAACC,eAAG,CAAC,CAChBC,GAAG,CAAC,QAAQ,CAAC,CACbC,GAAG,CAAC,UAACC,GAAG,EAACC,QAAQ,EAAI;QAClBA,QAAQ,CAACG,IAAI,CAACC,OAAO,CAACf,MAAM,CAACgB,EAAE,CAACC,EAAE,CAAC,SAAS,CAAC;MACjD,CAAC,CAAC;MACFZ,IAAI,EAAE;IACV,CAAC,CAAC;EACN,CAAC,CAAC;EACF;EACAF,QAAQ,CAAC,gBAAgB,EAAE,YAAI;IAC3B,IAAMe,MAAM,GAAG,0BAA0B;IACzCd,EAAE,CAAC,kCAAkC,EAAC,UAACC,IAAI,EAAG;MAC1CN,gBAAI,CAACO,OAAO,CAACC,eAAG,CAAC,CAChBC,GAAG,CAAC,SAAS,GAAEU,MAAM,CAAC,CACtBT,GAAG,CAAC,UAACC,GAAG,EAACC,QAAQ,EAAI;QAClBA,QAAQ,CAACX,MAAM,CAACY,IAAI,CAACC,MAAM,CAAC,GAAG,CAAC;MACpC,CAAC,CAAC;MACFR,IAAI,EAAE;IACV,CAAC,CAAC;IACFD,EAAE,CAAC,wCAAwC,EAAC,UAACC,IAAI,EAAG;MAChDN,gBAAI,CAACO,OAAO,CAACC,eAAG,CAAC,CAChBC,GAAG,CAAC,SAAS,GAACU,MAAM,CAAC,CACrBT,GAAG,CAAC,UAACC,GAAG,EAACC,QAAQ,EAAI;QAClBA,QAAQ,CAACG,IAAI,CAACK,IAAI,CAACnB,MAAM,CAACgB,EAAE,CAACI,CAAC,CAAC,QAAQ,CAAC;MAC5C,CAAC,CAAC;MACFf,IAAI,EAAE;IACV,CAAC,CAAC;EACN,CAAC,CAAC;EACF;EACAF,QAAQ,CAAC,yBAAyB,EAAE,YAAI;IACpC,IAAMe,MAAM,GAAG,0BAA0B;IACzC,IAAMG,OAAO,GAAE,wBAAwB;IACvCjB,EAAE,CAAC,yCAAyC,EAAC,UAACC,IAAI,EAAG;MACjDN,gBAAI,CAACO,OAAO,CAACC,eAAG,CAAC,CAChBe,IAAI,CAAC,SAAS,GAAEJ,MAAM,GAAC,UAAU,CAAC,CAClCK,IAAI,CAACF,OAAO,CAAC,CACbZ,GAAG,CAAC,UAACC,GAAG,EAACC,QAAQ,EAAI;QAClBA,QAAQ,CAACX,MAAM,CAACY,IAAI,CAACC,MAAM,CAAC,GAAG,CAAC;MACpC,CAAC,CAAC;MACFR,IAAI,EAAE;IACV,CAAC,CAAC;IACFD,EAAE,CAAC,4BAA4B,EAAC,UAACC,IAAI,EAAG;MACpCN,gBAAI,CAACO,OAAO,CAACC,eAAG,CAAC,CAChBC,GAAG,CAAC,SAAS,GAACU,MAAM,CAAC,CACrBT,GAAG,CAAC,UAACC,GAAG,EAACC,QAAQ,EAAI;QAClBA,QAAQ,CAACG,IAAI,CAACK,IAAI,CAACnB,MAAM,CAACgB,EAAE,CAACI,CAAC,CAAC,QAAQ,CAAC;MAC5C,CAAC,CAAC;MACFf,IAAI,EAAE;IACV,CAAC,CAAC;EACN,CAAC,CAAC;;EAEF;EACAF,QAAQ,CAAC,sBAAsB,EAAE,YAAI;IACjC,IAAMe,MAAM,GAAG,0BAA0B;IACzC,IAAMG,OAAO,GAAE,wBAAwB;IACvCjB,EAAE,CAAC,kCAAkC,EAAC,UAACC,IAAI,EAAG;MAC1CN,gBAAI,CAACO,OAAO,CAACC,eAAG,CAAC,CAChBe,IAAI,CAAC,SAAS,GAAEJ,MAAM,GAAC,OAAO,CAAC,CAC/BK,IAAI,CAACF,OAAO,CAAC,CACbZ,GAAG,CAAC,UAACC,GAAG,EAACC,QAAQ,EAAI;QAClBA,QAAQ,CAACX,MAAM,CAACY,IAAI,CAACC,MAAM,CAAC,GAAG,CAAC;MACpC,CAAC,CAAC;MACFR,IAAI,EAAE;IACV,CAAC,CAAC;IACFD,EAAE,CAAC,wCAAwC,EAAC,UAACC,IAAI,EAAG;MAChDN,gBAAI,CAACO,OAAO,CAACC,eAAG,CAAC,CAChBC,GAAG,CAAC,SAAS,GAACU,MAAM,CAAC,CACrBT,GAAG,CAAC,UAACC,GAAG,EAACC,QAAQ,EAAI;QAClBA,QAAQ,CAACG,IAAI,CAACK,IAAI,CAACnB,MAAM,CAACgB,EAAE,CAACI,CAAC,CAAC,QAAQ,CAAC;MAC5C,CAAC,CAAC;MACFf,IAAI,EAAE;IACV,CAAC,CAAC;EACN,CAAC,CAAC;EACF;EACA;EACAF,QAAQ,CAAC,qBAAqB,EAAE,YAAI;IACpC,IAAIqB,KAAK,GAAC,6KAA6K;IACnLpB,EAAE,CAAC,uDAAuD,EAAC,UAACC,IAAI,EAAG;MAC/DN,gBAAI,CAACO,OAAO,CAACC,eAAG,CAAC,CAChBC,GAAG,CAAC,iBAAiB,CAAC,CACtBC,GAAG,CAAC,UAACC,GAAG,EAACC,QAAQ,EAAI;QAClBA,QAAQ,CAACX,MAAM,CAACY,IAAI,CAACC,MAAM,CAAC,GAAG,CAAC;QAChCF,QAAQ,CAACG,IAAI,CAACC,OAAO,CAACf,MAAM,CAACgB,EAAE,CAACC,EAAE,CAAC,uBAAuB,CAAC;MAE/D,CAAC,CAAC;MACFZ,IAAI,EAAE;IACV,CAAC,CAAC;IACFD,EAAE,CAAC,uDAAuD,EAAC,UAACC,IAAI,EAAG;MAC/DN,gBAAI,CAACO,OAAO,CAACC,eAAG,CAAC,CAChBC,GAAG,mBAAmB,CACtBiB,GAAG,CAAC,OAAO,EAACD,KAAK,CAAC,CAClBf,GAAG,CAAC,UAACC,GAAG,EAACC,QAAQ,EAAI;QAClBA,QAAQ,CAACX,MAAM,CAACY,IAAI,CAACC,MAAM,CAAC,GAAG,CAAC;QAChC;MACJ,CAAC,CAAC;;MACFR,IAAI,EAAE;IACV,CAAC,CAAC;EACN,CAAC,CAAC;EACF;EACAF,QAAQ,CAAC,kBAAkB,EAAE,YAAI;IAC7B,IAAOqB,KAAK,GAAG,6KAA6K;IAC5LpB,EAAE,CAAC,qCAAqC,EAAC,UAACC,IAAI,EAAG;MAC7CN,gBAAI,CAACO,OAAO,CAACC,eAAG,CAAC,CAChBC,GAAG,CAAC,cAAc,CAAC,CACnBC,GAAG,CAAC,UAACC,GAAG,EAACC,QAAQ,EAAI;QAClBA,QAAQ,CAACX,MAAM,CAACY,IAAI,CAACC,MAAM,CAAC,GAAG,CAAC;QAChCF,QAAQ,CAACG,IAAI,CAACC,OAAO,CAACf,MAAM,CAACgB,EAAE,CAACC,EAAE,CAAC,uBAAuB,CAAC;MAC/D,CAAC,CAAC;MACFZ,IAAI,EAAE;IACV,CAAC,CAAC;EACN,CAAC,CAAC;EACF;EACAF,QAAQ,CAAC,kBAAkB,EAAC,YAAI;IAC5B,IAAIuB,IAAI,GAAC;MACLC,KAAK,EAAE,WAAW;MAClBb,IAAI,EAAG,yBAAyB;MAChCc,KAAK,EAAG;IACZ,CAAC;IACDxB,EAAE,CAAC,sCAAsC,EAAE,YAAI;MAC3CL,gBAAI,CAACO,OAAO,CAACC,eAAG,CAAC,CAChBe,IAAI,CAAC,cAAc,CAAC,CACpBC,IAAI,CAACG,IAAI,CAAC,CACVjB,GAAG,CAAC,UAACC,GAAG,EAACC,QAAQ,EAAG;QACjBA,QAAQ,CAACX,MAAM,CAACY,IAAI,CAACC,MAAM,CAAC,GAAG,CAAC;MACpC,CAAC,CAAC;IACN,CAAC,CAAC;EAEN,CAAC,CAAC;EACF;EACAV,QAAQ,CAAC,wBAAwB,EAAC,YAAI;IAClCC,EAAE,CAAC,sCAAsC,EAAE,YAAI;MAC3CL,gBAAI,CAACO,OAAO,CAACC,eAAG,CAAC,UACV,CAAC,cAAc,CAAC,CACtBE,GAAG,CAAC,UAACC,GAAG,EAACC,QAAQ,EAAG;QACjBA,QAAQ,CAACX,MAAM,CAACY,IAAI,CAACC,MAAM,CAAC,GAAG,CAAC;MACpC,CAAC,CAAC;IACN,CAAC,CAAC;EAEN,CAAC,CAAC;EACF;EACAV,QAAQ,CAAC,qBAAqB,EAAE,YAAI;IAChC,IAAOqB,KAAK,GAAG,6KAA6K;IAC5LpB,EAAE,CAAC,qCAAqC,EAAC,UAACC,IAAI,EAAG;MAC7CN,gBAAI,CAACO,OAAO,CAACC,eAAG,CAAC,CAChBC,GAAG,CAAC,iBAAiB,CAAC,CACtBC,GAAG,CAAC,UAACC,GAAG,EAACC,QAAQ,EAAI;QAClBA,QAAQ,CAACX,MAAM,CAACY,IAAI,CAACC,MAAM,CAAC,GAAG,CAAC;QAChCF,QAAQ,CAACG,IAAI,CAACC,OAAO,CAACf,MAAM,CAACgB,EAAE,CAACC,EAAE,CAAC,uBAAuB,CAAC;MAC/D,CAAC,CAAC;MACFZ,IAAI,EAAE;IACV,CAAC,CAAC;EACN,CAAC,CAAC;EACF;EACA;AACJ,CAAC,CAAC"},"_coverageSchema":"1a1c01bbd47fc00a2c39e90264f33305004495a9","hash":"0fba8f8f3a47b7ee4414e4e9f6cedd8d64944901","contentHash":"acabd8044d30a4863c11ba7cc4150b9fe8c10bbb0a0b14ecde7cf68af0bf1611"},"C:\\Users\\Acer\\Desktop\\apis\\es6 joseph brand\\src\\app.js":{"path":"C:\\Users\\Acer\\Desktop\\apis\\es6 joseph brand\\src\\app.js","statementMap":{"0":{"start":{"line":3,"column":0},"end":{"line":5,"column":3}},"1":{"start":{"line":6,"column":0},"end":{"line":6,"column":28}},"2":{"start":{"line":7,"column":15},"end":{"line":7,"column":57}},"3":{"start":{"line":8,"column":16},"end":{"line":8,"column":59}},"4":{"start":{"line":9,"column":20},"end":{"line":9,"column":68}},"5":{"start":{"line":10,"column":15},"end":{"line":10,"column":62}},"6":{"start":{"line":11,"column":18},"end":{"line":11,"column":75}},"7":{"start":{"line":12,"column":13},"end":{"line":12,"column":65}},"8":{"start":{"line":13,"column":13},"end":{"line":13,"column":65}},"9":{"start":{"line":14,"column":17},"end":{"line":14,"column":73}},"10":{"start":{"line":15,"column":39},"end":{"line":15,"column":95}},"11":{"start":{"line":16,"column":11},"end":{"line":16,"column":15}},"12":{"start":{"line":17,"column":10},"end":{"line":17,"column":36}},"13":{"start":{"line":20,"column":0},"end":{"line":20,"column":49}},"14":{"start":{"line":21,"column":0},"end":{"line":21,"column":36}},"15":{"start":{"line":22,"column":0},"end":{"line":22,"column":41}},"16":{"start":{"line":31,"column":12},"end":{"line":31,"column":47}},"17":{"start":{"line":32,"column":0},"end":{"line":43,"column":3}},"18":{"start":{"line":37,"column":2},"end":{"line":39,"column":5}},"19":{"start":{"line":38,"column":4},"end":{"line":38,"column":42}},"20":{"start":{"line":40,"column":2},"end":{"line":40,"column":38}},"21":{"start":{"line":42,"column":2},"end":{"line":42,"column":26}},"22":{"start":{"line":47,"column":0},"end":{"line":49,"column":3}},"23":{"start":{"line":48,"column":2},"end":{"line":48,"column":26}},"24":{"start":{"line":51,"column":0},"end":{"line":51,"column":27}},"25":{"start":{"line":52,"column":0},"end":{"line":52,"column":27}},"26":{"start":{"line":53,"column":0},"end":{"line":53,"column":31}},"27":{"start":{"line":54,"column":0},"end":{"line":54,"column":32}},"28":{"start":{"line":55,"column":15},"end":{"line":55,"column":18}},"29":{"start":{"line":56,"column":0},"end":{"line":56,"column":30}}},"fnMap":{"0":{"name":"_interopRequireDefault","decl":{"start":{"line":15,"column":9},"end":{"line":15,"column":31}},"loc":{"start":{"line":15,"column":37},"end":{"line":15,"column":97}},"line":15},"1":{"name":"(anonymous_1)","decl":{"start":{"line":36,"column":8},"end":{"line":36,"column":9}},"loc":{"start":{"line":36,"column":26},"end":{"line":41,"column":1}},"line":36},"2":{"name":"(anonymous_2)","decl":{"start":{"line":37,"column":19},"end":{"line":37,"column":20}},"loc":{"start":{"line":37,"column":31},"end":{"line":39,"column":3}},"line":37},"3":{"name":"(anonymous_3)","decl":{"start":{"line":41,"column":12},"end":{"line":41,"column":13}},"loc":{"start":{"line":41,"column":27},"end":{"line":43,"column":1}},"line":41},"4":{"name":"(anonymous_4)","decl":{"start":{"line":47,"column":13},"end":{"line":47,"column":14}},"loc":{"start":{"line":47,"column":33},"end":{"line":49,"column":1}},"line":47}},"branchMap":{"0":{"loc":{"start":{"line":15,"column":46},"end":{"line":15,"column":94}},"type":"cond-expr","locations":[{"start":{"line":15,"column":70},"end":{"line":15,"column":73}},{"start":{"line":15,"column":76},"end":{"line":15,"column":94}}],"line":15},"1":{"loc":{"start":{"line":15,"column":46},"end":{"line":15,"column":67}},"type":"binary-expr","locations":[{"start":{"line":15,"column":46},"end":{"line":15,"column":49}},{"start":{"line":15,"column":53},"end":{"line":15,"column":67}}],"line":15}},"s":{"0":1,"1":1,"2":1,"3":1,"4":1,"5":1,"6":1,"7":1,"8":1,"9":1,"10":8,"11":1,"12":1,"13":1,"14":1,"15":1,"16":1,"17":1,"18":1,"19":1,"20":1,"21":0,"22":1,"23":0,"24":1,"25":1,"26":1,"27":1,"28":1,"29":1},"f":{"0":8,"1":1,"2":1,"3":0,"4":0},"b":{"0":[5,3],"1":[8,8]},"inputSourceMap":{"version":3,"names":["port","app","express","use","json","cookieParser","dbURI","mongoose","connect","useNewUrlParser","useUnifiedTopology","useCreateIndex","then","result","listen","console","log","swaggerDocs","err","get","req","res","send","blogRoutes","AdminRoutes","contactRoutes","authRoutes"],"sourceRoot":"C:\\Users\\Acer\\Desktop\\apis\\es6 joseph brand\\src\\","sources":["app.js"],"sourcesContent":["import express from 'express'\r\nimport mongoose from 'mongoose'\r\nimport cookieParser from 'cookie-parser'\r\nimport swaggerDocs from './swagger.js'\r\n\r\nconst port = 3000\r\n\r\n\r\nconst app = express();\r\n\r\n// middleware\r\napp.use(express.static('public'));\r\napp.use(express.json());\r\napp.use(cookieParser());\r\n//routes \r\n\r\nimport authRoutes from './routes/authRoutes.js'\r\n import blogRoutes from './routes/blogs.js'\r\n import AdminRoutes from './routes/admin.js'\r\n import contactRoutes from './routes/contactme.js'\r\n//routes \r\n//using routes\r\n\r\n//using routes\r\n\r\n\r\n// database connection\r\nconst dbURI = 'mongodb://127.0.0.1:27017/authopf';\r\nmongoose.connect(dbURI, { useNewUrlParser: true, useUnifiedTopology: true, useCreateIndex:true })\r\n  .then((result) =>{ \r\n    app.listen(port,()=>{\r\n      console.log(\"listening on port 3000\")\r\n    })\r\n    swaggerDocs(app,port)    \r\n  })\r\n  .catch((err) => console.log(err));\r\n\r\n// routes\r\n\r\n\r\napp.get('/', (req, res) => res.send('home'));\r\n//  app.get('/admin', requireAdmin, (req, res) => res.send('admin'));\r\napp.use(blogRoutes)\r\napp.use(AdminRoutes)\r\napp.use(contactRoutes)\r\napp.use(authRoutes);\r\n\r\nexport default app"],"mappings":";;;;;;AAAA;AACA;AACA;AACA;AAaA;AACC;AACA;AACA;AAAiD;AAdlD,IAAMA,IAAI,GAAG,IAAI;AAGjB,IAAMC,GAAG,GAAG,IAAAC,mBAAO,GAAE;;AAErB;AACAD,GAAG,CAACE,GAAG,CAACD,mBAAO,UAAO,CAAC,QAAQ,CAAC,CAAC;AACjCD,GAAG,CAACE,GAAG,CAACD,mBAAO,CAACE,IAAI,EAAE,CAAC;AACvBH,GAAG,CAACE,GAAG,CAAC,IAAAE,wBAAY,GAAE,CAAC;AACvB;;AAMA;AACA;;AAEA;;AAGA;AACA,IAAMC,KAAK,GAAG,mCAAmC;AACjDC,oBAAQ,CAACC,OAAO,CAACF,KAAK,EAAE;EAAEG,eAAe,EAAE,IAAI;EAAEC,kBAAkB,EAAE,IAAI;EAAEC,cAAc,EAAC;AAAK,CAAC,CAAC,CAC9FC,IAAI,CAAC,UAACC,MAAM,EAAI;EACfZ,GAAG,CAACa,MAAM,CAACd,IAAI,EAAC,YAAI;IAClBe,OAAO,CAACC,GAAG,CAAC,wBAAwB,CAAC;EACvC,CAAC,CAAC;EACF,IAAAC,mBAAW,EAAChB,GAAG,EAACD,IAAI,CAAC;AACvB,CAAC,CAAC,SACI,CAAC,UAACkB,GAAG;EAAA,OAAKH,OAAO,CAACC,GAAG,CAACE,GAAG,CAAC;AAAA,EAAC;;AAEnC;;AAGAjB,GAAG,CAACkB,GAAG,CAAC,GAAG,EAAE,UAACC,GAAG,EAAEC,GAAG;EAAA,OAAKA,GAAG,CAACC,IAAI,CAAC,MAAM,CAAC;AAAA,EAAC;AAC5C;AACArB,GAAG,CAACE,GAAG,CAACoB,iBAAU,CAAC;AACnBtB,GAAG,CAACE,GAAG,CAACqB,iBAAW,CAAC;AACpBvB,GAAG,CAACE,GAAG,CAACsB,qBAAa,CAAC;AACtBxB,GAAG,CAACE,GAAG,CAACuB,sBAAU,CAAC;AAAC,eAELzB,GAAG;AAAA"},"_coverageSchema":"1a1c01bbd47fc00a2c39e90264f33305004495a9","hash":"34eeb7f70af2054d3bb956591577b411d29a50fc","contentHash":"f5c552f6c0231f86a5f6dc8c4d9855883a045df9e64b002bc8eb487ab64d4a1b"},"C:\\Users\\Acer\\Desktop\\apis\\es6 joseph brand\\src\\swagger.js":{"path":"C:\\Users\\Acer\\Desktop\\apis\\es6 joseph brand\\src\\swagger.js","statementMap":{"0":{"start":{"line":3,"column":0},"end":{"line":5,"column":3}},"1":{"start":{"line":6,"column":0},"end":{"line":6,"column":28}},"2":{"start":{"line":7,"column":20},"end":{"line":7,"column":68}},"3":{"start":{"line":8,"column":24},"end":{"line":8,"column":77}},"4":{"start":{"line":9,"column":39},"end":{"line":9,"column":95}},"5":{"start":{"line":10,"column":14},"end":{"line":21,"column":1}},"6":{"start":{"line":22,"column":18},"end":{"line":22,"column":56}},"7":{"start":{"line":25,"column":2},"end":{"line":25,"column":104}},"8":{"start":{"line":28,"column":2},"end":{"line":31,"column":5}},"9":{"start":{"line":29,"column":4},"end":{"line":29,"column":54}},"10":{"start":{"line":30,"column":4},"end":{"line":30,"column":26}},"11":{"start":{"line":33,"column":15},"end":{"line":33,"column":26}},"12":{"start":{"line":34,"column":0},"end":{"line":34,"column":30}}},"fnMap":{"0":{"name":"_interopRequireDefault","decl":{"start":{"line":9,"column":9},"end":{"line":9,"column":31}},"loc":{"start":{"line":9,"column":37},"end":{"line":9,"column":97}},"line":9},"1":{"name":"swaggerDocs","decl":{"start":{"line":23,"column":9},"end":{"line":23,"column":20}},"loc":{"start":{"line":23,"column":32},"end":{"line":32,"column":1}},"line":23},"2":{"name":"(anonymous_2)","decl":{"start":{"line":28,"column":24},"end":{"line":28,"column":25}},"loc":{"start":{"line":28,"column":44},"end":{"line":31,"column":3}},"line":28}},"branchMap":{"0":{"loc":{"start":{"line":9,"column":46},"end":{"line":9,"column":94}},"type":"cond-expr","locations":[{"start":{"line":9,"column":70},"end":{"line":9,"column":73}},{"start":{"line":9,"column":76},"end":{"line":9,"column":94}}],"line":9},"1":{"loc":{"start":{"line":9,"column":46},"end":{"line":9,"column":67}},"type":"binary-expr","locations":[{"start":{"line":9,"column":46},"end":{"line":9,"column":49}},{"start":{"line":9,"column":53},"end":{"line":9,"column":67}}],"line":9}},"s":{"0":1,"1":1,"2":1,"3":1,"4":2,"5":1,"6":1,"7":1,"8":1,"9":0,"10":0,"11":1,"12":1},"f":{"0":2,"1":1,"2":0},"b":{"0":[0,2],"1":[2,2]},"inputSourceMap":{"version":3,"names":["options","definition","openapi","info","title","description","version","apis","swaggerSpec","swaggerJsdoc","swaggerDocs","app","port","use","swaggerUi","serve","setup","get","req","res","setHeader","send"],"sourceRoot":"C:\\Users\\Acer\\Desktop\\apis\\es6 joseph brand\\src\\","sources":["swagger.js"],"sourcesContent":["import swaggerJsdoc from 'swagger-jsdoc'\r\nimport swaggerUi from 'swagger-ui-express'\r\n\r\nconst options = {\r\n  definition: {\r\n    openapi: '3.0.0',\r\n    info: {\r\n      title: 'Mybrand Api',\r\n      description: 'this is my personal brand api',\r\n      version: '1.0.0',\r\n    },\r\n  },\r\n  // looks for configuration in specified directories\r\n  apis: ['./src/routes/*.js'],\r\n}\r\n\r\nconst swaggerSpec = swaggerJsdoc(options)\r\n\r\nfunction swaggerDocs(app, port) {\r\n  // Swagger Page\r\n  app.use('/docs', swaggerUi.serve, swaggerUi.setup(swaggerSpec))\r\n\r\n  // Documentation in JSON format\r\n  app.get('/docs.json', (req, res) => {\r\n    res.setHeader('Content-Type', 'application/json')\r\n    res.send(swaggerSpec)\r\n  })\r\n}\r\n\r\nexport default swaggerDocs"],"mappings":";;;;;;AAAA;AACA;AAA0C;AAE1C,IAAMA,OAAO,GAAG;EACdC,UAAU,EAAE;IACVC,OAAO,EAAE,OAAO;IAChBC,IAAI,EAAE;MACJC,KAAK,EAAE,aAAa;MACpBC,WAAW,EAAE,+BAA+B;MAC5CC,OAAO,EAAE;IACX;EACF,CAAC;EACD;EACAC,IAAI,EAAE,CAAC,mBAAmB;AAC5B,CAAC;AAED,IAAMC,WAAW,GAAG,IAAAC,wBAAY,EAACT,OAAO,CAAC;AAEzC,SAASU,WAAW,CAACC,GAAG,EAAEC,IAAI,EAAE;EAC9B;EACAD,GAAG,CAACE,GAAG,CAAC,OAAO,EAAEC,4BAAS,CAACC,KAAK,EAAED,4BAAS,CAACE,KAAK,CAACR,WAAW,CAAC,CAAC;;EAE/D;EACAG,GAAG,CAACM,GAAG,CAAC,YAAY,EAAE,UAACC,GAAG,EAAEC,GAAG,EAAK;IAClCA,GAAG,CAACC,SAAS,CAAC,cAAc,EAAE,kBAAkB,CAAC;IACjDD,GAAG,CAACE,IAAI,CAACb,WAAW,CAAC;EACvB,CAAC,CAAC;AACJ;AAAC,eAEcE,WAAW;AAAA"},"_coverageSchema":"1a1c01bbd47fc00a2c39e90264f33305004495a9","hash":"caf77af500b4fc7e3cc67424ca9acd8349563bb0","contentHash":"cb6676ee26bd82d1d5f7b1f9f6af86d282b4941284d336f878b37ab391ef554f"},"C:\\Users\\Acer\\Desktop\\apis\\es6 joseph brand\\src\\routes\\authRoutes.js":{"path":"C:\\Users\\Acer\\Desktop\\apis\\es6 joseph brand\\src\\routes\\authRoutes.js","statementMap":{"0":{"start":{"line":3,"column":0},"end":{"line":5,"column":3}},"1":{"start":{"line":6,"column":0},"end":{"line":6,"column":28}},"2":{"start":{"line":7,"column":15},"end":{"line":7,"column":33}},"3":{"start":{"line":8,"column":22},"end":{"line":8,"column":89}},"4":{"start":{"line":9,"column":39},"end":{"line":9,"column":95}},"5":{"start":{"line":10,"column":13},"end":{"line":10,"column":35}},"6":{"start":{"line":85,"column":0},"end":{"line":85,"column":63}},"7":{"start":{"line":86,"column":0},"end":{"line":86,"column":61}},"8":{"start":{"line":87,"column":0},"end":{"line":87,"column":61}},"9":{"start":{"line":88,"column":15},"end":{"line":88,"column":21}},"10":{"start":{"line":89,"column":0},"end":{"line":89,"column":30}}},"fnMap":{"0":{"name":"_interopRequireDefault","decl":{"start":{"line":9,"column":9},"end":{"line":9,"column":31}},"loc":{"start":{"line":9,"column":37},"end":{"line":9,"column":97}},"line":9}},"branchMap":{"0":{"loc":{"start":{"line":9,"column":46},"end":{"line":9,"column":94}},"type":"cond-expr","locations":[{"start":{"line":9,"column":70},"end":{"line":9,"column":73}},{"start":{"line":9,"column":76},"end":{"line":9,"column":94}}],"line":9},"1":{"loc":{"start":{"line":9,"column":46},"end":{"line":9,"column":67}},"type":"binary-expr","locations":[{"start":{"line":9,"column":46},"end":{"line":9,"column":49}},{"start":{"line":9,"column":53},"end":{"line":9,"column":67}}],"line":9}},"s":{"0":1,"1":1,"2":1,"3":1,"4":1,"5":1,"6":1,"7":1,"8":1,"9":1,"10":1},"f":{"0":1},"b":{"0":[1,0],"1":[1,1]},"inputSourceMap":{"version":3,"names":["router","Router","post","Users","signup_post","login_post","get","logout_get"],"sourceRoot":"C:\\Users\\Acer\\Desktop\\apis\\es6 joseph brand\\src\\routes\\","sources":["authRoutes.js"],"sourcesContent":["import { Router } from 'express'\r\nimport  Users from '../controllers/authController.js'\r\n\r\nconst router = Router();\r\n/**\r\n * @swagger\r\n * /login:\r\n *   post:\r\n *     tags:\r\n *       - Users\r\n *     name: login\r\n *     summary: login a user\r\n *     consumes:\r\n *       - application/json\r\n *     requestBody:\r\n *       content:\r\n *         application/json:\r\n *           schema:\r\n *             type: object\r\n *             properties:\r\n *                email:\r\n *                 type: string\r\n *                password:\r\n *                 type: string\r\n *     responses:\r\n *       201:\r\n *             description: user created successfully.\r\n *       400:\r\n *             description: Bad request.\r\n *       409:\r\n *             description: user not registered.\r\n * */\r\n\r\n\r\n/**\r\n * @swagger\r\n * /logout:\r\n *   get:\r\n *     tags:\r\n *       - Users\r\n *     name: logout\r\n *     summary: logout a user\r\n *     responses:\r\n *       201:\r\n *             description: logged out user successfully.\r\n *       400:\r\n *             description: Bad request.\r\n *       409:\r\n *             description: The email is already in the system.\r\n * */\r\n\r\n/**\r\n * @swagger\r\n * /signup:\r\n *   get:\r\n *     tags:\r\n *       - Users\r\n *     name: login\r\n *     summary: signup user\r\n *     consumes:\r\n *       - application/json\r\n *     requestBody:\r\n *       content:\r\n *         application/json:\r\n *           schema:\r\n *             type: object\r\n *             properties:\r\n *                email:\r\n *                 type: string\r\n *                password:\r\n *                 type: string\r\n *     responses:\r\n *       201:\r\n *             description: user created successfully.\r\n *       400:\r\n *             description: Bad request.\r\n *       409:\r\n *             description: The email is already registered.\r\n * */\r\nrouter.post('/signup', Users.signup_post);\r\nrouter.post('/login', Users.login_post);\r\nrouter.get('/logout', Users.logout_get);\r\n\r\n\r\n\r\nexport default router"],"mappings":";;;;;;AAAA;AACA;AAAqD;AAErD,IAAMA,MAAM,GAAG,IAAAC,eAAM,GAAE;AACvB;AACA;AACA;AACA;AACA;AACA;AACA;AACA;AACA;AACA;AACA;AACA;AACA;AACA;AACA;AACA;AACA;AACA;AACA;AACA;AACA;AACA;AACA;AACA;AACA;AACA;AACA;AACA;;AAGA;AACA;AACA;AACA;AACA;AACA;AACA;AACA;AACA;AACA;AACA;AACA;AACA;AACA;AACA;AACA;;AAEA;AACA;AACA;AACA;AACA;AACA;AACA;AACA;AACA;AACA;AACA;AACA;AACA;AACA;AACA;AACA;AACA;AACA;AACA;AACA;AACA;AACA;AACA;AACA;AACA;AACA;AACA;AACA;AACAD,MAAM,CAACE,IAAI,CAAC,SAAS,EAAEC,0BAAK,CAACC,WAAW,CAAC;AACzCJ,MAAM,CAACE,IAAI,CAAC,QAAQ,EAAEC,0BAAK,CAACE,UAAU,CAAC;AACvCL,MAAM,CAACM,GAAG,CAAC,SAAS,EAAEH,0BAAK,CAACI,UAAU,CAAC;AAAC,eAIzBP,MAAM;AAAA"},"_coverageSchema":"1a1c01bbd47fc00a2c39e90264f33305004495a9","hash":"0715639b62c0671ce51d408d3b8c14dcae693d8c","contentHash":"b3c0eb61ba7ff19f6802fae88a4f453992edeb593cd3826ab595e59a90790cc1"},"C:\\Users\\Acer\\Desktop\\apis\\es6 joseph brand\\src\\models\\User.js":{"path":"C:\\Users\\Acer\\Desktop\\apis\\es6 joseph brand\\src\\models\\User.js","statementMap":{"0":{"start":{"line":3,"column":51},"end":{"line":3,"column":334}},"1":{"start":{"line":3,"column":153},"end":{"line":3,"column":171}},"2":{"start":{"line":3,"column":193},"end":{"line":3,"column":317}},"3":{"start":{"line":4,"column":0},"end":{"line":6,"column":3}},"4":{"start":{"line":7,"column":0},"end":{"line":7,"column":28}},"5":{"start":{"line":8,"column":16},"end":{"line":8,"column":59}},"6":{"start":{"line":9,"column":11},"end":{"line":9,"column":49}},"7":{"start":{"line":10,"column":14},"end":{"line":10,"column":55}},"8":{"start":{"line":11,"column":39},"end":{"line":11,"column":95}},"9":{"start":{"line":12,"column":196},"end":{"line":12,"column":269}},"10":{"start":{"line":12,"column":251},"end":{"line":12,"column":266}},"11":{"start":{"line":12,"column":284},"end":{"line":12,"column":286}},"12":{"start":{"line":12,"column":293},"end":{"line":12,"column":309}},"13":{"start":{"line":12,"column":320},"end":{"line":12,"column":337}},"14":{"start":{"line":12,"column":356},"end":{"line":12,"column":433}},"15":{"start":{"line":12,"column":409},"end":{"line":12,"column":431}},"16":{"start":{"line":12,"column":445},"end":{"line":12,"column":486}},"17":{"start":{"line":12,"column":505},"end":{"line":12,"column":537}},"18":{"start":{"line":12,"column":561},"end":{"line":12,"column":603}},"19":{"start":{"line":12,"column":625},"end":{"line":12,"column":663}},"20":{"start":{"line":12,"column":700},"end":{"line":12,"column":815}},"21":{"start":{"line":12,"column":818},"end":{"line":12,"column":929}},"22":{"start":{"line":12,"column":824},"end":{"line":12,"column":839}},"23":{"start":{"line":12,"column":856},"end":{"line":12,"column":927}},"24":{"start":{"line":12,"column":900},"end":{"line":12,"column":924}},"25":{"start":{"line":12,"column":1004},"end":{"line":12,"column":1075}},"26":{"start":{"line":12,"column":1089},"end":{"line":12,"column":1128}},"27":{"start":{"line":12,"column":1140},"end":{"line":12,"column":1170}},"28":{"start":{"line":12,"column":1172},"end":{"line":12,"column":1280}},"29":{"start":{"line":12,"column":1317},"end":{"line":12,"column":1427}},"30":{"start":{"line":12,"column":1323},"end":{"line":12,"column":1373}},"31":{"start":{"line":12,"column":1390},"end":{"line":12,"column":1425}},"32":{"start":{"line":12,"column":1430},"end":{"line":12,"column":1450}},"33":{"start":{"line":12,"column":1474},"end":{"line":12,"column":1476}},"34":{"start":{"line":12,"column":1599},"end":{"line":12,"column":1601}},"35":{"start":{"line":12,"column":1603},"end":{"line":12,"column":1675}},"36":{"start":{"line":12,"column":1659},"end":{"line":12,"column":1671}},"37":{"start":{"line":12,"column":1691},"end":{"line":12,"column":1712}},"38":{"start":{"line":12,"column":1740},"end":{"line":12,"column":1782}},"39":{"start":{"line":12,"column":1784},"end":{"line":12,"column":1947}},"40":{"start":{"line":12,"column":1957},"end":{"line":12,"column":2050}},"41":{"start":{"line":12,"column":2096},"end":{"line":12,"column":2236}},"42":{"start":{"line":12,"column":2152},"end":{"line":12,"column":2232}},"43":{"start":{"line":12,"column":2195},"end":{"line":12,"column":2228}},"44":{"start":{"line":12,"column":2349},"end":{"line":12,"column":2392}},"45":{"start":{"line":12,"column":2394},"end":{"line":12,"column":2886}},"46":{"start":{"line":12,"column":2438},"end":{"line":12,"column":2448}},"47":{"start":{"line":12,"column":2458},"end":{"line":12,"column":2470}},"48":{"start":{"line":12,"column":2472},"end":{"line":12,"column":2884}},"49":{"start":{"line":12,"column":2609},"end":{"line":12,"column":2648}},"50":{"start":{"line":12,"column":2669},"end":{"line":12,"column":2707}},"51":{"start":{"line":12,"column":2768},"end":{"line":12,"column":2810}},"52":{"start":{"line":12,"column":2833},"end":{"line":12,"column":2880}},"53":{"start":{"line":12,"column":2887},"end":{"line":12,"column":2906}},"54":{"start":{"line":12,"column":2930},"end":{"line":12,"column":3294}},"55":{"start":{"line":12,"column":3041},"end":{"line":12,"column":3134}},"56":{"start":{"line":12,"column":3093},"end":{"line":12,"column":3130}},"57":{"start":{"line":12,"column":3137},"end":{"line":12,"column":3288}},"58":{"start":{"line":12,"column":3361},"end":{"line":12,"column":3377}},"59":{"start":{"line":12,"column":3379},"end":{"line":12,"column":4499}},"60":{"start":{"line":12,"column":3411},"end":{"line":12,"column":3486}},"61":{"start":{"line":12,"column":3438},"end":{"line":12,"column":3486}},"62":{"start":{"line":12,"column":3487},"end":{"line":12,"column":3573}},"63":{"start":{"line":12,"column":3516},"end":{"line":12,"column":3550}},"64":{"start":{"line":12,"column":3540},"end":{"line":12,"column":3550}},"65":{"start":{"line":12,"column":3551},"end":{"line":12,"column":3571}},"66":{"start":{"line":12,"column":3574},"end":{"line":12,"column":4496}},"67":{"start":{"line":12,"column":3642},"end":{"line":12,"column":3658}},"68":{"start":{"line":12,"column":3660},"end":{"line":12,"column":3836}},"69":{"start":{"line":12,"column":3697},"end":{"line":12,"column":3735}},"70":{"start":{"line":12,"column":3737},"end":{"line":12,"column":3834}},"71":{"start":{"line":12,"column":3759},"end":{"line":12,"column":3809}},"72":{"start":{"line":12,"column":3800},"end":{"line":12,"column":3809}},"73":{"start":{"line":12,"column":3810},"end":{"line":12,"column":3832}},"74":{"start":{"line":12,"column":3837},"end":{"line":12,"column":4138}},"75":{"start":{"line":12,"column":3868},"end":{"line":12,"column":3911}},"76":{"start":{"line":12,"column":3916},"end":{"line":12,"column":4138}},"77":{"start":{"line":12,"column":3950},"end":{"line":12,"column":4021}},"78":{"start":{"line":12,"column":3982},"end":{"line":12,"column":4021}},"79":{"start":{"line":12,"column":4022},"end":{"line":12,"column":4061}},"80":{"start":{"line":12,"column":4069},"end":{"line":12,"column":4138}},"81":{"start":{"line":12,"column":4139},"end":{"line":12,"column":4159}},"82":{"start":{"line":12,"column":4173},"end":{"line":12,"column":4205}},"83":{"start":{"line":12,"column":4207},"end":{"line":12,"column":4392}},"84":{"start":{"line":12,"column":4239},"end":{"line":12,"column":4340}},"85":{"start":{"line":12,"column":4331},"end":{"line":12,"column":4340}},"86":{"start":{"line":12,"column":4341},"end":{"line":12,"column":4390}},"87":{"start":{"line":12,"column":4393},"end":{"line":12,"column":4494}},"88":{"start":{"line":12,"column":4569},"end":{"line":12,"column":4583}},"89":{"start":{"line":12,"column":4594},"end":{"line":12,"column":4623}},"90":{"start":{"line":12,"column":4625},"end":{"line":12,"column":5028}},"91":{"start":{"line":12,"column":4651},"end":{"line":12,"column":5028}},"92":{"start":{"line":12,"column":5042},"end":{"line":12,"column":5090}},"93":{"start":{"line":12,"column":5092},"end":{"line":12,"column":5222}},"94":{"start":{"line":12,"column":5121},"end":{"line":12,"column":5222}},"95":{"start":{"line":12,"column":5234},"end":{"line":12,"column":5244}},"96":{"start":{"line":12,"column":5246},"end":{"line":12,"column":5619}},"97":{"start":{"line":12,"column":5664},"end":{"line":12,"column":5683}},"98":{"start":{"line":12,"column":5685},"end":{"line":12,"column":5823}},"99":{"start":{"line":12,"column":5871},"end":{"line":12,"column":5893}},"100":{"start":{"line":12,"column":5895},"end":{"line":12,"column":5964}},"101":{"start":{"line":12,"column":5999},"end":{"line":12,"column":6095}},"102":{"start":{"line":12,"column":6126},"end":{"line":12,"column":6572}},"103":{"start":{"line":12,"column":6163},"end":{"line":12,"column":6187}},"104":{"start":{"line":12,"column":6189},"end":{"line":12,"column":6246}},"105":{"start":{"line":12,"column":6209},"end":{"line":12,"column":6246}},"106":{"start":{"line":12,"column":6247},"end":{"line":12,"column":6303}},"107":{"start":{"line":12,"column":6287},"end":{"line":12,"column":6303}},"108":{"start":{"line":12,"column":6304},"end":{"line":12,"column":6570}},"109":{"start":{"line":12,"column":6343},"end":{"line":12,"column":6345}},"110":{"start":{"line":12,"column":6354},"end":{"line":12,"column":6542}},"111":{"start":{"line":12,"column":6372},"end":{"line":12,"column":6487}},"112":{"start":{"line":12,"column":6403},"end":{"line":12,"column":6487}},"113":{"start":{"line":12,"column":6433},"end":{"line":12,"column":6487}},"114":{"start":{"line":12,"column":6488},"end":{"line":12,"column":6540}},"115":{"start":{"line":12,"column":6544},"end":{"line":12,"column":6568}},"116":{"start":{"line":12,"column":6573},"end":{"line":12,"column":6601}},"117":{"start":{"line":12,"column":6628},"end":{"line":12,"column":6666}},"118":{"start":{"line":12,"column":6669},"end":{"line":12,"column":12094}},"119":{"start":{"line":12,"column":7102},"end":{"line":12,"column":7151}},"120":{"start":{"line":12,"column":7153},"end":{"line":12,"column":7258}},"121":{"start":{"line":12,"column":7297},"end":{"line":12,"column":7538}},"122":{"start":{"line":12,"column":7575},"end":{"line":12,"column":7599}},"123":{"start":{"line":12,"column":7718},"end":{"line":12,"column":7730}},"124":{"start":{"line":12,"column":7852},"end":{"line":12,"column":7902}},"125":{"start":{"line":12,"column":7914},"end":{"line":12,"column":7987}},"126":{"start":{"line":12,"column":7989},"end":{"line":12,"column":8131}},"127":{"start":{"line":12,"column":8079},"end":{"line":12,"column":8127}},"128":{"start":{"line":12,"column":8247},"end":{"line":12,"column":8259}},"129":{"start":{"line":12,"column":8301},"end":{"line":12,"column":8329}},"130":{"start":{"line":12,"column":8379},"end":{"line":12,"column":8390}},"131":{"start":{"line":12,"column":8399},"end":{"line":12,"column":8401}},"132":{"start":{"line":12,"column":8403},"end":{"line":12,"column":8442}},"133":{"start":{"line":12,"column":8427},"end":{"line":12,"column":8442}},"134":{"start":{"line":12,"column":8443},"end":{"line":12,"column":8628}},"135":{"start":{"line":12,"column":8484},"end":{"line":12,"column":8596}},"136":{"start":{"line":12,"column":8517},"end":{"line":12,"column":8527}},"137":{"start":{"line":12,"column":8529},"end":{"line":12,"column":8594}},"138":{"start":{"line":12,"column":8548},"end":{"line":12,"column":8594}},"139":{"start":{"line":12,"column":8597},"end":{"line":12,"column":8625}},"140":{"start":{"line":12,"column":8740},"end":{"line":12,"column":9075}},"141":{"start":{"line":12,"column":8948},"end":{"line":12,"column":9075}},"142":{"start":{"line":12,"column":8971},"end":{"line":12,"column":9075}},"143":{"start":{"line":12,"column":9103},"end":{"line":12,"column":9118}},"144":{"start":{"line":12,"column":9136},"end":{"line":12,"column":9165}},"145":{"start":{"line":12,"column":9167},"end":{"line":12,"column":9221}},"146":{"start":{"line":12,"column":9200},"end":{"line":12,"column":9221}},"147":{"start":{"line":12,"column":9222},"end":{"line":12,"column":9239}},"148":{"start":{"line":12,"column":9302},"end":{"line":12,"column":9333}},"149":{"start":{"line":12,"column":9317},"end":{"line":12,"column":9333}},"150":{"start":{"line":12,"column":9348},"end":{"line":12,"column":9352}},"151":{"start":{"line":12,"column":9385},"end":{"line":12,"column":9530}},"152":{"start":{"line":12,"column":9533},"end":{"line":12,"column":10237}},"153":{"start":{"line":12,"column":9546},"end":{"line":12,"column":9572}},"154":{"start":{"line":12,"column":9601},"end":{"line":12,"column":9619}},"155":{"start":{"line":12,"column":9630},"end":{"line":12,"column":9646}},"156":{"start":{"line":12,"column":9648},"end":{"line":12,"column":9698}},"157":{"start":{"line":12,"column":9677},"end":{"line":12,"column":9698}},"158":{"start":{"line":12,"column":9699},"end":{"line":12,"column":10235}},"159":{"start":{"line":12,"column":9747},"end":{"line":12,"column":9777}},"160":{"start":{"line":12,"column":9792},"end":{"line":12,"column":9824}},"161":{"start":{"line":12,"column":9826},"end":{"line":12,"column":10233}},"162":{"start":{"line":12,"column":9856},"end":{"line":12,"column":9922}},"163":{"start":{"line":12,"column":9888},"end":{"line":12,"column":9922}},"164":{"start":{"line":12,"column":9923},"end":{"line":12,"column":9989}},"165":{"start":{"line":12,"column":9957},"end":{"line":12,"column":9989}},"166":{"start":{"line":12,"column":9997},"end":{"line":12,"column":10233}},"167":{"start":{"line":12,"column":10013},"end":{"line":12,"column":10079}},"168":{"start":{"line":12,"column":10045},"end":{"line":12,"column":10079}},"169":{"start":{"line":12,"column":10089},"end":{"line":12,"column":10164}},"170":{"start":{"line":12,"column":10106},"end":{"line":12,"column":10164}},"171":{"start":{"line":12,"column":10165},"end":{"line":12,"column":10231}},"172":{"start":{"line":12,"column":10199},"end":{"line":12,"column":10231}},"173":{"start":{"line":12,"column":10278},"end":{"line":12,"column":10503}},"174":{"start":{"line":12,"column":10291},"end":{"line":12,"column":10317}},"175":{"start":{"line":12,"column":10346},"end":{"line":12,"column":10364}},"176":{"start":{"line":12,"column":10366},"end":{"line":12,"column":10501}},"177":{"start":{"line":12,"column":10486},"end":{"line":12,"column":10491}},"178":{"start":{"line":12,"column":10493},"end":{"line":12,"column":10499}},"179":{"start":{"line":12,"column":10504},"end":{"line":12,"column":10651}},"180":{"start":{"line":12,"column":10665},"end":{"line":12,"column":10708}},"181":{"start":{"line":12,"column":10710},"end":{"line":12,"column":10872}},"182":{"start":{"line":12,"column":10924},"end":{"line":12,"column":10970}},"183":{"start":{"line":12,"column":10953},"end":{"line":12,"column":10970}},"184":{"start":{"line":12,"column":10971},"end":{"line":12,"column":11248}},"185":{"start":{"line":12,"column":11290},"end":{"line":12,"column":11512}},"186":{"start":{"line":12,"column":11303},"end":{"line":12,"column":11329}},"187":{"start":{"line":12,"column":11358},"end":{"line":12,"column":11376}},"188":{"start":{"line":12,"column":11378},"end":{"line":12,"column":11510}},"189":{"start":{"line":12,"column":11415},"end":{"line":12,"column":11510}},"190":{"start":{"line":12,"column":11551},"end":{"line":12,"column":11799}},"191":{"start":{"line":12,"column":11564},"end":{"line":12,"column":11590}},"192":{"start":{"line":12,"column":11619},"end":{"line":12,"column":11637}},"193":{"start":{"line":12,"column":11639},"end":{"line":12,"column":11797}},"194":{"start":{"line":12,"column":11683},"end":{"line":12,"column":11699}},"195":{"start":{"line":12,"column":11701},"end":{"line":12,"column":11780}},"196":{"start":{"line":12,"column":11745},"end":{"line":12,"column":11755}},"197":{"start":{"line":12,"column":11757},"end":{"line":12,"column":11778}},"198":{"start":{"line":12,"column":11781},"end":{"line":12,"column":11795}},"199":{"start":{"line":12,"column":11800},"end":{"line":12,"column":11841}},"200":{"start":{"line":12,"column":11916},"end":{"line":12,"column":12080}},"201":{"start":{"line":13,"column":77},"end":{"line":13,"column":175}},"202":{"start":{"line":13,"column":94},"end":{"line":13,"column":107}},"203":{"start":{"line":13,"column":121},"end":{"line":13,"column":131}},"204":{"start":{"line":13,"column":151},"end":{"line":13,"column":165}},"205":{"start":{"line":13,"column":166},"end":{"line":13,"column":173}},"206":{"start":{"line":13,"column":176},"end":{"line":13,"column":263}},"207":{"start":{"line":13,"column":193},"end":{"line":13,"column":208}},"208":{"start":{"line":13,"column":218},"end":{"line":13,"column":261}},"209":{"start":{"line":14,"column":33},"end":{"line":14,"column":387}},"210":{"start":{"line":14,"column":65},"end":{"line":14,"column":69}},"211":{"start":{"line":14,"column":78},"end":{"line":14,"column":87}},"212":{"start":{"line":14,"column":89},"end":{"line":14,"column":384}},"213":{"start":{"line":14,"column":147},"end":{"line":14,"column":167}},"214":{"start":{"line":14,"column":193},"end":{"line":14,"column":264}},"215":{"start":{"line":14,"column":290},"end":{"line":14,"column":360}},"216":{"start":{"line":14,"column":363},"end":{"line":14,"column":380}},"217":{"start":{"line":15,"column":17},"end":{"line":27,"column":2}},"218":{"start":{"line":30,"column":0},"end":{"line":54,"column":5}},"219":{"start":{"line":31,"column":13},"end":{"line":50,"column":5}},"220":{"start":{"line":33,"column":4},"end":{"line":49,"column":22}},"221":{"start":{"line":34,"column":6},"end":{"line":48,"column":7}},"222":{"start":{"line":34,"column":16},"end":{"line":48,"column":7}},"223":{"start":{"line":36,"column":10},"end":{"line":36,"column":28}},"224":{"start":{"line":37,"column":10},"end":{"line":37,"column":46}},"225":{"start":{"line":39,"column":10},"end":{"line":39,"column":31}},"226":{"start":{"line":40,"column":10},"end":{"line":40,"column":28}},"227":{"start":{"line":41,"column":10},"end":{"line":41,"column":62}},"228":{"start":{"line":43,"column":10},"end":{"line":43,"column":40}},"229":{"start":{"line":44,"column":10},"end":{"line":44,"column":17}},"230":{"start":{"line":47,"column":10},"end":{"line":47,"column":33}},"231":{"start":{"line":51,"column":2},"end":{"line":53,"column":4}},"232":{"start":{"line":52,"column":4},"end":{"line":52,"column":39}},"233":{"start":{"line":57,"column":0},"end":{"line":95,"column":4}},"234":{"start":{"line":58,"column":14},"end":{"line":91,"column":5}},"235":{"start":{"line":60,"column":4},"end":{"line":90,"column":23}},"236":{"start":{"line":61,"column":6},"end":{"line":89,"column":7}},"237":{"start":{"line":61,"column":16},"end":{"line":89,"column":7}},"238":{"start":{"line":63,"column":10},"end":{"line":63,"column":29}},"239":{"start":{"line":64,"column":10},"end":{"line":66,"column":13}},"240":{"start":{"line":68,"column":10},"end":{"line":68,"column":32}},"241":{"start":{"line":69,"column":10},"end":{"line":72,"column":11}},"242":{"start":{"line":70,"column":12},"end":{"line":70,"column":32}},"243":{"start":{"line":71,"column":12},"end":{"line":71,"column":18}},"244":{"start":{"line":73,"column":10},"end":{"line":73,"column":29}},"245":{"start":{"line":74,"column":10},"end":{"line":74,"column":69}},"246":{"start":{"line":76,"column":10},"end":{"line":76,"column":32}},"247":{"start":{"line":77,"column":10},"end":{"line":80,"column":11}},"248":{"start":{"line":78,"column":12},"end":{"line":78,"column":31}},"249":{"start":{"line":79,"column":12},"end":{"line":79,"column":18}},"250":{"start":{"line":81,"column":10},"end":{"line":81,"column":50}},"251":{"start":{"line":83,"column":10},"end":{"line":83,"column":44}},"252":{"start":{"line":85,"column":10},"end":{"line":85,"column":41}},"253":{"start":{"line":88,"column":10},"end":{"line":88,"column":34}},"254":{"start":{"line":92,"column":2},"end":{"line":94,"column":4}},"255":{"start":{"line":93,"column":4},"end":{"line":93,"column":40}},"256":{"start":{"line":96,"column":11},"end":{"line":96,"column":57}},"257":{"start":{"line":97,"column":15},"end":{"line":97,"column":19}},"258":{"start":{"line":98,"column":0},"end":{"line":98,"column":30}}},"fnMap":{"0":{"name":"_typeof","decl":{"start":{"line":3,"column":9},"end":{"line":3,"column":16}},"loc":{"start":{"line":3,"column":22},"end":{"line":3,"column":336}},"line":3},"1":{"name":"(anonymous_1)","decl":{"start":{"line":3,"column":136},"end":{"line":3,"column":137}},"loc":{"start":{"line":3,"column":151},"end":{"line":3,"column":173}},"line":3},"2":{"name":"(anonymous_2)","decl":{"start":{"line":3,"column":176},"end":{"line":3,"column":177}},"loc":{"start":{"line":3,"column":191},"end":{"line":3,"column":319}},"line":3},"3":{"name":"_interopRequireDefault","decl":{"start":{"line":11,"column":9},"end":{"line":11,"column":31}},"loc":{"start":{"line":11,"column":37},"end":{"line":11,"column":97}},"line":11},"4":{"name":"_regeneratorRuntime","decl":{"start":{"line":12,"column":9},"end":{"line":12,"column":28}},"loc":{"start":{"line":12,"column":31},"end":{"line":12,"column":12096}},"line":12},"5":{"name":"_regeneratorRuntime","decl":{"start":{"line":12,"column":227},"end":{"line":12,"column":246}},"loc":{"start":{"line":12,"column":249},"end":{"line":12,"column":268}},"line":12},"6":{"name":"(anonymous_6)","decl":{"start":{"line":12,"column":381},"end":{"line":12,"column":382}},"loc":{"start":{"line":12,"column":407},"end":{"line":12,"column":433}},"line":12},"7":{"name":"define","decl":{"start":{"line":12,"column":674},"end":{"line":12,"column":680}},"loc":{"start":{"line":12,"column":698},"end":{"line":12,"column":817}},"line":12},"8":{"name":"define","decl":{"start":{"line":12,"column":874},"end":{"line":12,"column":880}},"loc":{"start":{"line":12,"column":898},"end":{"line":12,"column":926}},"line":12},"9":{"name":"wrap","decl":{"start":{"line":12,"column":939},"end":{"line":12,"column":943}},"loc":{"start":{"line":12,"column":981},"end":{"line":12,"column":1282}},"line":12},"10":{"name":"tryCatch","decl":{"start":{"line":12,"column":1292},"end":{"line":12,"column":1300}},"loc":{"start":{"line":12,"column":1315},"end":{"line":12,"column":1429}},"line":12},"11":{"name":"Generator","decl":{"start":{"line":12,"column":1487},"end":{"line":12,"column":1496}},"loc":{"start":{"line":12,"column":1499},"end":{"line":12,"column":1501}},"line":12},"12":{"name":"GeneratorFunction","decl":{"start":{"line":12,"column":1511},"end":{"line":12,"column":1528}},"loc":{"start":{"line":12,"column":1531},"end":{"line":12,"column":1533}},"line":12},"13":{"name":"GeneratorFunctionPrototype","decl":{"start":{"line":12,"column":1543},"end":{"line":12,"column":1569}},"loc":{"start":{"line":12,"column":1572},"end":{"line":12,"column":1574}},"line":12},"14":{"name":"(anonymous_14)","decl":{"start":{"line":12,"column":1645},"end":{"line":12,"column":1646}},"loc":{"start":{"line":12,"column":1657},"end":{"line":12,"column":1673}},"line":12},"15":{"name":"defineIteratorMethods","decl":{"start":{"line":12,"column":2061},"end":{"line":12,"column":2082}},"loc":{"start":{"line":12,"column":2094},"end":{"line":12,"column":2238}},"line":12},"16":{"name":"(anonymous_16)","decl":{"start":{"line":12,"column":2132},"end":{"line":12,"column":2133}},"loc":{"start":{"line":12,"column":2150},"end":{"line":12,"column":2234}},"line":12},"17":{"name":"(anonymous_17)","decl":{"start":{"line":12,"column":2178},"end":{"line":12,"column":2179}},"loc":{"start":{"line":12,"column":2193},"end":{"line":12,"column":2230}},"line":12},"18":{"name":"AsyncIterator","decl":{"start":{"line":12,"column":2248},"end":{"line":12,"column":2261}},"loc":{"start":{"line":12,"column":2286},"end":{"line":12,"column":3296}},"line":12},"19":{"name":"invoke","decl":{"start":{"line":12,"column":2297},"end":{"line":12,"column":2303}},"loc":{"start":{"line":12,"column":2334},"end":{"line":12,"column":2908}},"line":12},"20":{"name":"(anonymous_20)","decl":{"start":{"line":12,"column":2590},"end":{"line":12,"column":2591}},"loc":{"start":{"line":12,"column":2607},"end":{"line":12,"column":2650}},"line":12},"21":{"name":"(anonymous_21)","decl":{"start":{"line":12,"column":2652},"end":{"line":12,"column":2653}},"loc":{"start":{"line":12,"column":2667},"end":{"line":12,"column":2709}},"line":12},"22":{"name":"(anonymous_22)","decl":{"start":{"line":12,"column":2745},"end":{"line":12,"column":2746}},"loc":{"start":{"line":12,"column":2766},"end":{"line":12,"column":2812}},"line":12},"23":{"name":"(anonymous_23)","decl":{"start":{"line":12,"column":2814},"end":{"line":12,"column":2815}},"loc":{"start":{"line":12,"column":2831},"end":{"line":12,"column":2882}},"line":12},"24":{"name":"value","decl":{"start":{"line":12,"column":2980},"end":{"line":12,"column":2985}},"loc":{"start":{"line":12,"column":2999},"end":{"line":12,"column":3290}},"line":12},"25":{"name":"callInvokeWithMethodAndArg","decl":{"start":{"line":12,"column":3010},"end":{"line":12,"column":3036}},"loc":{"start":{"line":12,"column":3039},"end":{"line":12,"column":3136}},"line":12},"26":{"name":"(anonymous_26)","decl":{"start":{"line":12,"column":3064},"end":{"line":12,"column":3065}},"loc":{"start":{"line":12,"column":3091},"end":{"line":12,"column":3132}},"line":12},"27":{"name":"makeInvokeMethod","decl":{"start":{"line":12,"column":3306},"end":{"line":12,"column":3322}},"loc":{"start":{"line":12,"column":3347},"end":{"line":12,"column":4501}},"line":12},"28":{"name":"(anonymous_28)","decl":{"start":{"line":12,"column":3386},"end":{"line":12,"column":3387}},"loc":{"start":{"line":12,"column":3409},"end":{"line":12,"column":4498}},"line":12},"29":{"name":"maybeInvokeDelegate","decl":{"start":{"line":12,"column":4511},"end":{"line":12,"column":4530}},"loc":{"start":{"line":12,"column":4550},"end":{"line":12,"column":5621}},"line":12},"30":{"name":"pushTryEntry","decl":{"start":{"line":12,"column":5631},"end":{"line":12,"column":5643}},"loc":{"start":{"line":12,"column":5650},"end":{"line":12,"column":5825}},"line":12},"31":{"name":"resetTryEntry","decl":{"start":{"line":12,"column":5835},"end":{"line":12,"column":5848}},"loc":{"start":{"line":12,"column":5856},"end":{"line":12,"column":5966}},"line":12},"32":{"name":"Context","decl":{"start":{"line":12,"column":5976},"end":{"line":12,"column":5983}},"loc":{"start":{"line":12,"column":5997},"end":{"line":12,"column":6097}},"line":12},"33":{"name":"values","decl":{"start":{"line":12,"column":6107},"end":{"line":12,"column":6113}},"loc":{"start":{"line":12,"column":6124},"end":{"line":12,"column":6603}},"line":12},"34":{"name":"next","decl":{"start":{"line":12,"column":6363},"end":{"line":12,"column":6367}},"loc":{"start":{"line":12,"column":6370},"end":{"line":12,"column":6542}},"line":12},"35":{"name":"doneResult","decl":{"start":{"line":12,"column":6613},"end":{"line":12,"column":6623}},"loc":{"start":{"line":12,"column":6626},"end":{"line":12,"column":6668}},"line":12},"36":{"name":"(anonymous_36)","decl":{"start":{"line":12,"column":7071},"end":{"line":12,"column":7072}},"loc":{"start":{"line":12,"column":7089},"end":{"line":12,"column":7260}},"line":12},"37":{"name":"(anonymous_37)","decl":{"start":{"line":12,"column":7277},"end":{"line":12,"column":7278}},"loc":{"start":{"line":12,"column":7295},"end":{"line":12,"column":7540}},"line":12},"38":{"name":"(anonymous_38)","decl":{"start":{"line":12,"column":7558},"end":{"line":12,"column":7559}},"loc":{"start":{"line":12,"column":7573},"end":{"line":12,"column":7601}},"line":12},"39":{"name":"(anonymous_39)","decl":{"start":{"line":12,"column":7704},"end":{"line":12,"column":7705}},"loc":{"start":{"line":12,"column":7716},"end":{"line":12,"column":7732}},"line":12},"40":{"name":"(anonymous_40)","decl":{"start":{"line":12,"column":7790},"end":{"line":12,"column":7791}},"loc":{"start":{"line":12,"column":7850},"end":{"line":12,"column":8133}},"line":12},"41":{"name":"(anonymous_41)","decl":{"start":{"line":12,"column":8059},"end":{"line":12,"column":8060}},"loc":{"start":{"line":12,"column":8077},"end":{"line":12,"column":8129}},"line":12},"42":{"name":"(anonymous_42)","decl":{"start":{"line":12,"column":8233},"end":{"line":12,"column":8234}},"loc":{"start":{"line":12,"column":8245},"end":{"line":12,"column":8261}},"line":12},"43":{"name":"(anonymous_43)","decl":{"start":{"line":12,"column":8287},"end":{"line":12,"column":8288}},"loc":{"start":{"line":12,"column":8299},"end":{"line":12,"column":8331}},"line":12},"44":{"name":"(anonymous_44)","decl":{"start":{"line":12,"column":8349},"end":{"line":12,"column":8350}},"loc":{"start":{"line":12,"column":8364},"end":{"line":12,"column":8630}},"line":12},"45":{"name":"next","decl":{"start":{"line":12,"column":8475},"end":{"line":12,"column":8479}},"loc":{"start":{"line":12,"column":8482},"end":{"line":12,"column":8627}},"line":12},"46":{"name":"reset","decl":{"start":{"line":12,"column":8717},"end":{"line":12,"column":8722}},"loc":{"start":{"line":12,"column":8738},"end":{"line":12,"column":9077}},"line":12},"47":{"name":"stop","decl":{"start":{"line":12,"column":9094},"end":{"line":12,"column":9098}},"loc":{"start":{"line":12,"column":9101},"end":{"line":12,"column":9241}},"line":12},"48":{"name":"dispatchException","decl":{"start":{"line":12,"column":9271},"end":{"line":12,"column":9288}},"loc":{"start":{"line":12,"column":9300},"end":{"line":12,"column":10239}},"line":12},"49":{"name":"handle","decl":{"start":{"line":12,"column":9363},"end":{"line":12,"column":9369}},"loc":{"start":{"line":12,"column":9383},"end":{"line":12,"column":9532}},"line":12},"50":{"name":"abrupt","decl":{"start":{"line":12,"column":10258},"end":{"line":12,"column":10264}},"loc":{"start":{"line":12,"column":10276},"end":{"line":12,"column":10874}},"line":12},"51":{"name":"complete","decl":{"start":{"line":12,"column":10895},"end":{"line":12,"column":10903}},"loc":{"start":{"line":12,"column":10922},"end":{"line":12,"column":11250}},"line":12},"52":{"name":"finish","decl":{"start":{"line":12,"column":11269},"end":{"line":12,"column":11275}},"loc":{"start":{"line":12,"column":11288},"end":{"line":12,"column":11514}},"line":12},"53":{"name":"_catch","decl":{"start":{"line":12,"column":11534},"end":{"line":12,"column":11540}},"loc":{"start":{"line":12,"column":11549},"end":{"line":12,"column":11843}},"line":12},"54":{"name":"delegateYield","decl":{"start":{"line":12,"column":11869},"end":{"line":12,"column":11882}},"loc":{"start":{"line":12,"column":11914},"end":{"line":12,"column":12082}},"line":12},"55":{"name":"asyncGeneratorStep","decl":{"start":{"line":13,"column":9},"end":{"line":13,"column":27}},"loc":{"start":{"line":13,"column":75},"end":{"line":13,"column":265}},"line":13},"56":{"name":"_asyncToGenerator","decl":{"start":{"line":14,"column":9},"end":{"line":14,"column":26}},"loc":{"start":{"line":14,"column":31},"end":{"line":14,"column":389}},"line":14},"57":{"name":"(anonymous_57)","decl":{"start":{"line":14,"column":40},"end":{"line":14,"column":41}},"loc":{"start":{"line":14,"column":52},"end":{"line":14,"column":386}},"line":14},"58":{"name":"(anonymous_58)","decl":{"start":{"line":14,"column":108},"end":{"line":14,"column":109}},"loc":{"start":{"line":14,"column":135},"end":{"line":14,"column":382}},"line":14},"59":{"name":"_next","decl":{"start":{"line":14,"column":178},"end":{"line":14,"column":183}},"loc":{"start":{"line":14,"column":191},"end":{"line":14,"column":266}},"line":14},"60":{"name":"_throw","decl":{"start":{"line":14,"column":276},"end":{"line":14,"column":282}},"loc":{"start":{"line":14,"column":288},"end":{"line":14,"column":362}},"line":14},"61":{"name":"(anonymous_61)","decl":{"start":{"line":30,"column":36},"end":{"line":30,"column":37}},"loc":{"start":{"line":30,"column":48},"end":{"line":54,"column":1}},"line":30},"62":{"name":"_callee","decl":{"start":{"line":31,"column":81},"end":{"line":31,"column":88}},"loc":{"start":{"line":31,"column":95},"end":{"line":50,"column":3}},"line":31},"63":{"name":"_callee$","decl":{"start":{"line":33,"column":47},"end":{"line":33,"column":55}},"loc":{"start":{"line":33,"column":66},"end":{"line":49,"column":5}},"line":33},"64":{"name":"(anonymous_64)","decl":{"start":{"line":51,"column":9},"end":{"line":51,"column":10}},"loc":{"start":{"line":51,"column":23},"end":{"line":53,"column":3}},"line":51},"65":{"name":"(anonymous_65)","decl":{"start":{"line":57,"column":40},"end":{"line":57,"column":41}},"loc":{"start":{"line":57,"column":52},"end":{"line":95,"column":1}},"line":57},"66":{"name":"_callee2","decl":{"start":{"line":58,"column":82},"end":{"line":58,"column":90}},"loc":{"start":{"line":58,"column":108},"end":{"line":91,"column":3}},"line":58},"67":{"name":"_callee2$","decl":{"start":{"line":60,"column":47},"end":{"line":60,"column":56}},"loc":{"start":{"line":60,"column":68},"end":{"line":90,"column":5}},"line":60},"68":{"name":"(anonymous_68)","decl":{"start":{"line":92,"column":9},"end":{"line":92,"column":10}},"loc":{"start":{"line":92,"column":29},"end":{"line":94,"column":3}},"line":92}},"branchMap":{"0":{"loc":{"start":{"line":3,"column":68},"end":{"line":3,"column":319}},"type":"cond-expr","locations":[{"start":{"line":3,"column":136},"end":{"line":3,"column":173}},{"start":{"line":3,"column":176},"end":{"line":3,"column":319}}],"line":3},"1":{"loc":{"start":{"line":3,"column":68},"end":{"line":3,"column":133}},"type":"binary-expr","locations":[{"start":{"line":3,"column":68},"end":{"line":3,"column":95}},{"start":{"line":3,"column":99},"end":{"line":3,"column":133}}],"line":3},"2":{"loc":{"start":{"line":3,"column":200},"end":{"line":3,"column":316}},"type":"cond-expr","locations":[{"start":{"line":3,"column":295},"end":{"line":3,"column":303}},{"start":{"line":3,"column":306},"end":{"line":3,"column":316}}],"line":3},"3":{"loc":{"start":{"line":3,"column":200},"end":{"line":3,"column":292}},"type":"binary-expr","locations":[{"start":{"line":3,"column":200},"end":{"line":3,"column":203}},{"start":{"line":3,"column":207},"end":{"line":3,"column":234}},{"start":{"line":3,"column":238},"end":{"line":3,"column":264}},{"start":{"line":3,"column":268},"end":{"line":3,"column":292}}],"line":3},"4":{"loc":{"start":{"line":11,"column":46},"end":{"line":11,"column":94}},"type":"cond-expr","locations":[{"start":{"line":11,"column":70},"end":{"line":11,"column":73}},{"start":{"line":11,"column":76},"end":{"line":11,"column":94}}],"line":11},"5":{"loc":{"start":{"line":11,"column":46},"end":{"line":11,"column":67}},"type":"binary-expr","locations":[{"start":{"line":11,"column":46},"end":{"line":11,"column":49}},{"start":{"line":11,"column":53},"end":{"line":11,"column":67}}],"line":11},"6":{"loc":{"start":{"line":12,"column":356},"end":{"line":12,"column":433}},"type":"binary-expr","locations":[{"start":{"line":12,"column":356},"end":{"line":12,"column":377}},{"start":{"line":12,"column":381},"end":{"line":12,"column":433}}],"line":12},"7":{"loc":{"start":{"line":12,"column":445},"end":{"line":12,"column":486}},"type":"cond-expr","locations":[{"start":{"line":12,"column":475},"end":{"line":12,"column":481}},{"start":{"line":12,"column":484},"end":{"line":12,"column":486}}],"line":12},"8":{"loc":{"start":{"line":12,"column":505},"end":{"line":12,"column":537}},"type":"binary-expr","locations":[{"start":{"line":12,"column":505},"end":{"line":12,"column":521}},{"start":{"line":12,"column":525},"end":{"line":12,"column":537}}],"line":12},"9":{"loc":{"start":{"line":12,"column":561},"end":{"line":12,"column":603}},"type":"binary-expr","locations":[{"start":{"line":12,"column":561},"end":{"line":12,"column":582}},{"start":{"line":12,"column":586},"end":{"line":12,"column":603}}],"line":12},"10":{"loc":{"start":{"line":12,"column":625},"end":{"line":12,"column":663}},"type":"binary-expr","locations":[{"start":{"line":12,"column":625},"end":{"line":12,"column":644}},{"start":{"line":12,"column":648},"end":{"line":12,"column":663}}],"line":12},"11":{"loc":{"start":{"line":12,"column":1004},"end":{"line":12,"column":1075}},"type":"cond-expr","locations":[{"start":{"line":12,"column":1056},"end":{"line":12,"column":1063}},{"start":{"line":12,"column":1066},"end":{"line":12,"column":1075}}],"line":12},"12":{"loc":{"start":{"line":12,"column":1004},"end":{"line":12,"column":1053}},"type":"binary-expr","locations":[{"start":{"line":12,"column":1004},"end":{"line":12,"column":1011}},{"start":{"line":12,"column":1015},"end":{"line":12,"column":1053}}],"line":12},"13":{"loc":{"start":{"line":12,"column":1152},"end":{"line":12,"column":1169}},"type":"binary-expr","locations":[{"start":{"line":12,"column":1152},"end":{"line":12,"column":1163}},{"st
[...]
8},"end":{"line":11,"column":11510}},{"start":{"line":11,"column":11378},"end":{"line":11,"column":11510}}],"line":11},"82":{"loc":{"start":{"line":11,"column":11639},"end":{"line":11,"column":11797}},"type":"if","locations":[{"start":{"line":11,"column":11639},"end":{"line":11,"column":11797}},{"start":{"line":11,"column":11639},"end":{"line":11,"column":11797}}],"line":11},"83":{"loc":{"start":{"line":11,"column":11701},"end":{"line":11,"column":11780}},"type":"if","locations":[{"start":{"line":11,"column":11701},"end":{"line":11,"column":11780}},{"start":{"line":11,"column":11701},"end":{"line":11,"column":11780}}],"line":11},"84":{"loc":{"start":{"line":11,"column":12013},"end":{"line":11,"column":12061}},"type":"binary-expr","locations":[{"start":{"line":11,"column":12013},"end":{"line":11,"column":12035}},{"start":{"line":11,"column":12040},"end":{"line":11,"column":12060}}],"line":11},"85":{"loc":{"start":{"line":12,"column":176},"end":{"line":12,"column":263}},"type":"if","locations":[{"start":{"line":12,"column":176},"end":{"line":12,"column":263}},{"start":{"line":12,"column":176},"end":{"line":12,"column":263}}],"line":12},"86":{"loc":{"start":{"line":17,"column":2},"end":{"line":34,"column":3}},"type":"if","locations":[{"start":{"line":17,"column":2},"end":{"line":34,"column":3}},{"start":{"line":17,"column":2},"end":{"line":34,"column":3}}],"line":17},"87":{"loc":{"start":{"line":19,"column":6},"end":{"line":27,"column":7}},"type":"if","locations":[{"start":{"line":19,"column":6},"end":{"line":27,"column":7}},{"start":{"line":19,"column":6},"end":{"line":27,"column":7}}],"line":19},"88":{"loc":{"start":{"line":43,"column":2},"end":{"line":87,"column":3}},"type":"if","locations":[{"start":{"line":43,"column":2},"end":{"line":87,"column":3}},{"start":{"line":43,"column":2},"end":{"line":87,"column":3}}],"line":43},"89":{"loc":{"start":{"line":48,"column":20},"end":{"line":75,"column":11}},"type":"switch","locations":[{"start":{"line":49,"column":12},"end":{"line":57,"column":20}},{"start":{"line":58,"column":12},"end":{"line":61,"column":64}},{"start":{"line":62,"column":12},"end":{"line":71,"column":15}},{"start":{"line":72,"column":12},"end":{"line":72,"column":20}},{"start":{"line":73,"column":12},"end":{"line":74,"column":37}}],"line":48},"90":{"loc":{"start":{"line":50,"column":14},"end":{"line":53,"column":15}},"type":"if","locations":[{"start":{"line":50,"column":14},"end":{"line":53,"column":15}},{"start":{"line":50,"column":14},"end":{"line":53,"column":15}}],"line":50},"91":{"loc":{"start":{"line":64,"column":14},"end":{"line":71,"column":15}},"type":"if","locations":[{"start":{"line":64,"column":14},"end":{"line":71,"column":15}},{"start":{"line":64,"column":14},"end":{"line":71,"column":15}}],"line":64}},"s":{"0":0,"1":0,"2":0,"3":1,"4":1,"5":1,"6":1,"7":2,"8":0,"9":0,"10":0,"11":0,"12":0,"13":0,"14":0,"15":0,"16":0,"17":0,"18":0,"19":0,"20":0,"21":0,"22":0,"23":0,"24":0,"25":0,"26":0,"27":0,"28":0,"29":0,"30":0,"31":0,"32":0,"33":0,"34":0,"35":0,"36":0,"37":0,"38":0,"39":0,"40":0,"41":0,"42":0,"43":0,"44":0,"45":0,"46":0,"47":0,"48":0,"49":0,"50":0,"51":0,"52":0,"53":0,"54":0,"55":0,"56":0,"57":0,"58":0,"59":0,"60":0,"61":0,"62":0,"63":0,"64":0,"65":0,"66":0,"67":0,"68":0,"69":0,"70":0,"71":0,"72":0,"73":0,"74":0,"75":0,"76":0,"77":0,"78":0,"79":0,"80":0,"81":0,"82":0,"83":0,"84":0,"85":0,"86":0,"87":0,"88":0,"89":0,"90":0,"91":0,"92":0,"93":0,"94":0,"95":0,"96":0,"97":0,"98":0,"99":0,"100":0,"101":0,"102":0,"103":0,"104":0,"105":0,"106":0,"107":0,"108":0,"109":0,"110":0,"111":0,"112":0,"113":0,"114":0,"115":0,"116":0,"117":0,"118":0,"119":0,"120":0,"121":0,"122":0,"123":0,"124":0,"125":0,"126":0,"127":0,"128":0,"129":0,"130":0,"131":0,"132":0,"133":0,"134":0,"135":0,"136":0,"137":0,"138":0,"139":0,"140":0,"141":0,"142":0,"143":0,"144":0,"145":0,"146":0,"147":0,"148":0,"149":0,"150":0,"151":0,"152":0,"153":0,"154":0,"155":0,"156":0,"157":0,"158":0,"159":0,"160":0,"161":0,"162":0,"163":0,"164":0,"165":0,"166":0,"167":0,"168":0,"169":0,"170":0,"171":0,"172":0,"173":0,"174":0,"175":0,"176":0,"177":0,"178":0,"179":0,"180":0,"181":0,"182":0,"183":0,"184":0,"185":0,"186":0,"187":0,"188":0,"189":0,"190":0,"191":0,"192":0,"193":0,"194":0,"195":0,"196":0,"197":0,"198":0,"199":0,"200":0,"201":0,"202":0,"203":0,"204":0,"205":0,"206":0,"207":0,"208":0,"209":0,"210":0,"211":0,"212":0,"213":0,"214":0,"215":0,"216":1,"217":2,"218":2,"219":0,"220":0,"221":0,"222":0,"223":0,"224":2,"225":1,"226":1,"227":5,"228":5,"229":0,"230":0,"231":0,"232":0,"233":0,"234":0,"235":0,"236":0,"237":0,"238":0,"239":0,"240":0,"241":0,"242":0,"243":0,"244":0,"245":0,"246":0,"247":0,"248":0,"249":0,"250":0,"251":5,"252":1},"f":{"0":0,"1":0,"2":0,"3":2,"4":0,"5":0,"6":0,"7":0,"8":0,"9":0,"10":0,"11":0,"12":0,"13":0,"14":0,"15":0,"16":0,"17":0,"18":0,"19":0,"20":0,"21":0,"22":0,"23":0,"24":0,"25":0,"26":0,"27":0,"28":0,"29":0,"30":0,"31":0,"32":0,"33":0,"34":0,"35":0,"36":0,"37":0,"38":0,"39":0,"40":0,"41":0,"42":0,"43":0,"44":0,"45":0,"46":0,"47":0,"48":0,"49":0,"50":0,"51":0,"52":0,"53":0,"54":0,"55":0,"56":0,"57":0,"58":0,"59":0,"60":0,"61":2,"62":0,"63":5,"64":0,"65":0,"66":0,"67":0},"b":{"0":[0,0],"1":[0,0],"2":[0,0],"3":[0,0,0,0],"4":[1,1],"5":[2,2],"6":[0,0],"7":[0,0],"8":[0,0],"9":[0,0],"10":[0,0],"11":[0,0],"12":[0,0],"13":[0,0],"14":[0,0],"15":[0,0,0,0],"16":[0,0],"17":[0,0],"18":[0,0,0],"19":[0,0],"20":[0,0],"21":[0,0],"22":[0,0],"23":[0,0],"24":[0,0],"25":[0,0],"26":[0,0],"27":[0,0],"28":[0,0],"29":[0,0],"30":[0,0],"31":[0,0],"32":[0,0],"33":[0,0],"34":[0,0],"35":[0,0,0,0,0],"36":[0,0],"37":[0,0],"38":[0,0],"39":[0,0],"40":[0,0],"41":[0,0],"42":[0,0],"43":[0,0],"44":[0,0],"45":[0,0],"46":[0,0],"47":[0,0],"48":[0,0],"49":[0,0,0],"50":[0,0],"51":[0,0],"52":[0,0],"53":[0,0],"54":[0,0],"55":[0,0],"56":[0,0],"57":[0,0,0,0],"58":[0,0],"59":[0,0],"60":[0,0],"61":[0,0],"62":[0,0],"63":[0,0],"64":[0,0],"65":[0,0],"66":[0,0],"67":[0,0],"68":[0,0],"69":[0,0],"70":[0,0],"71":[0,0],"72":[0,0,0],"73":[0,0,0,0,0,0],"74":[0,0],"75":[0,0],"76":[0,0],"77":[0,0],"78":[0,0],"79":[0,0],"80":[0,0,0],"81":[0,0],"82":[0,0],"83":[0,0],"84":[0,0],"85":[0,0],"86":[0,2],"87":[0,0],"88":[0,5],"89":[0,0,0,0,0],"90":[0,0],"91":[0,0]},"inputSourceMap":{"version":3,"names":["requireAuth","req","res","next","token","cookies","jwt","verify","err","decodedToken","console","log","message","status","json","statusCode","requireAdmin","headers","Authorization","redirect","User","findById","id","user","email"],"sourceRoot":"C:\\Users\\Acer\\Desktop\\apis\\es6 joseph brand\\src\\middleware\\","sources":["authMiddleware.js"],"sourcesContent":["import jwt from 'jsonwebtoken'\r\nimport  User from '../models/User.js'\r\n\r\n\r\nconst requireAuth = (req, res, next) => {\r\n    const token = req.cookies.token \r\n  // check json web token exists & is verified\r\n  if (token) {\r\n    jwt.verify(token, 'my name is joseph', (err, decodedToken) => {\r\n      if (err) {\r\n        console.log(err.message);\r\n        res.status(200).json({\r\n          statusCode: 200,\r\n          message: \"logged in successfully\"\r\n        });\r\n      } else {       \r\n        next();\r\n      }\r\n    });\r\n  } else {\r\n    res.status(403).json({\r\n      statusCode: 403,     \r\n      message:'you are not logged in'\r\n    });\r\n  }\r\n};\r\n// check current user\r\n\r\n//require admin\r\nconst requireAdmin = (req, res, next) => {\r\n  const token = req.headers.Authorization ;\r\n// check json web token exists & is verified\r\nif (token) {\r\n  jwt.verify(token, 'my name is joseph', async (err, decodedToken) => {\r\n    if (err) {\r\n      console.log(err.message);\r\n      res.redirect('/login');\r\n    } else {\r\n      console.log(decodedToken);\r\n      let user = await User.findById(decodedToken.id);\r\n      if(user.email == 'joseph@gmail.com')   \r\n      {      \r\n      next();      \r\n      }\r\n      else{\r\n      res.status(403).json({\r\n        statusCode: 403,        \r\n        message: \"you are not the admin\"\r\n      })\r\n      }\r\n      \r\n    }\r\n  });\r\n} else {\r\n  res.status(404).json({\r\n    statusCode: 404,\r\n    message:'you are not logged in'\r\n  });\r\n}\r\n};\r\n\r\n//require admin\r\n\r\n\r\n\r\n\r\nexport { requireAuth};\r\nexport {requireAdmin };\r\n"],"mappings":";;;;;;;AAAA;AACA;AAAqC;AAAA,+CAArC;AAAA;AAAA;AAGA,IAAMA,WAAW,GAAG,SAAdA,WAAW,CAAIC,GAAG,EAAEC,GAAG,EAAEC,IAAI,EAAK;EACpC,IAAMC,KAAK,GAAGH,GAAG,CAACI,OAAO,CAACD,KAAK;EACjC;EACA,IAAIA,KAAK,EAAE;IACTE,wBAAG,CAACC,MAAM,CAACH,KAAK,EAAE,mBAAmB,EAAE,UAACI,GAAG,EAAEC,YAAY,EAAK;MAC5D,IAAID,GAAG,EAAE;QACPE,OAAO,CAACC,GAAG,CAACH,GAAG,CAACI,OAAO,CAAC;QACxBV,GAAG,CAACW,MAAM,CAAC,GAAG,CAAC,CAACC,IAAI,CAAC;UACnBC,UAAU,EAAE,GAAG;UACfH,OAAO,EAAE;QACX,CAAC,CAAC;MACJ,CAAC,MAAM;QACLT,IAAI,EAAE;MACR;IACF,CAAC,CAAC;EACJ,CAAC,MAAM;IACLD,GAAG,CAACW,MAAM,CAAC,GAAG,CAAC,CAACC,IAAI,CAAC;MACnBC,UAAU,EAAE,GAAG;MACfH,OAAO,EAAC;IACV,CAAC,CAAC;EACJ;AACF,CAAC;AACD;;AAEA;AAAA;AACA,IAAMI,YAAY,GAAG,SAAfA,YAAY,CAAIf,GAAG,EAAEC,GAAG,EAAEC,IAAI,EAAK;EACvC,IAAMC,KAAK,GAAGH,GAAG,CAACgB,OAAO,CAACC,aAAa;EACzC;EACA,IAAId,KAAK,EAAE;IACTE,wBAAG,CAACC,MAAM,CAACH,KAAK,EAAE,mBAAmB;MAAA,sEAAE,iBAAOI,GAAG,EAAEC,YAAY;QAAA;QAAA;UAAA;YAAA;cAAA,KACzDD,GAAG;gBAAA;gBAAA;cAAA;cACLE,OAAO,CAACC,GAAG,CAACH,GAAG,CAACI,OAAO,CAAC;cACxBV,GAAG,CAACiB,QAAQ,CAAC,QAAQ,CAAC;cAAC;cAAA;YAAA;cAEvBT,OAAO,CAACC,GAAG,CAACF,YAAY,CAAC;cAAC;cAAA,OACTW,gBAAI,CAACC,QAAQ,CAACZ,YAAY,CAACa,EAAE,CAAC;YAAA;cAA3CC,IAAI;cACR,IAAGA,IAAI,CAACC,KAAK,IAAI,kBAAkB,EACnC;gBACArB,IAAI,EAAE;cACN,CAAC,MACG;gBACJD,GAAG,CAACW,MAAM,CAAC,GAAG,CAAC,CAACC,IAAI,CAAC;kBACnBC,UAAU,EAAE,GAAG;kBACfH,OAAO,EAAE;gBACX,CAAC,CAAC;cACF;YAAC;YAAA;cAAA;UAAA;QAAA;MAAA,CAGJ;MAAA;QAAA;MAAA;IAAA,IAAC;EACJ,CAAC,MAAM;IACLV,GAAG,CAACW,MAAM,CAAC,GAAG,CAAC,CAACC,IAAI,CAAC;MACnBC,UAAU,EAAE,GAAG;MACfH,OAAO,EAAC;IACV,CAAC,CAAC;EACJ;AACA,CAAC;;AAED;AAAA"},"_coverageSchema":"1a1c01bbd47fc00a2c39e90264f33305004495a9","hash":"81cd02d5959d8e12c250e5e2a3c8a67cb4f81231","contentHash":"fdad39d3308311592483e24541be5e9ddb5b3516a351adcb56f6d83fa0895cc2"},"C:\\Users\\Acer\\Desktop\\apis\\es6 joseph brand\\src\\routes\\admin.js":{"path":"C:\\Users\\Acer\\Desktop\\apis\\es6 joseph brand\\src\\routes\\admin.js","statementMap":{"0":{"start":{"line":3,"column":0},"end":{"line":5,"column":3}},"1":{"start":{"line":6,"column":0},"end":{"line":6,"column":28}},"2":{"start":{"line":7,"column":15},"end":{"line":7,"column":57}},"3":{"start":{"line":8,"column":23},"end":{"line":8,"column":91}},"4":{"start":{"line":9,"column":22},"end":{"line":9,"column":64}},"5":{"start":{"line":10,"column":39},"end":{"line":10,"column":95}},"6":{"start":{"line":11,"column":13},"end":{"line":11,"column":39}},"7":{"start":{"line":98,"column":0},"end":{"line":98,"column":98}},"8":{"start":{"line":99,"column":0},"end":{"line":99,"column":98}},"9":{"start":{"line":100,"column":0},"end":{"line":100,"column":102}},"10":{"start":{"line":101,"column":0},"end":{"line":101,"column":107}},"11":{"start":{"line":102,"column":0},"end":{"line":102,"column":105}},"12":{"start":{"line":103,"column":0},"end":{"line":103,"column":60}},"13":{"start":{"line":104,"column":0},"end":{"line":104,"column":77}},"14":{"start":{"line":105,"column":0},"end":{"line":105,"column":101}},"15":{"start":{"line":106,"column":0},"end":{"line":106,"column":95}},"16":{"start":{"line":107,"column":0},"end":{"line":107,"column":113}},"17":{"start":{"line":108,"column":15},"end":{"line":108,"column":21}},"18":{"start":{"line":109,"column":0},"end":{"line":109,"column":30}}},"fnMap":{"0":{"name":"_interopRequireDefault","decl":{"start":{"line":10,"column":9},"end":{"line":10,"column":31}},"loc":{"start":{"line":10,"column":37},"end":{"line":10,"column":97}},"line":10},"1":{"name":"(anonymous_1)","decl":{"start":{"line":103,"column":44},"end":{"line":103,"column":45}},"loc":{"start":{"line":103,"column":56},"end":{"line":103,"column":58}},"line":103},"2":{"name":"(anonymous_2)","decl":{"start":{"line":104,"column":61},"end":{"line":104,"column":62}},"loc":{"start":{"line":104,"column":73},"end":{"line":104,"column":75}},"line":104}},"branchMap":{"0":{"loc":{"start":{"line":10,"column":46},"end":{"line":10,"column":94}},"type":"cond-expr","locations":[{"start":{"line":10,"column":70},"end":{"line":10,"column":73}},{"start":{"line":10,"column":76},"end":{"line":10,"column":94}}],"line":10},"1":{"loc":{"start":{"line":10,"column":46},"end":{"line":10,"column":67}},"type":"binary-expr","locations":[{"start":{"line":10,"column":46},"end":{"line":10,"column":49}},{"start":{"line":10,"column":53},"end":{"line":10,"column":67}}],"line":10}},"s":{"0":1,"1":1,"2":1,"3":1,"4":1,"5":2,"6":1,"7":1,"8":1,"9":1,"10":1,"11":1,"12":1,"13":1,"14":1,"15":1,"16":1,"17":1,"18":1},"f":{"0":2,"1":0,"2":0},"b":{"0":[1,1],"1":[2,2]},"inputSourceMap":{"version":3,"names":["router","express","get","requireAdmin","Admin","getAllBlogs","post","CreateBlog","patch","EditBlogs","DeleteBlog","getlikes","getContacts","getUsers","Deletemessage"],"sourceRoot":"C:\\Users\\Acer\\Desktop\\apis\\es6 joseph brand\\src\\routes\\","sources":["admin.js"],"sourcesContent":["import express from 'express'\r\nconst router = express()\r\nimport  Admin from '../controllers/admincontroller.js'\r\nimport { requireAdmin, requireAuth } from '../middleware/authMiddleware.js'\r\n\r\n\r\n\r\n/**\r\n * @swagger\r\n * /admin/blogs:\r\n *   post:\r\n *     tags:\r\n *       - Admin\r\n *     summary: creating a blog\r\n *     requestBody:\r\n *        required: true\r\n *        content:\r\n *           application/json:\r\n *              schema:\r\n *                 type: object\r\n *                 required:                    \r\n *                    - title\r\n *                    - body                    \r\n *                 properties:                 \r\n *                    title:\r\n *                      type: string\r\n *                    body:\r\n *                      type: string\r\n *                   \r\n *     responses:\r\n *       201:\r\n *             description: Blog saved successfully\r\n *       400:\r\n *             description: you are not the admin.\r\n * */\r\n\r\n/**\r\n * @swagger\r\n * /admin/blog/{id}:\r\n *   delete:\r\n *     tags:\r\n *       - Admin\r\n *     summary: Delete a blog\r\n *     consumes:\r\n *       - application/json\r\n *     parameters:\r\n *       - name: id\r\n *         in: path\r\n *         required: true\r\n *     responses:\r\n *       200:\r\n *             description: Successfully Deleted.\r\n *       400:\r\n *             description: Bad request.\r\n *       401:\r\n *             description: unauthorized\r\n * */\r\n\r\n/**\r\n * @swagger\r\n * /admin/blog/{id}:\r\n *   patch:\r\n *     tags:\r\n *       - Admin\r\n *     summary: Update a blog\r\n *     content:\r\n *       - application/json\r\n *     parameters:\r\n *       - title: auth\r\n *         in: header\r\n *         required: true\r\n *       - name: id\r\n *         in: path\r\n *         required: true\r\n *       - name: body\r\n *         in: body\r\n *         schema:\r\n *             properties:\r\n *                Author:\r\n *                 type: string\r\n *                Title:\r\n *                 type: string\r\n *                Content:\r\n *                 type: string\r\n *     responses:\r\n *       200:\r\n *             description: Blog successfully updated.\r\n *       400:\r\n *             description: Bad request.\r\n *       401:\r\n *             description: unauthorized\r\n * */\r\n\r\nrouter.get('/admin/blogs',requireAdmin,Admin.getAllBlogs)\r\nrouter.post('/admin/blogs',requireAdmin,Admin.CreateBlog)\r\nrouter.patch('/admin/blogs/:id',requireAdmin,Admin.EditBlogs)\r\nrouter.delete('/admin/blogs/:id',requireAdmin,Admin.DeleteBlog)\r\nrouter.get('/admin/blogs/:id/likes',requireAdmin,Admin.getlikes)\r\nrouter.get('/admin/blogs/:blogid/comments',()=>{})\r\nrouter.delete('/admin/blogs/:blogid/comments/:commentId',()=>{})\r\nrouter.get('/admin/messages',requireAdmin,Admin.getContacts)\r\nrouter.get('/admin/users',requireAdmin,Admin.getUsers)\r\nrouter.delete('/admin/messages/:id',requireAdmin,Admin.Deletemessage)\r\n\r\n\r\nexport default router\r\n\r\n"],"mappings":";;;;;;AAAA;AAEA;AACA;AAA2E;AAF3E,IAAMA,MAAM,GAAG,IAAAC,mBAAO,GAAE;AAMxB;AACA;AACA;AACA;AACA;AACA;AACA;AACA;AACA;AACA;AACA;AACA;AACA;AACA;AACA;AACA;AACA;AACA;AACA;AACA;AACA;AACA;AACA;AACA;AACA;AACA;AACA;AACA;;AAEA;AACA;AACA;AACA;AACA;AACA;AACA;AACA;AACA;AACA;AACA;AACA;AACA;AACA;AACA;AACA;AACA;AACA;AACA;AACA;AACA;;AAEA;AACA;AACA;AACA;AACA;AACA;AACA;AACA;AACA;AACA;AACA;AACA;AACA;AACA;AACA;AACA;AACA;AACA;AACA;AACA;AACA;AACA;AACA;AACA;AACA;AACA;AACA;AACA;AACA;AACA;AACA;AACA;AACA;AACA;;AAEAD,MAAM,CAACE,GAAG,CAAC,cAAc,EAACC,4BAAY,EAACC,2BAAK,CAACC,WAAW,CAAC;AACzDL,MAAM,CAACM,IAAI,CAAC,cAAc,EAACH,4BAAY,EAACC,2BAAK,CAACG,UAAU,CAAC;AACzDP,MAAM,CAACQ,KAAK,CAAC,kBAAkB,EAACL,4BAAY,EAACC,2BAAK,CAACK,SAAS,CAAC;AAC7DT,MAAM,UAAO,CAAC,kBAAkB,EAACG,4BAAY,EAACC,2BAAK,CAACM,UAAU,CAAC;AAC/DV,MAAM,CAACE,GAAG,CAAC,wBAAwB,EAACC,4BAAY,EAACC,2BAAK,CAACO,QAAQ,CAAC;AAChEX,MAAM,CAACE,GAAG,CAAC,+BAA+B,EAAC,YAAI,CAAC,CAAC,CAAC;AAClDF,MAAM,UAAO,CAAC,0CAA0C,EAAC,YAAI,CAAC,CAAC,CAAC;AAChEA,MAAM,CAACE,GAAG,CAAC,iBAAiB,EAACC,4BAAY,EAACC,2BAAK,CAACQ,WAAW,CAAC;AAC5DZ,MAAM,CAACE,GAAG,CAAC,cAAc,EAACC,4BAAY,EAACC,2BAAK,CAACS,QAAQ,CAAC;AACtDb,MAAM,UAAO,CAAC,qBAAqB,EAACG,4BAAY,EAACC,2BAAK,CAACU,aAAa,CAAC;AAAA,eAGtDd,MAAM;AAAA"},"_coverageSchema":"1a1c01bbd47fc00a2c39e90264f33305004495a9","hash":"efcc3b055cd678dc24a422a7199bc7b5d3af0ee5","contentHash":"05be7f9eebc1ebb5211dfb1efe7287e7610ccd4bcb092cf2992917c8724200be"},"C:\\Users\\Acer\\Desktop\\apis\\es6 joseph brand\\src\\routes\\contactme.js":{"path":"C:\\Users\\Acer\\Desktop\\apis\\es6 joseph brand\\src\\routes\\contactme.js","statementMap":{"0":{"start":{"line":3,"column":0},"end":{"line":5,"column":3}},"1":{"start":{"line":6,"column":0},"end":{"line":6,"column":28}},"2":{"start":{"line":7,"column":15},"end":{"line":7,"column":57}},"3":{"start":{"line":8,"column":22},"end":{"line":8,"column":89}},"4":{"start":{"line":9,"column":39},"end":{"line":9,"column":95}},"5":{"start":{"line":10,"column":13},"end":{"line":10,"column":41}},"6":{"start":{"line":11,"column":0},"end":{"line":11,"column":63}},"7":{"start":{"line":12,"column":15},"end":{"line":12,"column":21}},"8":{"start":{"line":13,"column":0},"end":{"line":13,"column":30}}},"fnMap":{"0":{"name":"_interopRequireDefault","decl":{"start":{"line":9,"column":9},"end":{"line":9,"column":31}},"loc":{"start":{"line":9,"column":37},"end":{"line":9,"column":97}},"line":9}},"branchMap":{"0":{"loc":{"start":{"line":9,"column":46},"end":{"line":9,"column":94}},"type":"cond-expr","locations":[{"start":{"line":9,"column":70},"end":{"line":9,"column":73}},{"start":{"line":9,"column":76},"end":{"line":9,"column":94}}],"line":9},"1":{"loc":{"start":{"line":9,"column":46},"end":{"line":9,"column":67}},"type":"binary-expr","locations":[{"start":{"line":9,"column":46},"end":{"line":9,"column":49}},{"start":{"line":9,"column":53},"end":{"line":9,"column":67}}],"line":9}},"s":{"0":1,"1":1,"2":1,"3":1,"4":2,"5":1,"6":1,"7":1,"8":1},"f":{"0":2},"b":{"0":[1,1],"1":[2,2]},"inputSourceMap":{"version":3,"names":["router","express","Router","post","Blogcontroller","addMessage"],"sourceRoot":"C:\\Users\\Acer\\Desktop\\apis\\es6 joseph brand\\src\\routes\\","sources":["contactme.js"],"sourcesContent":["import express from \"express\"\r\nimport Blogcontroller from \"../controllers/blogcontroller.js\"\r\nconst router = express.Router()\r\n\r\nrouter.post('/contact',Blogcontroller.addMessage)\r\n\r\nexport default router"],"mappings":";;;;;;AAAA;AACA;AAA6D;AAC7D,IAAMA,MAAM,GAAGC,mBAAO,CAACC,MAAM,EAAE;AAE/BF,MAAM,CAACG,IAAI,CAAC,UAAU,EAACC,0BAAc,CAACC,UAAU,CAAC;AAAA,eAElCL,MAAM;AAAA"},"_coverageSchema":"1a1c01bbd47fc00a2c39e90264f33305004495a9","hash":"d0f4b13d8d1cfed9030f6a93388648c754935864","contentHash":"cb72856f28ab93705e62b60960539137476b719429a1e79657317879737e10d6"}}